[driver 20:29:11] waiting for adapter to load ... (0s, health=None)
[driver 20:30:12] waiting for adapter to load ... (60s, health={'adapter': 'hy-worldplay', 'loading': True, 'pipeline_loaded': False, 'error': None})
[driver 20:31:12] waiting for adapter to load ... (120s, health={'adapter': 'hy-worldplay', 'loading': True, 'pipeline_loaded': False, 'error': None})
[driver 20:32:12] waiting for adapter to load ... (180s, health={'adapter': 'hy-worldplay', 'loading': True, 'pipeline_loaded': False, 'error': None})
[driver 20:33:12] waiting for adapter to load ... (240s, health={'adapter': 'hy-worldplay', 'loading': True, 'pipeline_loaded': False, 'error': None})
[driver 20:34:12] waiting for adapter to load ... (300s, health={'adapter': 'hy-worldplay', 'loading': True, 'pipeline_loaded': False, 'error': None})
[driver 20:35:12] waiting for adapter to load ... (360s, health={'adapter': 'hy-worldplay', 'loading': True, 'pipeline_loaded': False, 'error': None})
[driver 20:36:12] waiting for adapter to load ... (420s, health={'adapter': 'hy-worldplay', 'loading': True, 'pipeline_loaded': False, 'error': None})
[driver 20:37:12] waiting for adapter to load ... (480s, health={'adapter': 'hy-worldplay', 'loading': True, 'pipeline_loaded': False, 'error': None})
[driver 20:38:12] waiting for adapter to load ... (540s, health={'adapter': 'hy-worldplay', 'loading': True, 'pipeline_loaded': False, 'error': None})
[driver 20:39:12] waiting for adapter to load ... (601s, health={'adapter': 'hy-worldplay', 'loading': True, 'pipeline_loaded': False, 'error': None})
[driver 20:40:12] waiting for adapter to load ... (661s, health={'adapter': 'hy-worldplay', 'loading': True, 'pipeline_loaded': False, 'error': None})
[driver 20:41:12] waiting for adapter to load ... (721s, health={'adapter': 'hy-worldplay', 'loading': True, 'pipeline_loaded': False, 'error': None})
[driver 20:42:12] waiting for adapter to load ... (781s, health={'adapter': 'hy-worldplay', 'loading': True, 'pipeline_loaded': False, 'error': None})
[driver 20:43:12] waiting for adapter to load ... (841s, health={'adapter': 'hy-worldplay', 'loading': True, 'pipeline_loaded': False, 'error': None})
[driver 20:44:13] waiting for adapter to load ... (902s, health={'adapter': 'hy-worldplay', 'loading': True, 'pipeline_loaded': False, 'error': None})
[driver 20:45:14] waiting for adapter to load ... (962s, health={'adapter': 'hy-worldplay', 'loading': True, 'pipeline_loaded': False, 'error': None})
[driver 20:46:14] waiting for adapter to load ... (1022s, health={'adapter': 'hy-worldplay', 'loading': True, 'pipeline_loaded': False, 'error': None})
[driver 20:47:14] waiting for adapter to load ... (1082s, health={'adapter': 'hy-worldplay', 'loading': True, 'pipeline_loaded': False, 'error': None})
[driver 20:48:14] waiting for adapter to load ... (1142s, health={'adapter': 'hy-worldplay', 'loading': True, 'pipeline_loaded': False, 'error': None})
[driver 20:49:14] waiting for adapter to load ... (1203s, health={'adapter': 'hy-worldplay', 'loading': True, 'pipeline_loaded': False, 'error': None})
[driver 20:50:14] waiting for adapter to load ... (1263s, health={'adapter': 'hy-worldplay', 'loading': True, 'pipeline_loaded': False, 'error': None})
[driver 20:51:14] waiting for adapter to load ... (1323s, health={'adapter': 'hy-worldplay', 'loading': True, 'pipeline_loaded': False, 'error': None})
[driver 20:52:14] waiting for adapter to load ... (1383s, health={'adapter': 'hy-worldplay', 'loading': True, 'pipeline_loaded': False, 'error': None})
[driver 20:53:14] waiting for adapter to load ... (1443s, health={'adapter': 'hy-worldplay', 'loading': True, 'pipeline_loaded': False, 'error': None})
[driver 20:54:14] waiting for adapter to load ... (1503s, health={'adapter': 'hy-worldplay', 'loading': True, 'pipeline_loaded': False, 'error': None})
[driver 20:55:14] waiting for adapter to load ... (1563s, health={'adapter': 'hy-worldplay', 'loading': True, 'pipeline_loaded': False, 'error': None})
[driver 20:56:14] waiting for adapter to load ... (1623s, health={'adapter': 'hy-worldplay', 'loading': True, 'pipeline_loaded': False, 'error': None})
[driver 20:57:14] waiting for adapter to load ... (1683s, health={'adapter': 'hy-worldplay', 'loading': True, 'pipeline_loaded': False, 'error': None})
[driver 20:58:14] waiting for adapter to load ... (1743s, health={'adapter': 'hy-worldplay', 'loading': True, 'pipeline_loaded': False, 'error': None})
[driver 20:59:14] waiting for adapter to load ... (1803s, health={'adapter': 'hy-worldplay', 'loading': True, 'pipeline_loaded': False, 'error': None})
[driver 21:00:14] waiting for adapter to load ... (1863s, health={'adapter': 'hy-worldplay', 'loading': True, 'pipeline_loaded': False, 'error': None})
[driver 21:01:14] waiting for adapter to load ... (1923s, health={'adapter': 'hy-worldplay', 'loading': True, 'pipeline_loaded': False, 'error': None})
[driver 21:02:14] waiting for adapter to load ... (1983s, health={'adapter': 'hy-worldplay', 'loading': True, 'pipeline_loaded': False, 'error': None})
[driver 21:03:14] waiting for adapter to load ... (2043s, health={'adapter': 'hy-worldplay', 'loading': True, 'pipeline_loaded': False, 'error': None})
[driver 21:04:14] waiting for adapter to load ... (2103s, health={'adapter': 'hy-worldplay', 'loading': True, 'pipeline_loaded': False, 'error': None})
[driver 21:05:14] waiting for adapter to load ... (2163s, health={'adapter': 'hy-worldplay', 'loading': True, 'pipeline_loaded': False, 'error': None})
[driver 21:06:14] waiting for adapter to load ... (2223s, health={'adapter': 'hy-worldplay', 'loading': True, 'pipeline_loaded': False, 'error': None})
[driver 21:07:14] waiting for adapter to load ... (2283s, health={'adapter': 'hy-worldplay', 'loading': True, 'pipeline_loaded': False, 'error': None})
[driver 21:08:14] waiting for adapter to load ... (2343s, health={'adapter': 'hy-worldplay', 'loading': True, 'pipeline_loaded': False, 'error': None})
[driver 21:09:14] waiting for adapter to load ... (2403s, health={'adapter': 'hy-worldplay', 'loading': True, 'pipeline_loaded': False, 'error': None})
[driver 21:10:14] waiting for adapter to load ... (2463s, health={'adapter': 'hy-worldplay', 'loading': True, 'pipeline_loaded': False, 'error': None})
[driver 21:11:14] waiting for adapter to load ... (2523s, health={'adapter': 'hy-worldplay', 'loading': True, 'pipeline_loaded': False, 'error': None})
[driver 21:12:15] waiting for adapter to load ... (2583s, health={'adapter': 'hy-worldplay', 'loading': True, 'pipeline_loaded': False, 'error': None})
[driver 21:13:15] waiting for adapter to load ... (2643s, health={'adapter': 'hy-worldplay', 'loading': True, 'pipeline_loaded': False, 'error': None})
[driver 21:14:15] waiting for adapter to load ... (2704s, health={'adapter': 'hy-worldplay', 'loading': True, 'pipeline_loaded': False, 'error': None})
[driver 21:15:16] waiting for adapter to load ... (2764s, health={'adapter': 'hy-worldplay', 'loading': True, 'pipeline_loaded': False, 'error': None})
[driver 21:16:16] adapter 'hy-worldplay' ready after 2825s
[driver 21:16:16] === session hy_ar_clip: 12 action(s), expecting 12 segment(s)
[driver 21:16:16] session id 6491de78
[driver 21:16:16] queued 12 action(s)
[driver 21:16:16] status: Ready: HY-WorldPlay ar adapter.
[driver 21:16:16] generating: camera=U move=W
[driver 21:21:43] segment 0 done (327s elapsed)
[driver 21:21:43] generating: camera=U move=W
[driver 21:26:49] segment 1 done (633s elapsed)
[driver 21:26:49] generating: camera=U move=W
[driver 21:31:55] segment 2 done (939s elapsed)
[driver 21:31:55] generating: camera=L move=Q
[driver 21:37:00] segment 3 done (1244s elapsed)
[driver 21:37:00] generating: camera=L move=Q
[driver 21:42:05] segment 4 done (1549s elapsed)
[driver 21:42:05] generating: camera=L move=Q
[driver 21:47:10] segment 5 done (1854s elapsed)
[driver 21:47:10] generating: camera=U move=W
[driver 21:52:22] segment 6 done (2166s elapsed)
[driver 21:52:22] generating: camera=U move=W
[driver 21:57:32] segment 7 done (2476s elapsed)
[driver 21:57:32] generating: camera=U move=W
[driver 22:02:37] segment 8 done (2781s elapsed)
[driver 22:02:37] generating: camera=U move=S
[driver 22:07:42] segment 9 done (3086s elapsed)
[driver 22:07:42] generating: camera=U move=S
[driver 22:12:48] segment 10 done (3392s elapsed)
[driver 22:12:48] generating: camera=U move=S
[driver 22:17:54] segment 11 done (3698s elapsed)
[driver 22:17:59] saved /mnt/nfs/home/yumingl/workspace/PI/WM/baselines/demo_sample29_outputs/videos_demo_79/hy_ar_clip.mp4 (from hy_worldplay_ar_6491de78.mp4, 10.4 MB)
[driver 22:17:59] === session hy_ar_whole: 1 action(s), expecting 1 segment(s)
[driver 22:17:59] session id 170fb6cb
[driver 22:17:59] queued 1 action(s)
[driver 22:17:59] status: Ready: HY-WorldPlay ar adapter.
[driver 22:17:59] generating: w-90,l-90,w-90,s-90
[driver 23:33:14] segment 0 done (4516s elapsed)
[driver 23:33:20] saved /mnt/nfs/home/yumingl/workspace/PI/WM/baselines/demo_sample29_outputs/videos_demo_79/hy_ar_whole.mp4 (from hy_worldplay_ar_170fb6cb.mp4, 30.9 MB)
