[driver 20:43:11] waiting for adapter to load ... (0s, health=None)
[driver 20:44:11] waiting for adapter to load ... (60s, health=None)
[driver 20:45:13] waiting for adapter to load ... (122s, health={'adapter': 'hy-worldplay', 'loading': True, 'pipeline_loaded': False, 'error': None})
[driver 20:46:14] waiting for adapter to load ... (182s, health={'adapter': 'hy-worldplay', 'loading': True, 'pipeline_loaded': False, 'error': None})
[driver 20:47:14] waiting for adapter to load ... (242s, health={'adapter': 'hy-worldplay', 'loading': True, 'pipeline_loaded': False, 'error': None})
[driver 20:48:14] waiting for adapter to load ... (302s, health={'adapter': 'hy-worldplay', 'loading': True, 'pipeline_loaded': False, 'error': None})
[driver 20:49:14] waiting for adapter to load ... (362s, health={'adapter': 'hy-worldplay', 'loading': True, 'pipeline_loaded': False, 'error': None})
[driver 20:50:14] waiting for adapter to load ... (422s, health={'adapter': 'hy-worldplay', 'loading': True, 'pipeline_loaded': False, 'error': None})
[driver 20:51:14] waiting for adapter to load ... (483s, health={'adapter': 'hy-worldplay', 'loading': True, 'pipeline_loaded': False, 'error': None})
[driver 20:52:14] waiting for adapter to load ... (543s, health={'adapter': 'hy-worldplay', 'loading': True, 'pipeline_loaded': False, 'error': None})
[driver 20:53:14] waiting for adapter to load ... (603s, health={'adapter': 'hy-worldplay', 'loading': True, 'pipeline_loaded': False, 'error': None})
[driver 20:54:14] waiting for adapter to load ... (663s, health={'adapter': 'hy-worldplay', 'loading': True, 'pipeline_loaded': False, 'error': None})
[driver 20:55:14] waiting for adapter to load ... (723s, health={'adapter': 'hy-worldplay', 'loading': True, 'pipeline_loaded': False, 'error': None})
[driver 20:56:14] waiting for adapter to load ... (783s, health={'adapter': 'hy-worldplay', 'loading': True, 'pipeline_loaded': False, 'error': None})
[driver 20:57:14] waiting for adapter to load ... (843s, health={'adapter': 'hy-worldplay', 'loading': True, 'pipeline_loaded': False, 'error': None})
[driver 20:58:14] waiting for adapter to load ... (903s, health={'adapter': 'hy-worldplay', 'loading': True, 'pipeline_loaded': False, 'error': None})
[driver 20:59:14] waiting for adapter to load ... (963s, health={'adapter': 'hy-worldplay', 'loading': True, 'pipeline_loaded': False, 'error': None})
[driver 21:00:14] waiting for adapter to load ... (1023s, health={'adapter': 'hy-worldplay', 'loading': True, 'pipeline_loaded': False, 'error': None})
[driver 21:01:14] waiting for adapter to load ... (1083s, health={'adapter': 'hy-worldplay', 'loading': True, 'pipeline_loaded': False, 'error': None})
[driver 21:02:14] waiting for adapter to load ... (1143s, health={'adapter': 'hy-worldplay', 'loading': True, 'pipeline_loaded': False, 'error': None})
[driver 21:03:14] waiting for adapter to load ... (1203s, health={'adapter': 'hy-worldplay', 'loading': True, 'pipeline_loaded': False, 'error': None})
[driver 21:04:14] waiting for adapter to load ... (1263s, health={'adapter': 'hy-worldplay', 'loading': True, 'pipeline_loaded': False, 'error': None})
[driver 21:05:14] waiting for adapter to load ... (1323s, health={'adapter': 'hy-worldplay', 'loading': True, 'pipeline_loaded': False, 'error': None})
[driver 21:06:15] waiting for adapter to load ... (1384s, health={'adapter': 'hy-worldplay', 'loading': True, 'pipeline_loaded': False, 'error': None})
[driver 21:07:15] waiting for adapter to load ... (1444s, health={'adapter': 'hy-worldplay', 'loading': True, 'pipeline_loaded': False, 'error': None})
[driver 21:08:15] waiting for adapter to load ... (1504s, health={'adapter': 'hy-worldplay', 'loading': True, 'pipeline_loaded': False, 'error': None})
[driver 21:09:15] waiting for adapter to load ... (1564s, health={'adapter': 'hy-worldplay', 'loading': True, 'pipeline_loaded': False, 'error': None})
[driver 21:10:15] waiting for adapter to load ... (1624s, health={'adapter': 'hy-worldplay', 'loading': True, 'pipeline_loaded': False, 'error': None})
[driver 21:11:15] waiting for adapter to load ... (1684s, health={'adapter': 'hy-worldplay', 'loading': True, 'pipeline_loaded': False, 'error': None})
[driver 21:12:15] waiting for adapter to load ... (1744s, health={'adapter': 'hy-worldplay', 'loading': True, 'pipeline_loaded': False, 'error': None})
[driver 21:13:15] waiting for adapter to load ... (1804s, health={'adapter': 'hy-worldplay', 'loading': True, 'pipeline_loaded': False, 'error': None})
[driver 21:14:15] waiting for adapter to load ... (1864s, health={'adapter': 'hy-worldplay', 'loading': True, 'pipeline_loaded': False, 'error': None})
[driver 21:15:15] waiting for adapter to load ... (1924s, health={'adapter': 'hy-worldplay', 'loading': True, 'pipeline_loaded': False, 'error': None})
[driver 21:16:15] waiting for adapter to load ... (1984s, health={'adapter': 'hy-worldplay', 'loading': True, 'pipeline_loaded': False, 'error': None})
[driver 21:17:16] waiting for adapter to load ... (2044s, health={'adapter': 'hy-worldplay', 'loading': True, 'pipeline_loaded': False, 'error': None})
[driver 21:17:51] adapter 'hy-worldplay' ready after 2079s
[driver 21:17:51] === session hy_bi_clip05: 112 action(s), expecting 112 segment(s)
[driver 21:17:51] session id b348e248
[driver 21:17:51] queued 112 action(s)
[driver 21:17:53] status: Ready: HY-WorldPlay bi adapter.
[driver 21:17:54] generating: camera=U move=W
[driver 21:20:13] segment 0 done (142s elapsed)
[driver 21:20:13] generating: camera=U move=W
[driver 21:20:16] segment 1 done (145s elapsed)
[driver 21:20:16] generating: camera=U move=W
[driver 21:20:19] segment 2 done (148s elapsed)
[driver 21:20:19] generating: camera=U move=W
[driver 21:20:22] segment 3 done (151s elapsed)
[driver 21:20:22] generating: camera=U move=W
[driver 21:20:26] segment 4 done (155s elapsed)
[driver 21:20:26] generating: camera=U move=W
[driver 21:20:31] segment 5 done (159s elapsed)
[driver 21:20:31] generating: camera=U move=W
[driver 21:20:36] segment 6 done (165s elapsed)
[driver 21:20:36] generating: camera=U move=W
[driver 21:20:40] segment 7 done (168s elapsed)
[driver 21:20:40] generating: camera=U move=W
[driver 21:20:45] segment 8 done (173s elapsed)
[driver 21:20:45] generating: camera=U move=W
[driver 21:20:50] segment 9 done (179s elapsed)
[driver 21:20:50] generating: camera=U move=W
[driver 21:20:56] segment 10 done (185s elapsed)
[driver 21:20:56] generating: camera=U move=W
[driver 21:21:01] segment 11 done (190s elapsed)
[driver 21:21:01] generating: camera=U move=W
[driver 21:21:08] segment 12 done (197s elapsed)
[driver 21:21:08] generating: camera=U move=W
[driver 21:21:13] segment 13 done (202s elapsed)
[driver 21:21:13] generating: camera=U move=W
[driver 21:21:18] segment 14 done (207s elapsed)
[driver 21:21:18] generating: camera=U move=W
[driver 21:21:22] segment 15 done (211s elapsed)
[driver 21:21:22] generating: camera=U move=W
[driver 21:21:24] segment 16 done (213s elapsed)
[driver 21:21:24] generating: camera=U move=W
[driver 21:21:26] segment 17 done (215s elapsed)
[driver 21:21:26] generating: camera=U move=W
[driver 21:21:28] segment 18 done (217s elapsed)
[driver 21:21:28] generating: camera=U move=W
[driver 21:21:30] segment 19 done (219s elapsed)
[driver 21:21:30] generating: camera=U move=W
[driver 21:21:32] segment 20 done (221s elapsed)
[driver 21:21:32] generating: camera=U move=W
[driver 21:21:35] segment 21 done (223s elapsed)
[driver 21:21:35] generating: camera=U move=W
[driver 21:21:37] segment 22 done (226s elapsed)
[driver 21:21:37] generating: camera=U move=W
[driver 21:21:39] segment 23 done (228s elapsed)
[driver 21:21:39] generating: camera=U move=W
[driver 21:21:41] segment 24 done (230s elapsed)
[driver 21:21:41] generating: camera=U move=W
[driver 21:21:44] segment 25 done (233s elapsed)
[driver 21:21:44] generating: camera=U move=W
[driver 21:21:46] segment 26 done (235s elapsed)
[driver 21:21:46] generating: camera=U move=W
[driver 21:21:49] segment 27 done (237s elapsed)
[driver 21:21:49] generating: camera=L move=Q
[driver 21:21:51] segment 28 done (240s elapsed)
[driver 21:21:51] generating: camera=L move=Q
[driver 21:21:54] segment 29 done (242s elapsed)
[driver 21:21:54] generating: camera=L move=Q
[driver 21:21:59] segment 30 done (248s elapsed)
[driver 21:21:59] generating: camera=L move=Q
[driver 21:22:09] segment 31 done (258s elapsed)
[driver 21:22:09] generating: camera=L move=Q
[driver 21:22:14] segment 32 done (263s elapsed)
[driver 21:22:14] generating: camera=L move=Q
[driver 21:22:25] segment 33 done (274s elapsed)
[driver 21:22:25] generating: camera=L move=Q
[driver 21:22:30] segment 34 done (279s elapsed)
[driver 21:22:30] generating: camera=L move=Q
[driver 21:22:39] segment 35 done (288s elapsed)
[driver 21:22:39] generating: camera=L move=Q
[driver 21:22:50] segment 36 done (299s elapsed)
[driver 21:22:50] generating: camera=L move=Q
[driver 21:23:00] segment 37 done (309s elapsed)
[driver 21:23:00] generating: camera=L move=Q
[driver 21:23:10] segment 38 done (319s elapsed)
[driver 21:23:10] generating: camera=L move=Q
[driver 21:23:16] segment 39 done (325s elapsed)
[driver 21:23:16] generating: camera=L move=Q
[driver 21:23:20] segment 40 done (329s elapsed)
[driver 21:23:21] generating: camera=L move=Q
[driver 21:23:25] segment 41 done (334s elapsed)
[driver 21:23:25] generating: camera=L move=Q
[driver 21:23:29] segment 42 done (338s elapsed)
[driver 21:23:29] generating: camera=L move=Q
[driver 21:23:41] segment 43 done (350s elapsed)
[driver 21:23:41] generating: camera=L move=Q
[driver 21:23:47] segment 44 done (356s elapsed)
[driver 21:23:47] generating: camera=L move=Q
[driver 21:23:58] segment 45 done (367s elapsed)
[driver 21:23:58] generating: camera=L move=Q
[driver 21:24:11] segment 46 done (380s elapsed)
[driver 21:24:11] generating: camera=L move=Q
[driver 21:24:25] segment 47 done (393s elapsed)
[driver 21:24:25] generating: camera=L move=Q
[driver 21:24:37] segment 48 done (406s elapsed)
[driver 21:24:37] generating: camera=L move=Q
[driver 21:24:43] segment 49 done (412s elapsed)
[driver 21:24:43] generating: camera=L move=Q
[driver 21:24:56] segment 50 done (425s elapsed)
[driver 21:24:56] generating: camera=L move=Q
[driver 21:25:01] segment 51 done (430s elapsed)
[driver 21:25:01] generating: camera=L move=Q
[driver 21:25:06] segment 52 done (435s elapsed)
[driver 21:25:06] generating: camera=L move=Q
[driver 21:25:23] segment 53 done (452s elapsed)
[driver 21:25:23] generating: camera=L move=Q
[driver 21:25:28] segment 54 done (456s elapsed)
[driver 21:25:28] generating: camera=L move=Q
[driver 21:25:43] segment 55 done (472s elapsed)
[driver 21:25:43] generating: camera=U move=W
[driver 21:26:01] segment 56 done (490s elapsed)
[driver 21:26:01] generating: camera=U move=W
[driver 21:26:18] segment 57 done (506s elapsed)
[driver 21:26:18] generating: camera=U move=W
[driver 21:26:33] segment 58 done (522s elapsed)
[driver 21:26:33] generating: camera=U move=W
[driver 21:26:39] segment 59 done (528s elapsed)
[driver 21:26:39] generating: camera=U move=W
[driver 21:26:44] segment 60 done (532s elapsed)
[driver 21:26:44] generating: camera=U move=W
[driver 21:27:00] segment 61 done (549s elapsed)
[driver 21:27:00] generating: camera=U move=W
[driver 21:27:06] segment 62 done (555s elapsed)
[driver 21:27:06] generating: camera=U move=W
[driver 21:27:22] segment 63 done (571s elapsed)
[driver 21:27:22] generating: camera=U move=W
[driver 21:27:28] segment 64 done (577s elapsed)
[driver 21:27:28] generating: camera=U move=W
[driver 21:27:34] segment 65 done (583s elapsed)
[driver 21:27:34] generating: camera=U move=W
[driver 21:27:40] segment 66 done (589s elapsed)
[driver 21:27:40] generating: camera=U move=W
[driver 21:27:57] segment 67 done (606s elapsed)
[driver 21:27:57] generating: camera=U move=W
[driver 21:28:14] segment 68 done (623s elapsed)
[driver 21:28:14] generating: camera=U move=W
[driver 21:28:22] segment 69 done (631s elapsed)
[driver 21:28:22] generating: camera=U move=W
[driver 21:28:38] segment 70 done (647s elapsed)
[driver 21:28:38] generating: camera=U move=W
[driver 21:28:44] segment 71 done (653s elapsed)
[driver 21:28:44] generating: camera=U move=W
[driver 21:28:50] segment 72 done (659s elapsed)
[driver 21:28:50] generating: camera=U move=W
[driver 21:29:11] segment 73 done (680s elapsed)
[driver 21:29:11] generating: camera=U move=W
[driver 21:29:17] segment 74 done (685s elapsed)
[driver 21:29:17] generating: camera=U move=W
[driver 21:29:22] segment 75 done (691s elapsed)
[driver 21:29:22] generating: camera=U move=W
[driver 21:29:28] segment 76 done (697s elapsed)
[driver 21:29:28] generating: camera=U move=W
[driver 21:29:47] segment 77 done (716s elapsed)
[driver 21:29:47] generating: camera=U move=W
[driver 21:29:53] segment 78 done (722s elapsed)
[driver 21:29:53] generating: camera=U move=W
[driver 21:29:58] segment 79 done (727s elapsed)
[driver 21:29:58] generating: camera=U move=W
[driver 21:30:17] segment 80 done (746s elapsed)
[driver 21:30:17] generating: camera=U move=W
[driver 21:30:36] segment 81 done (765s elapsed)
[driver 21:30:36] generating: camera=U move=W
[driver 21:30:58] segment 82 done (787s elapsed)
[driver 21:30:58] generating: camera=U move=W
[driver 21:31:04] segment 83 done (793s elapsed)
[driver 21:31:04] generating: camera=U move=S
[driver 21:31:10] segment 84 done (799s elapsed)
[driver 21:31:10] generating: camera=U move=S
[driver 21:31:17] segment 85 done (806s elapsed)
[driver 21:31:17] generating: camera=U move=S
[driver 21:31:33] segment 86 done (822s elapsed)
[driver 21:31:33] generating: camera=U move=S
[driver 21:31:39] segment 87 done (828s elapsed)
[driver 21:31:39] generating: camera=U move=S
[driver 21:32:00] segment 88 done (849s elapsed)
[driver 21:32:00] generating: camera=U move=S
[driver 21:32:06] segment 89 done (855s elapsed)
[driver 21:32:06] generating: camera=U move=S
[driver 21:32:28] segment 90 done (877s elapsed)
[driver 21:32:28] generating: camera=U move=S
[driver 21:32:35] segment 91 done (884s elapsed)
[driver 21:32:35] generating: camera=U move=S
[driver 21:32:41] segment 92 done (890s elapsed)
[driver 21:32:41] generating: camera=U move=S
[driver 21:33:09] segment 93 done (918s elapsed)
[driver 21:33:09] generating: camera=U move=S
[driver 21:33:27] segment 94 done (936s elapsed)
[driver 21:33:27] generating: camera=U move=S
[driver 21:33:34] segment 95 done (942s elapsed)
[driver 21:33:34] generating: camera=U move=S
[driver 21:33:40] segment 96 done (949s elapsed)
[driver 21:33:40] generating: camera=U move=S
[driver 21:34:06] segment 97 done (975s elapsed)
[driver 21:34:06] generating: camera=U move=S
[driver 21:34:30] segment 98 done (999s elapsed)
[driver 21:34:30] generating: camera=U move=S
[driver 21:34:36] segment 99 done (1005s elapsed)
[driver 21:34:36] generating: camera=U move=S
[driver 21:34:42] segment 100 done (1011s elapsed)
[driver 21:34:42] generating: camera=U move=S
[driver 21:34:49] segment 101 done (1017s elapsed)
[driver 21:34:49] generating: camera=U move=S
[driver 21:34:55] segment 102 done (1024s elapsed)
[driver 21:34:55] generating: camera=U move=S
[driver 21:35:01] segment 103 done (1030s elapsed)
[driver 21:35:01] generating: camera=U move=S
[driver 21:35:07] segment 104 done (1036s elapsed)
[driver 21:35:07] generating: camera=U move=S
[driver 21:35:14] segment 105 done (1043s elapsed)
[driver 21:35:14] generating: camera=U move=S
[driver 21:35:21] segment 106 done (1050s elapsed)
[driver 21:35:21] generating: camera=U move=S
[driver 21:35:28] segment 107 done (1057s elapsed)
[driver 21:35:28] generating: camera=U move=S
[driver 21:35:35] segment 108 done (1064s elapsed)
[driver 21:35:35] generating: camera=U move=S
[driver 21:35:42] segment 109 done (1070s elapsed)
[driver 21:35:42] generating: camera=U move=S
[driver 21:35:49] segment 110 done (1078s elapsed)
[driver 21:35:49] generating: camera=U move=S
[driver 21:35:56] segment 111 done (1085s elapsed)
[driver 21:36:02] saved /mnt/nfs/home/yumingl/workspace/PI/WM/baselines/demo_sample29_outputs/videos_demo_79/hy_bi_clip05.mp4 (from hy_worldplay_bi_b348e248.mp4, 47.5 MB)
