[driver 01:28:45] waiting for adapter to load ... (0s, health=None)
[driver 01:29:45] waiting for adapter to load ... (60s, health={'adapter': 'dreamx-world', 'loading': True, 'pipeline_loaded': False, 'error': None})
[driver 01:30:45] waiting for adapter to load ... (120s, health={'adapter': 'dreamx-world', 'loading': True, 'pipeline_loaded': False, 'error': None})
[driver 01:31:45] waiting for adapter to load ... (180s, health={'adapter': 'dreamx-world', 'loading': True, 'pipeline_loaded': False, 'error': None})
[driver 01:32:45] waiting for adapter to load ... (240s, health={'adapter': 'dreamx-world', 'loading': True, 'pipeline_loaded': False, 'error': None})
[driver 01:33:45] waiting for adapter to load ... (300s, health={'adapter': 'dreamx-world', 'loading': True, 'pipeline_loaded': False, 'error': None})
[driver 01:34:45] waiting for adapter to load ... (360s, health={'adapter': 'dreamx-world', 'loading': True, 'pipeline_loaded': False, 'error': None})
[driver 01:35:35] adapter 'dreamx-world' ready after 410s
[driver 01:35:35] === session dreamx_ar_clip: 12 action(s), expecting 12 segment(s)
[driver 01:35:35] session id f470dbbc
[driver 01:35:35] queued 12 action(s)
[driver 01:35:35] status: Ready: DreamX-World ar adapter.
[driver 01:35:35] generating: camera=U move=W (w@6)
[driver 01:36:06] segment 0 done (31s elapsed)
[driver 01:36:06] generating: camera=U move=W (w@6)
[driver 01:36:36] segment 1 done (61s elapsed)
[driver 01:36:36] generating: camera=U move=W (w@6)
[driver 01:37:09] segment 2 done (94s elapsed)
[driver 01:37:09] generating: camera=L move=Q (l@6)
[driver 01:37:42] segment 3 done (127s elapsed)
[driver 01:37:42] generating: camera=L move=Q (l@6)
[driver 01:38:15] segment 4 done (160s elapsed)
[driver 01:38:15] generating: camera=L move=Q (l@6)
[driver 01:38:47] segment 5 done (192s elapsed)
[driver 01:38:47] generating: camera=U move=W (w@6)
[driver 01:39:20] segment 6 done (225s elapsed)
[driver 01:39:20] generating: camera=U move=W (w@6)
[driver 01:39:54] segment 7 done (259s elapsed)
[driver 01:39:54] generating: camera=U move=W (w@6)
[driver 01:40:30] segment 8 done (295s elapsed)
[driver 01:40:30] generating: camera=U move=S (s@6)
[driver 01:41:06] segment 9 done (331s elapsed)
[driver 01:41:06] generating: camera=U move=S (s@6)
[driver 01:41:42] segment 10 done (367s elapsed)
[driver 01:41:42] generating: camera=U move=S (s@6)
[driver 01:42:19] segment 11 done (404s elapsed)
[driver 01:42:25] saved /mnt/nfs/home/yumingl/workspace/PI/WM/baselines/demo_sample29_outputs/videos_demo_79/dreamx_ar_clip.mp4 (from dreamx_world_ar_f470dbbc.mp4, 98.5 MB)
