[driver 22:22:32] waiting for adapter to load ... (0s, health=None)
[driver 22:23:32] waiting for adapter to load ... (60s, health={'adapter': 'lingbot-world', 'loading': True, 'pipeline_loaded': False, 'error': None})
[driver 22:24:32] waiting for adapter to load ... (120s, health={'adapter': 'lingbot-world', 'loading': True, 'pipeline_loaded': False, 'error': None})
[driver 22:25:33] waiting for adapter to load ... (180s, health={'adapter': 'lingbot-world', 'loading': True, 'pipeline_loaded': False, 'error': None})
[driver 22:26:33] waiting for adapter to load ... (240s, health={'adapter': 'lingbot-world', 'loading': True, 'pipeline_loaded': False, 'error': None})
[driver 22:27:33] waiting for adapter to load ... (300s, health={'adapter': 'lingbot-world', 'loading': True, 'pipeline_loaded': False, 'error': None})
[driver 22:28:33] waiting for adapter to load ... (360s, health={'adapter': 'lingbot-world', 'loading': True, 'pipeline_loaded': False, 'error': None})
[driver 22:29:33] waiting for adapter to load ... (420s, health={'adapter': 'lingbot-world', 'loading': True, 'pipeline_loaded': False, 'error': None})
[driver 22:30:33] waiting for adapter to load ... (480s, health={'adapter': 'lingbot-world', 'loading': True, 'pipeline_loaded': False, 'error': None})
[driver 22:31:33] waiting for adapter to load ... (540s, health={'adapter': 'lingbot-world', 'loading': True, 'pipeline_loaded': False, 'error': None})
[driver 22:32:33] waiting for adapter to load ... (600s, health={'adapter': 'lingbot-world', 'loading': True, 'pipeline_loaded': False, 'error': None})
[driver 22:33:33] waiting for adapter to load ... (661s, health={'adapter': 'lingbot-world', 'loading': True, 'pipeline_loaded': False, 'error': None})
[driver 22:34:33] waiting for adapter to load ... (721s, health={'adapter': 'lingbot-world', 'loading': True, 'pipeline_loaded': False, 'error': None})
[driver 22:35:33] waiting for adapter to load ... (781s, health={'adapter': 'lingbot-world', 'loading': True, 'pipeline_loaded': False, 'error': None})
[driver 22:36:33] waiting for adapter to load ... (841s, health={'adapter': 'lingbot-world', 'loading': True, 'pipeline_loaded': False, 'error': None})
[driver 22:37:33] waiting for adapter to load ... (901s, health={'adapter': 'lingbot-world', 'loading': True, 'pipeline_loaded': False, 'error': None})
[driver 22:38:33] waiting for adapter to load ... (961s, health={'adapter': 'lingbot-world', 'loading': True, 'pipeline_loaded': False, 'error': None})
[driver 22:39:33] waiting for adapter to load ... (1021s, health={'adapter': 'lingbot-world', 'loading': True, 'pipeline_loaded': False, 'error': None})
[driver 22:40:33] waiting for adapter to load ... (1081s, health={'adapter': 'lingbot-world', 'loading': True, 'pipeline_loaded': False, 'error': None})
[driver 22:41:33] waiting for adapter to load ... (1141s, health={'adapter': 'lingbot-world', 'loading': True, 'pipeline_loaded': False, 'error': None})
[driver 22:42:33] waiting for adapter to load ... (1201s, health={'adapter': 'lingbot-world', 'loading': True, 'pipeline_loaded': False, 'error': None})
[driver 22:43:33] waiting for adapter to load ... (1261s, health={'adapter': 'lingbot-world', 'loading': True, 'pipeline_loaded': False, 'error': None})
[driver 22:44:33] waiting for adapter to load ... (1321s, health={'adapter': 'lingbot-world', 'loading': True, 'pipeline_loaded': False, 'error': None})
[driver 22:45:33] waiting for adapter to load ... (1381s, health={'adapter': 'lingbot-world', 'loading': True, 'pipeline_loaded': False, 'error': None})
[driver 22:46:33] waiting for adapter to load ... (1441s, health={'adapter': 'lingbot-world', 'loading': True, 'pipeline_loaded': False, 'error': None})
[driver 22:47:33] waiting for adapter to load ... (1501s, health={'adapter': 'lingbot-world', 'loading': True, 'pipeline_loaded': False, 'error': None})
[driver 22:48:33] waiting for adapter to load ... (1561s, health={'adapter': 'lingbot-world', 'loading': True, 'pipeline_loaded': False, 'error': None})
[driver 22:49:34] waiting for adapter to load ... (1621s, health={'adapter': 'lingbot-world', 'loading': True, 'pipeline_loaded': False, 'error': None})
[driver 22:50:14] adapter 'lingbot-world' ready after 1661s
[driver 22:50:14] === session lingbot_large_clip: 20 action(s), expecting 20 segment(s)
[driver 22:50:14] session id 35712f2d
[driver 22:50:14] queued 20 action(s)
[driver 22:50:14] status: Ready: LingBot-World base adapter.
[driver 22:50:14] generating: camera=U move=W
[driver 22:52:19] segment 0 done (125s elapsed)
[driver 22:52:19] generating: camera=U move=W
[driver 22:54:18] segment 1 done (244s elapsed)
[driver 22:54:18] generating: camera=U move=W
[driver 22:56:19] segment 2 done (365s elapsed)
[driver 22:56:19] generating: camera=U move=W
[driver 22:58:16] segment 3 done (482s elapsed)
[driver 22:58:16] generating: camera=U move=W
[driver 23:00:10] segment 4 done (597s elapsed)
[driver 23:00:10] generating: camera=L move=Q
[driver 23:02:07] segment 5 done (714s elapsed)
[driver 23:02:07] generating: camera=L move=Q
[driver 23:04:05] segment 6 done (831s elapsed)
[driver 23:04:05] generating: camera=L move=Q
[driver 23:06:01] segment 7 done (947s elapsed)
[driver 23:06:01] generating: camera=L move=Q
[driver 23:07:56] segment 8 done (1063s elapsed)
[driver 23:07:56] generating: camera=L move=Q
[driver 23:09:51] segment 9 done (1177s elapsed)
[driver 23:09:51] generating: camera=U move=W
[driver 23:11:46] segment 10 done (1292s elapsed)
[driver 23:11:46] generating: camera=U move=W
[driver 23:13:42] segment 11 done (1409s elapsed)
[driver 23:13:42] generating: camera=U move=W
[driver 23:15:39] segment 12 done (1526s elapsed)
[driver 23:15:39] generating: camera=U move=W
[driver 23:17:36] segment 13 done (1642s elapsed)
[driver 23:17:36] generating: camera=U move=W
[driver 23:19:33] segment 14 done (1759s elapsed)
[driver 23:19:33] generating: camera=U move=S
[driver 23:21:32] segment 15 done (1879s elapsed)
[driver 23:21:32] generating: camera=U move=S
[driver 23:23:31] segment 16 done (1997s elapsed)
[driver 23:23:31] generating: camera=U move=S
[driver 23:25:29] segment 17 done (2115s elapsed)
[driver 23:25:29] generating: camera=U move=S
[driver 23:27:28] segment 18 done (2235s elapsed)
[driver 23:27:28] generating: camera=U move=S
[driver 23:29:29] segment 19 done (2355s elapsed)
[driver 23:29:34] saved /mnt/nfs/home/yumingl/workspace/PI/WM/baselines/demo_sample29_outputs/videos_demo_79/lingbot_large_clip.mp4 (from lingbot_world_large_35712f2d.mp4, 61.6 MB)
