[driver 20:29:12] waiting for adapter to load ... (0s, health=None)
[driver 20:30:12] waiting for adapter to load ... (60s, health={'adapter': 'sana-wm', 'loading': True, 'pipeline_loaded': False, 'error': None})
[driver 20:31:13] waiting for adapter to load ... (121s, health={'adapter': 'sana-wm', 'loading': True, 'pipeline_loaded': False, 'error': None})
[driver 20:32:13] waiting for adapter to load ... (181s, health={'adapter': 'sana-wm', 'loading': True, 'pipeline_loaded': False, 'error': None})
[driver 20:33:13] waiting for adapter to load ... (241s, health={'adapter': 'sana-wm', 'loading': True, 'pipeline_loaded': False, 'error': None})
[driver 20:34:13] waiting for adapter to load ... (301s, health={'adapter': 'sana-wm', 'loading': True, 'pipeline_loaded': False, 'error': None})
[driver 20:35:13] waiting for adapter to load ... (361s, health={'adapter': 'sana-wm', 'loading': True, 'pipeline_loaded': False, 'error': None})
[driver 20:36:13] waiting for adapter to load ... (421s, health={'adapter': 'sana-wm', 'loading': True, 'pipeline_loaded': False, 'error': None})
[driver 20:37:13] waiting for adapter to load ... (481s, health={'adapter': 'sana-wm', 'loading': True, 'pipeline_loaded': False, 'error': None})
[driver 20:38:13] waiting for adapter to load ... (541s, health={'adapter': 'sana-wm', 'loading': True, 'pipeline_loaded': False, 'error': None})
[driver 20:39:13] waiting for adapter to load ... (601s, health={'adapter': 'sana-wm', 'loading': True, 'pipeline_loaded': False, 'error': None})
[driver 20:40:13] waiting for adapter to load ... (661s, health={'adapter': 'sana-wm', 'loading': True, 'pipeline_loaded': False, 'error': None})
[driver 20:41:13] waiting for adapter to load ... (721s, health={'adapter': 'sana-wm', 'loading': True, 'pipeline_loaded': False, 'error': None})
[driver 20:42:13] waiting for adapter to load ... (781s, health={'adapter': 'sana-wm', 'loading': True, 'pipeline_loaded': False, 'error': None})
[driver 20:43:13] waiting for adapter to load ... (841s, health={'adapter': 'sana-wm', 'loading': True, 'pipeline_loaded': False, 'error': None})
[driver 20:44:13] waiting for adapter to load ... (901s, health={'adapter': 'sana-wm', 'loading': True, 'pipeline_loaded': False, 'error': None})
[driver 20:45:13] waiting for adapter to load ... (961s, health={'adapter': 'sana-wm', 'loading': True, 'pipeline_loaded': False, 'error': None})
[driver 20:46:13] waiting for adapter to load ... (1021s, health={'adapter': 'sana-wm', 'loading': True, 'pipeline_loaded': False, 'error': None})
[driver 20:47:13] waiting for adapter to load ... (1081s, health={'adapter': 'sana-wm', 'loading': True, 'pipeline_loaded': False, 'error': None})
[driver 20:48:13] waiting for adapter to load ... (1141s, health={'adapter': 'sana-wm', 'loading': True, 'pipeline_loaded': False, 'error': None})
[driver 20:49:13] waiting for adapter to load ... (1201s, health={'adapter': 'sana-wm', 'loading': True, 'pipeline_loaded': False, 'error': None})
[driver 20:50:13] waiting for adapter to load ... (1261s, health={'adapter': 'sana-wm', 'loading': True, 'pipeline_loaded': False, 'error': None})
[driver 20:51:13] waiting for adapter to load ... (1321s, health={'adapter': 'sana-wm', 'loading': True, 'pipeline_loaded': False, 'error': None})
[driver 20:52:13] waiting for adapter to load ... (1381s, health={'adapter': 'sana-wm', 'loading': True, 'pipeline_loaded': False, 'error': None})
[driver 20:53:13] waiting for adapter to load ... (1441s, health={'adapter': 'sana-wm', 'loading': True, 'pipeline_loaded': False, 'error': None})
[driver 20:54:13] waiting for adapter to load ... (1501s, health={'adapter': 'sana-wm', 'loading': True, 'pipeline_loaded': False, 'error': None})
[driver 20:55:13] waiting for adapter to load ... (1561s, health={'adapter': 'sana-wm', 'loading': True, 'pipeline_loaded': False, 'error': None})
[driver 20:56:14] waiting for adapter to load ... (1621s, health={'adapter': 'sana-wm', 'loading': True, 'pipeline_loaded': False, 'error': None})
[driver 20:57:14] waiting for adapter to load ... (1681s, health={'adapter': 'sana-wm', 'loading': True, 'pipeline_loaded': False, 'error': None})
[driver 20:58:14] waiting for adapter to load ... (1741s, health={'adapter': 'sana-wm', 'loading': True, 'pipeline_loaded': False, 'error': None})
[driver 20:59:14] waiting for adapter to load ... (1802s, health={'adapter': 'sana-wm', 'loading': True, 'pipeline_loaded': False, 'error': None})
[driver 21:00:14] waiting for adapter to load ... (1862s, health={'adapter': 'sana-wm', 'loading': True, 'pipeline_loaded': False, 'error': None})
[driver 21:01:14] waiting for adapter to load ... (1922s, health={'adapter': 'sana-wm', 'loading': True, 'pipeline_loaded': False, 'error': None})
[driver 21:02:14] waiting for adapter to load ... (1982s, health={'adapter': 'sana-wm', 'loading': True, 'pipeline_loaded': False, 'error': None})
[driver 21:03:14] waiting for adapter to load ... (2042s, health={'adapter': 'sana-wm', 'loading': True, 'pipeline_loaded': False, 'error': None})
[driver 21:04:14] waiting for adapter to load ... (2102s, health={'adapter': 'sana-wm', 'loading': True, 'pipeline_loaded': False, 'error': None})
[driver 21:05:14] waiting for adapter to load ... (2162s, health={'adapter': 'sana-wm', 'loading': True, 'pipeline_loaded': False, 'error': None})
[driver 21:06:14] waiting for adapter to load ... (2222s, health={'adapter': 'sana-wm', 'loading': True, 'pipeline_loaded': False, 'error': None})
[driver 21:07:14] waiting for adapter to load ... (2282s, health={'adapter': 'sana-wm', 'loading': True, 'pipeline_loaded': False, 'error': None})
[driver 21:08:14] waiting for adapter to load ... (2342s, health={'adapter': 'sana-wm', 'loading': True, 'pipeline_loaded': False, 'error': None})
[driver 21:09:14] waiting for adapter to load ... (2402s, health={'adapter': 'sana-wm', 'loading': True, 'pipeline_loaded': False, 'error': None})
[driver 21:09:29] adapter 'sana-wm' ready after 2417s
[driver 21:09:29] === session sana_wm_bidirectional_clip: 20 action(s), expecting 20 segment(s)
[driver 21:09:29] session id a07e37a1
[driver 21:09:29] queued 20 action(s)
[driver 21:09:29] status: Estimating image intrinsics with Pi3X...
[driver 21:11:56] status: Estimated FOV: H=81.8 deg V=51.0 deg.
[driver 21:11:56] generating: 
[driver 21:16:43] segment 0 done (434s elapsed)
[driver 21:16:43] generating: 
[driver 21:17:23] segment 1 done (474s elapsed)
[driver 21:17:23] generating: 
[driver 21:18:03] segment 2 done (514s elapsed)
[driver 21:18:03] generating: 
[driver 21:18:42] segment 3 done (553s elapsed)
[driver 21:18:42] generating: 
[driver 21:19:21] segment 4 done (592s elapsed)
[driver 21:19:21] generating: 
[driver 21:20:01] segment 5 done (632s elapsed)
[driver 21:20:01] generating: 
[driver 21:20:40] segment 6 done (671s elapsed)
[driver 21:20:40] generating: 
[driver 21:21:20] segment 7 done (711s elapsed)
[driver 21:21:20] generating: 
[driver 21:21:59] segment 8 done (750s elapsed)
[driver 21:21:59] generating: 
[driver 21:22:39] segment 9 done (790s elapsed)
[driver 21:22:39] generating: 
[driver 21:23:19] segment 10 done (830s elapsed)
[driver 21:23:19] generating: 
[driver 21:23:59] segment 11 done (870s elapsed)
[driver 21:23:59] generating: 
[driver 21:24:38] segment 12 done (909s elapsed)
[driver 21:24:38] generating: 
[driver 21:25:17] segment 13 done (948s elapsed)
[driver 21:25:17] generating: 
[driver 21:25:55] segment 14 done (986s elapsed)
[driver 21:25:55] generating: 
[driver 21:26:33] segment 15 done (1024s elapsed)
[driver 21:26:33] generating: 
[driver 21:27:10] segment 16 done (1061s elapsed)
[driver 21:27:10] generating: 
[driver 21:27:48] segment 17 done (1099s elapsed)
[driver 21:27:48] generating: 
[driver 21:28:25] segment 18 done (1136s elapsed)
[driver 21:28:25] generating: 
[driver 21:29:01] segment 19 done (1172s elapsed)
[driver 21:29:07] saved /mnt/nfs/home/yumingl/workspace/PI/WM/baselines/demo_sample29_outputs/videos_demo_79/sana_wm_bidirectional_clip.mp4 (from sana_wm_refiner_on_a07e37a1.mp4, 21.7 MB)
[driver 21:29:07] === session sana_wm_bidirectional_whole: 1 action(s), expecting 1 segment(s)
[driver 21:29:07] session id 47df0867
[driver 21:29:07] queued 1 action(s)
[driver 21:29:07] status: Estimating image intrinsics with Pi3X...
[driver 21:29:22] status: Estimated FOV: H=81.8 deg V=51.0 deg.
[driver 21:29:22] generating: w-240,l-240,w-240,s-240
[driver 21:44:17] segment 0 done (910s elapsed)
[driver 21:44:22] saved /mnt/nfs/home/yumingl/workspace/PI/WM/baselines/demo_sample29_outputs/videos_demo_79/sana_wm_bidirectional_whole.mp4 (from sana_wm_refiner_on_47df0867.mp4, 50.6 MB)
