[driver 04:22:22] waiting for adapter to load ... (0s, health=None)
[driver 04:23:22] waiting for adapter to load ... (60s, health=None)
[driver 04:24:22] waiting for adapter to load ... (120s, health=None)
[driver 04:25:22] waiting for adapter to load ... (180s, health=None)
[driver 04:26:22] waiting for adapter to load ... (240s, health=None)
[driver 04:27:22] waiting for adapter to load ... (300s, health=None)
[driver 04:28:22] waiting for adapter to load ... (360s, health=None)
[driver 04:29:22] waiting for adapter to load ... (420s, health=None)
[driver 04:30:22] waiting for adapter to load ... (480s, health=None)
[driver 04:31:22] waiting for adapter to load ... (540s, health=None)
[driver 04:32:22] waiting for adapter to load ... (600s, health=None)
[driver 04:33:22] waiting for adapter to load ... (660s, health=None)
[driver 04:34:22] waiting for adapter to load ... (720s, health=None)
[driver 04:35:22] waiting for adapter to load ... (780s, health=None)
[driver 04:36:22] waiting for adapter to load ... (840s, health=None)
[driver 04:37:22] waiting for adapter to load ... (900s, health=None)
[driver 04:38:22] waiting for adapter to load ... (960s, health=None)
[driver 04:39:22] waiting for adapter to load ... (1020s, health=None)
[driver 04:40:22] waiting for adapter to load ... (1080s, health=None)
[driver 04:41:22] waiting for adapter to load ... (1140s, health=None)
[driver 04:42:22] waiting for adapter to load ... (1200s, health=None)
[driver 04:43:22] waiting for adapter to load ... (1260s, health=None)
[driver 04:44:12] adapter 'lingbot-world' ready after 1310s
[driver 04:44:12] === session lingbot_large_whole: 1 action(s), expecting 1 segment(s)
[driver 04:44:12] session id 66a35917
[driver 04:44:12] queued 1 action(s)
[driver 04:44:12] status: Ready: LingBot-World base adapter.
[driver 04:44:12] generating: w-240,l-240,w-240,s-240
[driver 05:40:09] segment 0 done (3358s elapsed)
[driver 05:40:15] saved /mnt/nfs/home/yumingl/workspace/PI/WM/baselines/demo_sample29_outputs/videos_demo_42/lingbot_large_whole.mp4 (from lingbot_world_large_66a35917.mp4, 81.3 MB)
