[driver 20:43:12] waiting for adapter to load ... (0s, health=None)
[driver 20:44:12] waiting for adapter to load ... (60s, health={'adapter': 'lingbot-world', 'loading': True, 'pipeline_loaded': False, 'error': None})
[driver 20:45:13] waiting for adapter to load ... (120s, health={'adapter': 'lingbot-world', 'loading': True, 'pipeline_loaded': False, 'error': None})
[driver 20:46:13] waiting for adapter to load ... (180s, health={'adapter': 'lingbot-world', 'loading': True, 'pipeline_loaded': False, 'error': None})
[driver 20:47:13] waiting for adapter to load ... (240s, health={'adapter': 'lingbot-world', 'loading': True, 'pipeline_loaded': False, 'error': None})
[driver 20:48:13] waiting for adapter to load ... (300s, health={'adapter': 'lingbot-world', 'loading': True, 'pipeline_loaded': False, 'error': None})
[driver 20:49:13] waiting for adapter to load ... (360s, health={'adapter': 'lingbot-world', 'loading': True, 'pipeline_loaded': False, 'error': None})
[driver 20:50:13] waiting for adapter to load ... (420s, health={'adapter': 'lingbot-world', 'loading': True, 'pipeline_loaded': False, 'error': None})
[driver 20:51:13] waiting for adapter to load ... (480s, health={'adapter': 'lingbot-world', 'loading': True, 'pipeline_loaded': False, 'error': None})
[driver 20:52:13] waiting for adapter to load ... (540s, health={'adapter': 'lingbot-world', 'loading': True, 'pipeline_loaded': False, 'error': None})
[driver 20:53:13] waiting for adapter to load ... (600s, health={'adapter': 'lingbot-world', 'loading': True, 'pipeline_loaded': False, 'error': None})
[driver 20:54:13] waiting for adapter to load ... (660s, health={'adapter': 'lingbot-world', 'loading': True, 'pipeline_loaded': False, 'error': None})
[driver 20:55:13] waiting for adapter to load ... (720s, health={'adapter': 'lingbot-world', 'loading': True, 'pipeline_loaded': False, 'error': None})
[driver 20:56:13] waiting for adapter to load ... (780s, health={'adapter': 'lingbot-world', 'loading': True, 'pipeline_loaded': False, 'error': None})
[driver 20:57:13] waiting for adapter to load ... (840s, health={'adapter': 'lingbot-world', 'loading': True, 'pipeline_loaded': False, 'error': None})
[driver 20:58:13] waiting for adapter to load ... (901s, health={'adapter': 'lingbot-world', 'loading': True, 'pipeline_loaded': False, 'error': None})
[driver 20:59:13] waiting for adapter to load ... (961s, health={'adapter': 'lingbot-world', 'loading': True, 'pipeline_loaded': False, 'error': None})
[driver 21:00:13] waiting for adapter to load ... (1021s, health={'adapter': 'lingbot-world', 'loading': True, 'pipeline_loaded': False, 'error': None})
[driver 21:01:13] waiting for adapter to load ... (1081s, health={'adapter': 'lingbot-world', 'loading': True, 'pipeline_loaded': False, 'error': None})
[driver 21:02:13] waiting for adapter to load ... (1141s, health={'adapter': 'lingbot-world', 'loading': True, 'pipeline_loaded': False, 'error': None})
[driver 21:03:13] waiting for adapter to load ... (1201s, health={'adapter': 'lingbot-world', 'loading': True, 'pipeline_loaded': False, 'error': None})
[driver 21:04:13] waiting for adapter to load ... (1261s, health={'adapter': 'lingbot-world', 'loading': True, 'pipeline_loaded': False, 'error': None})
[driver 21:05:13] waiting for adapter to load ... (1321s, health={'adapter': 'lingbot-world', 'loading': True, 'pipeline_loaded': False, 'error': None})
[driver 21:06:13] waiting for adapter to load ... (1381s, health={'adapter': 'lingbot-world', 'loading': True, 'pipeline_loaded': False, 'error': None})
[driver 21:07:13] waiting for adapter to load ... (1441s, health={'adapter': 'lingbot-world', 'loading': True, 'pipeline_loaded': False, 'error': None})
[driver 21:08:13] waiting for adapter to load ... (1501s, health={'adapter': 'lingbot-world', 'loading': True, 'pipeline_loaded': False, 'error': None})
[driver 21:09:13] waiting for adapter to load ... (1561s, health={'adapter': 'lingbot-world', 'loading': True, 'pipeline_loaded': False, 'error': None})
[driver 21:10:13] waiting for adapter to load ... (1621s, health={'adapter': 'lingbot-world', 'loading': True, 'pipeline_loaded': False, 'error': None})
[driver 21:11:13] waiting for adapter to load ... (1681s, health={'adapter': 'lingbot-world', 'loading': True, 'pipeline_loaded': False, 'error': None})
[driver 21:12:13] waiting for adapter to load ... (1741s, health={'adapter': 'lingbot-world', 'loading': True, 'pipeline_loaded': False, 'error': None})
[driver 21:13:14] waiting for adapter to load ... (1802s, health={'adapter': 'lingbot-world', 'loading': True, 'pipeline_loaded': False, 'error': None})
[driver 21:14:14] waiting for adapter to load ... (1862s, health={'adapter': 'lingbot-world', 'loading': True, 'pipeline_loaded': False, 'error': None})
[driver 21:15:14] waiting for adapter to load ... (1922s, health={'adapter': 'lingbot-world', 'loading': True, 'pipeline_loaded': False, 'error': None})
[driver 21:16:14] waiting for adapter to load ... (1982s, health={'adapter': 'lingbot-world', 'loading': True, 'pipeline_loaded': False, 'error': None})
[driver 21:17:14] waiting for adapter to load ... (2042s, health={'adapter': 'lingbot-world', 'loading': True, 'pipeline_loaded': False, 'error': None})
[driver 21:18:14] waiting for adapter to load ... (2102s, health={'adapter': 'lingbot-world', 'loading': True, 'pipeline_loaded': False, 'error': None})
[driver 21:19:15] waiting for adapter to load ... (2162s, health={'adapter': 'lingbot-world', 'loading': True, 'pipeline_loaded': False, 'error': None})
[driver 21:20:15] waiting for adapter to load ... (2222s, health={'adapter': 'lingbot-world', 'loading': True, 'pipeline_loaded': False, 'error': None})
[driver 21:21:15] waiting for adapter to load ... (2282s, health={'adapter': 'lingbot-world', 'loading': True, 'pipeline_loaded': False, 'error': None})
[driver 21:22:15] waiting for adapter to load ... (2342s, health={'adapter': 'lingbot-world', 'loading': True, 'pipeline_loaded': False, 'error': None})
[driver 21:23:15] waiting for adapter to load ... (2402s, health={'adapter': 'lingbot-world', 'loading': True, 'pipeline_loaded': False, 'error': None})
[driver 21:24:15] waiting for adapter to load ... (2462s, health={'adapter': 'lingbot-world', 'loading': True, 'pipeline_loaded': False, 'error': None})
[driver 21:25:15] waiting for adapter to load ... (2522s, health={'adapter': 'lingbot-world', 'loading': True, 'pipeline_loaded': False, 'error': None})
[driver 21:26:15] waiting for adapter to load ... (2582s, health={'adapter': 'lingbot-world', 'loading': True, 'pipeline_loaded': False, 'error': None})
[driver 21:27:15] waiting for adapter to load ... (2642s, health={'adapter': 'lingbot-world', 'loading': True, 'pipeline_loaded': False, 'error': None})
[driver 21:28:15] waiting for adapter to load ... (2703s, health={'adapter': 'lingbot-world', 'loading': True, 'pipeline_loaded': False, 'error': None})
[driver 21:29:15] waiting for adapter to load ... (2763s, health={'adapter': 'lingbot-world', 'loading': True, 'pipeline_loaded': False, 'error': None})
[driver 21:30:15] waiting for adapter to load ... (2823s, health={'adapter': 'lingbot-world', 'loading': True, 'pipeline_loaded': False, 'error': None})
[driver 21:31:15] waiting for adapter to load ... (2883s, health={'adapter': 'lingbot-world', 'loading': True, 'pipeline_loaded': False, 'error': None})
[driver 21:32:15] waiting for adapter to load ... (2943s, health={'adapter': 'lingbot-world', 'loading': True, 'pipeline_loaded': False, 'error': None})
[driver 21:33:15] waiting for adapter to load ... (3003s, health={'adapter': 'lingbot-world', 'loading': True, 'pipeline_loaded': False, 'error': None})
[driver 21:34:15] waiting for adapter to load ... (3063s, health={'adapter': 'lingbot-world', 'loading': True, 'pipeline_loaded': False, 'error': None})
[driver 21:35:10] adapter 'lingbot-world' ready after 3118s
[driver 21:35:10] === session lingbot_large_clip05: 108 action(s), expecting 108 segment(s)
[driver 21:35:10] session id 35bacc12
[driver 21:35:10] queued 108 action(s)
[driver 21:35:10] status: Ready: LingBot-World base adapter.
[driver 21:35:10] generating: camera=U move=W
[driver 21:36:05] segment 0 done (55s elapsed)
[driver 21:36:05] generating: camera=U move=W
[driver 21:36:38] segment 1 done (88s elapsed)
[driver 21:36:38] generating: camera=U move=W
[driver 21:37:12] segment 2 done (122s elapsed)
[driver 21:37:12] generating: camera=U move=W
[driver 21:37:47] segment 3 done (157s elapsed)
[driver 21:37:47] generating: camera=U move=W
[driver 21:38:23] segment 4 done (192s elapsed)
[driver 21:38:23] generating: camera=U move=W
[driver 21:38:57] segment 5 done (226s elapsed)
[driver 21:38:57] generating: camera=U move=W
[driver 21:39:30] segment 6 done (259s elapsed)
[driver 21:39:30] generating: camera=U move=W
[driver 21:40:04] segment 7 done (294s elapsed)
[driver 21:40:04] generating: camera=U move=W
[driver 21:40:35] segment 8 done (325s elapsed)
[driver 21:40:35] generating: camera=U move=W
[driver 21:41:07] segment 9 done (356s elapsed)
[driver 21:41:07] generating: camera=U move=W
[driver 21:41:41] segment 10 done (391s elapsed)
[driver 21:41:41] generating: camera=U move=W
[driver 21:42:14] segment 11 done (424s elapsed)
[driver 21:42:14] generating: camera=U move=W
[driver 21:42:47] segment 12 done (457s elapsed)
[driver 21:42:47] generating: camera=U move=W
[driver 21:43:20] segment 13 done (490s elapsed)
[driver 21:43:20] generating: camera=U move=W
[driver 21:43:52] segment 14 done (522s elapsed)
[driver 21:43:52] generating: camera=U move=W
[driver 21:44:25] segment 15 done (555s elapsed)
[driver 21:44:25] generating: camera=U move=W
[driver 21:44:52] segment 16 done (582s elapsed)
[driver 21:44:52] generating: camera=U move=W
[driver 21:45:19] segment 17 done (609s elapsed)
[driver 21:45:19] generating: camera=U move=W
[driver 21:45:46] segment 18 done (636s elapsed)
[driver 21:45:46] generating: camera=U move=W
[driver 21:46:14] segment 19 done (664s elapsed)
[driver 21:46:14] generating: camera=U move=W
[driver 21:46:43] segment 20 done (693s elapsed)
[driver 21:46:43] generating: camera=U move=W
[driver 21:47:12] segment 21 done (722s elapsed)
[driver 21:47:12] generating: camera=U move=W
[driver 21:47:42] segment 22 done (752s elapsed)
[driver 21:47:42] generating: camera=U move=W
[driver 21:48:10] segment 23 done (780s elapsed)
[driver 21:48:10] generating: camera=U move=W
[driver 21:48:38] segment 24 done (808s elapsed)
[driver 21:48:38] generating: camera=U move=W
[driver 21:49:06] segment 25 done (836s elapsed)
[driver 21:49:06] generating: camera=U move=W
[driver 21:49:35] segment 26 done (865s elapsed)
[driver 21:49:35] generating: camera=L move=Q
[driver 21:50:05] segment 27 done (895s elapsed)
[driver 21:50:06] generating: camera=L move=Q
[driver 21:50:36] segment 28 done (926s elapsed)
[driver 21:50:36] generating: camera=L move=Q
[driver 21:51:07] segment 29 done (957s elapsed)
[driver 21:51:07] generating: camera=L move=Q
[driver 21:51:39] segment 30 done (988s elapsed)
[driver 21:51:39] generating: camera=L move=Q
[driver 21:52:11] segment 31 done (1020s elapsed)
[driver 21:52:11] generating: camera=L move=Q
[driver 21:52:43] segment 32 done (1053s elapsed)
[driver 21:52:43] generating: camera=L move=Q
[driver 21:53:17] segment 33 done (1087s elapsed)
[driver 21:53:17] generating: camera=L move=Q
[driver 21:53:52] segment 34 done (1122s elapsed)
[driver 21:53:52] generating: camera=L move=Q
[driver 21:54:26] segment 35 done (1156s elapsed)
[driver 21:54:26] generating: camera=L move=Q
[driver 21:55:00] segment 36 done (1189s elapsed)
[driver 21:55:00] generating: camera=L move=Q
[driver 21:55:32] segment 37 done (1222s elapsed)
[driver 21:55:32] generating: camera=L move=Q
[driver 21:56:04] segment 38 done (1254s elapsed)
[driver 21:56:04] generating: camera=L move=Q
[driver 21:56:42] segment 39 done (1291s elapsed)
[driver 21:56:42] generating: camera=L move=Q
[driver 21:57:16] segment 40 done (1325s elapsed)
[driver 21:57:16] generating: camera=L move=Q
[driver 21:57:52] segment 41 done (1362s elapsed)
[driver 21:57:52] generating: camera=L move=Q
[driver 21:58:27] segment 42 done (1397s elapsed)
[driver 21:58:27] generating: camera=L move=Q
[driver 21:58:57] segment 43 done (1426s elapsed)
[driver 21:58:57] generating: camera=L move=Q
[driver 21:59:25] segment 44 done (1455s elapsed)
[driver 21:59:25] generating: camera=L move=Q
[driver 21:59:56] segment 45 done (1486s elapsed)
[driver 21:59:56] generating: camera=L move=Q
[driver 22:00:39] segment 46 done (1529s elapsed)
[driver 22:00:39] generating: camera=L move=Q
[driver 22:01:21] segment 47 done (1571s elapsed)
[driver 22:01:21] generating: camera=L move=Q
[driver 22:02:04] segment 48 done (1614s elapsed)
[driver 22:02:04] generating: camera=L move=Q
[driver 22:02:58] segment 49 done (1668s elapsed)
[driver 22:02:58] generating: camera=L move=Q
[driver 22:03:48] segment 50 done (1718s elapsed)
[driver 22:03:48] generating: camera=L move=Q
[driver 22:04:37] segment 51 done (1767s elapsed)
[driver 22:04:37] generating: camera=L move=Q
[driver 22:05:21] segment 52 done (1810s elapsed)
[driver 22:05:21] generating: camera=L move=Q
[driver 22:06:06] segment 53 done (1856s elapsed)
[driver 22:06:06] generating: camera=U move=W
[driver 22:06:52] segment 54 done (1902s elapsed)
[driver 22:06:52] generating: camera=U move=W
[driver 22:07:36] segment 55 done (1945s elapsed)
[driver 22:07:36] generating: camera=U move=W
[driver 22:08:19] segment 56 done (1988s elapsed)
[driver 22:08:19] generating: camera=U move=W
[driver 22:08:56] segment 57 done (2026s elapsed)
[driver 22:08:56] generating: camera=U move=W
[driver 22:09:37] segment 58 done (2067s elapsed)
[driver 22:09:37] generating: camera=U move=W
[driver 22:10:21] segment 59 done (2110s elapsed)
[driver 22:10:21] generating: camera=U move=W
[driver 22:11:01] segment 60 done (2151s elapsed)
[driver 22:11:01] generating: camera=U move=W
[driver 22:11:36] segment 61 done (2186s elapsed)
[driver 22:11:36] generating: camera=U move=W
[driver 22:12:22] segment 62 done (2232s elapsed)
[driver 22:12:22] generating: camera=U move=W
[driver 22:13:06] segment 63 done (2276s elapsed)
[driver 22:13:06] generating: camera=U move=W
[driver 22:13:37] segment 64 done (2307s elapsed)
[driver 22:13:37] generating: camera=U move=W
[driver 22:14:12] segment 65 done (2342s elapsed)
[driver 22:14:12] generating: camera=U move=W
[driver 22:14:47] segment 66 done (2377s elapsed)
[driver 22:14:47] generating: camera=U move=W
[driver 22:15:31] segment 67 done (2421s elapsed)
[driver 22:15:31] generating: camera=U move=W
[driver 22:16:16] segment 68 done (2466s elapsed)
[driver 22:16:16] generating: camera=U move=W
[driver 22:17:08] segment 69 done (2518s elapsed)
[driver 22:17:08] generating: camera=U move=W
[driver 22:17:56] segment 70 done (2566s elapsed)
[driver 22:17:56] generating: camera=U move=W
[driver 22:18:42] segment 71 done (2612s elapsed)
[driver 22:18:42] generating: camera=U move=W
[driver 22:19:30] segment 72 done (2660s elapsed)
[driver 22:19:30] generating: camera=U move=W
[driver 22:20:12] segment 73 done (2702s elapsed)
[driver 22:20:12] generating: camera=U move=W
[driver 22:21:01] segment 74 done (2750s elapsed)
[driver 22:21:01] generating: camera=U move=W
[driver 22:21:34] segment 75 done (2784s elapsed)
[driver 22:21:34] generating: camera=U move=W
[driver 22:22:08] segment 76 done (2818s elapsed)
[driver 22:22:08] generating: camera=U move=W
[driver 22:22:52] segment 77 done (2861s elapsed)
[driver 22:22:52] generating: camera=U move=W
[driver 22:23:35] segment 78 done (2904s elapsed)
[driver 22:23:35] generating: camera=U move=W
[driver 22:24:07] segment 79 done (2937s elapsed)
[driver 22:24:07] generating: camera=U move=W
[driver 22:24:39] segment 80 done (2968s elapsed)
[driver 22:24:39] generating: camera=U move=S
[driver 22:25:17] segment 81 done (3007s elapsed)
[driver 22:25:17] generating: camera=U move=S
[driver 22:26:02] segment 82 done (3052s elapsed)
[driver 22:26:02] generating: camera=U move=S
[driver 22:26:42] segment 83 done (3091s elapsed)
[driver 22:26:42] generating: camera=U move=S
[driver 22:27:14] segment 84 done (3124s elapsed)
[driver 22:27:14] generating: camera=U move=S
[driver 22:27:47] segment 85 done (3157s elapsed)
[driver 22:27:47] generating: camera=U move=S
[driver 22:28:27] segment 86 done (3197s elapsed)
[driver 22:28:27] generating: camera=U move=S
[driver 22:29:13] segment 87 done (3243s elapsed)
[driver 22:29:13] generating: camera=U move=S
[driver 22:29:49] segment 88 done (3279s elapsed)
[driver 22:29:49] generating: camera=U move=S
[driver 22:30:20] segment 89 done (3310s elapsed)
[driver 22:30:20] generating: camera=U move=S
[driver 22:31:04] segment 90 done (3354s elapsed)
[driver 22:31:04] generating: camera=U move=S
[driver 22:31:47] segment 91 done (3397s elapsed)
[driver 22:31:47] generating: camera=U move=S
[driver 22:32:26] segment 92 done (3436s elapsed)
[driver 22:32:26] generating: camera=U move=S
[driver 22:33:14] segment 93 done (3484s elapsed)
[driver 22:33:14] generating: camera=U move=S
[driver 22:33:58] segment 94 done (3528s elapsed)
[driver 22:33:58] generating: camera=U move=S
[driver 22:34:52] segment 95 done (3581s elapsed)
[driver 22:34:52] generating: camera=U move=S
[driver 22:35:42] segment 96 done (3632s elapsed)
[driver 22:35:42] generating: camera=U move=S
[driver 22:36:31] segment 97 done (3681s elapsed)
[driver 22:36:31] generating: camera=U move=S
[driver 22:37:22] segment 98 done (3731s elapsed)
[driver 22:37:22] generating: camera=U move=S
[driver 22:38:04] segment 99 done (3774s elapsed)
[driver 22:38:04] generating: camera=U move=S
[driver 22:38:53] segment 100 done (3823s elapsed)
[driver 22:38:53] generating: camera=U move=S
[driver 22:39:35] segment 101 done (3865s elapsed)
[driver 22:39:35] generating: camera=U move=S
[driver 22:40:19] segment 102 done (3909s elapsed)
[driver 22:40:19] generating: camera=U move=S
[driver 22:40:54] segment 103 done (3944s elapsed)
[driver 22:40:54] generating: camera=U move=S
[driver 22:41:37] segment 104 done (3987s elapsed)
[driver 22:41:37] generating: camera=U move=S
[driver 22:42:19] segment 105 done (4029s elapsed)
[driver 22:42:19] generating: camera=U move=S
[driver 22:42:55] segment 106 done (4065s elapsed)
[driver 22:42:55] generating: camera=U move=S
[driver 22:43:42] segment 107 done (4112s elapsed)
[driver 22:43:48] saved /mnt/nfs/home/yumingl/workspace/PI/WM/baselines/demo_sample29_outputs/videos_demo_42/lingbot_large_clip05.mp4 (from lingbot_world_large_35bacc12.mp4, 57.9 MB)
