[driver 23:33:33] waiting for adapter to load ... (0s, health=None)
[driver 23:34:34] waiting for adapter to load ... (60s, health={'adapter': 'dreamx-world', 'loading': True, 'pipeline_loaded': False, 'error': None})
[driver 23:35:35] waiting for adapter to load ... (122s, health={'adapter': 'dreamx-world', 'loading': True, 'pipeline_loaded': False, 'error': None})
[driver 23:36:36] waiting for adapter to load ... (183s, health={'adapter': 'dreamx-world', 'loading': True, 'pipeline_loaded': False, 'error': None})
[driver 23:37:36] waiting for adapter to load ... (243s, health={'adapter': 'dreamx-world', 'loading': True, 'pipeline_loaded': False, 'error': None})
[driver 23:38:36] waiting for adapter to load ... (303s, health={'adapter': 'dreamx-world', 'loading': True, 'pipeline_loaded': False, 'error': None})
[driver 23:39:36] waiting for adapter to load ... (363s, health={'adapter': 'dreamx-world', 'loading': True, 'pipeline_loaded': False, 'error': None})
[driver 23:40:36] waiting for adapter to load ... (423s, health={'adapter': 'dreamx-world', 'loading': True, 'pipeline_loaded': False, 'error': None})
[driver 23:41:37] waiting for adapter to load ... (483s, health={'adapter': 'dreamx-world', 'loading': True, 'pipeline_loaded': False, 'error': None})
[driver 23:42:37] waiting for adapter to load ... (543s, health={'adapter': 'dreamx-world', 'loading': True, 'pipeline_loaded': False, 'error': None})
[driver 23:43:37] waiting for adapter to load ... (603s, health={'adapter': 'dreamx-world', 'loading': True, 'pipeline_loaded': False, 'error': None})
[driver 23:44:37] waiting for adapter to load ... (663s, health={'adapter': 'dreamx-world', 'loading': True, 'pipeline_loaded': False, 'error': None})
[driver 23:45:37] waiting for adapter to load ... (723s, health={'adapter': 'dreamx-world', 'loading': True, 'pipeline_loaded': False, 'error': None})
[driver 23:46:17] adapter 'dreamx-world' ready after 764s
[driver 23:46:17] === session dreamx_cam_clip: 12 action(s), expecting 12 segment(s)
[driver 23:46:17] session id bdf18ee8
[driver 23:46:17] queued 12 action(s)
[driver 23:46:17] status: Ready: DreamX-World cam adapter.
[driver 23:46:17] generating: camera=U move=W (w@6)
[driver 23:49:19] segment 0 done (182s elapsed)
[driver 23:49:19] generating: camera=U move=W (w@6)
[driver 23:52:14] segment 1 done (357s elapsed)
[driver 23:52:14] generating: camera=U move=W (w@6)
[driver 23:55:06] segment 2 done (529s elapsed)
[driver 23:55:06] generating: camera=L move=Q (l@6)
[driver 23:57:58] segment 3 done (701s elapsed)
[driver 23:57:58] generating: camera=L move=Q (l@6)
[driver 00:00:45] segment 4 done (868s elapsed)
[driver 00:00:45] generating: camera=L move=Q (l@6)
[driver 00:03:35] segment 5 done (1038s elapsed)
[driver 00:03:35] generating: camera=U move=W (w@6)
[driver 00:06:24] segment 6 done (1207s elapsed)
[driver 00:06:24] generating: camera=U move=W (w@6)
[driver 00:09:13] segment 7 done (1376s elapsed)
[driver 00:09:13] generating: camera=U move=W (w@6)
[driver 00:12:02] segment 8 done (1545s elapsed)
[driver 00:12:02] generating: camera=U move=S (s@6)
[driver 00:14:51] segment 9 done (1714s elapsed)
[driver 00:14:51] generating: camera=U move=S (s@6)
[driver 00:17:41] segment 10 done (1884s elapsed)
[driver 00:17:41] generating: camera=U move=S (s@6)
[driver 00:20:32] segment 11 done (2055s elapsed)
[driver 00:20:38] saved /mnt/nfs/home/yumingl/workspace/PI/WM/baselines/demo_sample29_outputs/videos_demo_79/dreamx_cam_clip.mp4 (from dreamx_world_cam_bdf18ee8.mp4, 23.3 MB)
