[driver 04:22:01] waiting for adapter to load ... (0s, health=None)
[driver 04:23:01] waiting for adapter to load ... (60s, health=None)
[driver 04:24:01] waiting for adapter to load ... (120s, health=None)
[driver 04:25:01] waiting for adapter to load ... (180s, health=None)
[driver 04:26:01] waiting for adapter to load ... (240s, health=None)
[driver 04:27:01] waiting for adapter to load ... (300s, health=None)
[driver 04:28:01] waiting for adapter to load ... (360s, health=None)
[driver 04:29:01] waiting for adapter to load ... (420s, health=None)
[driver 04:30:01] waiting for adapter to load ... (480s, health=None)
[driver 04:31:01] waiting for adapter to load ... (540s, health=None)
[driver 04:32:01] waiting for adapter to load ... (600s, health=None)
[driver 04:33:01] waiting for adapter to load ... (660s, health=None)
[driver 04:34:01] waiting for adapter to load ... (720s, health=None)
[driver 04:35:01] waiting for adapter to load ... (780s, health=None)
[driver 04:36:01] waiting for adapter to load ... (840s, health=None)
[driver 04:37:01] waiting for adapter to load ... (900s, health=None)
[driver 04:38:01] waiting for adapter to load ... (960s, health=None)
[driver 04:39:01] waiting for adapter to load ... (1020s, health=None)
[driver 04:40:01] waiting for adapter to load ... (1080s, health=None)
[driver 04:41:01] waiting for adapter to load ... (1140s, health=None)
[driver 04:42:01] waiting for adapter to load ... (1200s, health=None)
[driver 04:43:01] waiting for adapter to load ... (1260s, health=None)
[driver 04:44:01] waiting for adapter to load ... (1320s, health=None)
[driver 04:44:11] adapter 'lingbot-world' ready after 1330s
[driver 04:44:11] === session lingbot_large_whole: 1 action(s), expecting 1 segment(s)
[driver 04:44:11] session id 990ae09b
[driver 04:44:11] queued 1 action(s)
[driver 04:44:11] status: Ready: LingBot-World base adapter.
[driver 04:44:11] generating: w-240,l-240,w-240,s-240
[driver 05:40:47] segment 0 done (3396s elapsed)
[driver 05:40:52] saved /mnt/nfs/home/yumingl/workspace/PI/WM/baselines/demo_sample29_outputs/videos_demo_79/lingbot_large_whole.mp4 (from lingbot_world_large_990ae09b.mp4, 109.8 MB)
