[driver 23:59:35] waiting for adapter to load ... (0s, health=None)
[driver 00:00:35] waiting for adapter to load ... (60s, health={'adapter': 'dreamx-world', 'loading': True, 'pipeline_loaded': False, 'error': None})
[driver 00:01:35] waiting for adapter to load ... (120s, health={'adapter': 'dreamx-world', 'loading': True, 'pipeline_loaded': False, 'error': None})
[driver 00:02:37] waiting for adapter to load ... (182s, health={'adapter': 'dreamx-world', 'loading': True, 'pipeline_loaded': False, 'error': None})
[driver 00:03:37] waiting for adapter to load ... (242s, health={'adapter': 'dreamx-world', 'loading': True, 'pipeline_loaded': False, 'error': None})
[driver 00:04:37] waiting for adapter to load ... (302s, health={'adapter': 'dreamx-world', 'loading': True, 'pipeline_loaded': False, 'error': None})
[driver 00:05:37] waiting for adapter to load ... (362s, health={'adapter': 'dreamx-world', 'loading': True, 'pipeline_loaded': False, 'error': None})
[driver 00:06:37] waiting for adapter to load ... (422s, health={'adapter': 'dreamx-world', 'loading': True, 'pipeline_loaded': False, 'error': None})
[driver 00:07:37] waiting for adapter to load ... (482s, health={'adapter': 'dreamx-world', 'loading': True, 'pipeline_loaded': False, 'error': None})
[driver 00:08:37] waiting for adapter to load ... (542s, health={'adapter': 'dreamx-world', 'loading': True, 'pipeline_loaded': False, 'error': None})
[driver 00:09:37] waiting for adapter to load ... (602s, health={'adapter': 'dreamx-world', 'loading': True, 'pipeline_loaded': False, 'error': None})
[driver 00:10:37] waiting for adapter to load ... (662s, health={'adapter': 'dreamx-world', 'loading': True, 'pipeline_loaded': False, 'error': None})
[driver 00:11:37] waiting for adapter to load ... (722s, health={'adapter': 'dreamx-world', 'loading': True, 'pipeline_loaded': False, 'error': None})
[driver 00:12:02] adapter 'dreamx-world' ready after 747s
[driver 00:12:02] === session dreamx_cam_clip05: 108 action(s), expecting 108 segment(s)
[driver 00:12:02] session id 2cf52b4c
[driver 00:12:02] queued 108 action(s)
[driver 00:12:03] status: Ready: DreamX-World cam adapter.
[driver 00:12:03] generating: camera=U move=W (w@6)
[driver 00:12:48] segment 0 done (45s elapsed)
[driver 00:12:48] generating: camera=U move=W (w@6)
[driver 00:13:23] segment 1 done (81s elapsed)
[driver 00:13:23] generating: camera=U move=W (w@6)
[driver 00:14:00] segment 2 done (118s elapsed)
[driver 00:14:00] generating: camera=U move=W (w@6)
[driver 00:14:36] segment 3 done (154s elapsed)
[driver 00:14:36] generating: camera=U move=W (w@6)
[driver 00:15:09] segment 4 done (187s elapsed)
[driver 00:15:09] generating: camera=U move=W (w@6)
[driver 00:15:42] segment 5 done (220s elapsed)
[driver 00:15:42] generating: camera=U move=W (w@6)
[driver 00:16:16] segment 6 done (253s elapsed)
[driver 00:16:16] generating: camera=U move=W (w@6)
[driver 00:16:46] segment 7 done (284s elapsed)
[driver 00:16:46] generating: camera=U move=W (w@6)
[driver 00:17:13] segment 8 done (311s elapsed)
[driver 00:17:13] generating: camera=U move=W (w@6)
[driver 00:17:37] segment 9 done (335s elapsed)
[driver 00:17:37] generating: camera=U move=W (w@6)
[driver 00:18:01] segment 10 done (359s elapsed)
[driver 00:18:01] generating: camera=U move=W (w@6)
[driver 00:18:28] segment 11 done (386s elapsed)
[driver 00:18:28] generating: camera=U move=W (w@6)
[driver 00:19:00] segment 12 done (417s elapsed)
[driver 00:19:00] generating: camera=U move=W (w@6)
[driver 00:19:34] segment 13 done (451s elapsed)
[driver 00:19:34] generating: camera=U move=W (w@6)
[driver 00:20:08] segment 14 done (485s elapsed)
[driver 00:20:08] generating: camera=U move=W (w@6)
[driver 00:20:43] segment 15 done (520s elapsed)
[driver 00:20:43] generating: camera=U move=W (w@6)
[driver 00:21:15] segment 16 done (552s elapsed)
[driver 00:21:15] generating: camera=U move=W (w@6)
[driver 00:21:44] segment 17 done (582s elapsed)
[driver 00:21:44] generating: camera=U move=W (w@6)
[driver 00:22:15] segment 18 done (613s elapsed)
[driver 00:22:15] generating: camera=U move=W (w@6)
[driver 00:22:49] segment 19 done (646s elapsed)
[driver 00:22:49] generating: camera=U move=W (w@6)
[driver 00:23:22] segment 20 done (680s elapsed)
[driver 00:23:22] generating: camera=U move=W (w@6)
[driver 00:23:54] segment 21 done (712s elapsed)
[driver 00:23:54] generating: camera=U move=W (w@6)
[driver 00:24:22] segment 22 done (740s elapsed)
[driver 00:24:22] generating: camera=U move=W (w@6)
[driver 00:24:47] segment 23 done (764s elapsed)
[driver 00:24:47] generating: camera=U move=W (w@6)
[driver 00:25:12] segment 24 done (789s elapsed)
[driver 00:25:12] generating: camera=U move=W (w@6)
[driver 00:25:37] segment 25 done (815s elapsed)
[driver 00:25:37] generating: camera=U move=W (w@6)
[driver 00:26:07] segment 26 done (844s elapsed)
[driver 00:26:07] generating: camera=L move=Q (l@6)
[driver 00:26:39] segment 27 done (876s elapsed)
[driver 00:26:39] generating: camera=L move=Q (l@6)
[driver 00:27:11] segment 28 done (908s elapsed)
[driver 00:27:11] generating: camera=L move=Q (l@6)
[driver 00:27:40] segment 29 done (938s elapsed)
[driver 00:27:40] generating: camera=L move=Q (l@6)
[driver 00:28:10] segment 30 done (967s elapsed)
[driver 00:28:10] generating: camera=L move=Q (l@6)
[driver 00:28:42] segment 31 done (999s elapsed)
[driver 00:28:42] generating: camera=L move=Q (l@6)
[driver 00:29:14] segment 32 done (1031s elapsed)
[driver 00:29:14] generating: camera=L move=Q (l@6)
[driver 00:29:43] segment 33 done (1060s elapsed)
[driver 00:29:43] generating: camera=L move=Q (l@6)
[driver 00:30:11] segment 34 done (1088s elapsed)
[driver 00:30:11] generating: camera=L move=Q (l@6)
[driver 00:30:39] segment 35 done (1117s elapsed)
[driver 00:30:39] generating: camera=L move=Q (l@6)
[driver 00:31:10] segment 36 done (1147s elapsed)
[driver 00:31:10] generating: camera=L move=Q (l@6)
[driver 00:31:39] segment 37 done (1177s elapsed)
[driver 00:31:39] generating: camera=L move=Q (l@6)
[driver 00:32:05] segment 38 done (1202s elapsed)
[driver 00:32:05] generating: camera=L move=Q (l@6)
[driver 00:32:30] segment 39 done (1227s elapsed)
[driver 00:32:30] generating: camera=L move=Q (l@6)
[driver 00:32:55] segment 40 done (1253s elapsed)
[driver 00:32:55] generating: camera=L move=Q (l@6)
[driver 00:33:22] segment 41 done (1280s elapsed)
[driver 00:33:22] generating: camera=L move=Q (l@6)
[driver 00:33:53] segment 42 done (1311s elapsed)
[driver 00:33:53] generating: camera=L move=Q (l@6)
[driver 00:34:25] segment 43 done (1342s elapsed)
[driver 00:34:25] generating: camera=L move=Q (l@6)
[driver 00:34:55] segment 44 done (1373s elapsed)
[driver 00:34:55] generating: camera=L move=Q (l@6)
[driver 00:35:26] segment 45 done (1403s elapsed)
[driver 00:35:26] generating: camera=L move=Q (l@6)
[driver 00:35:57] segment 46 done (1434s elapsed)
[driver 00:35:57] generating: camera=L move=Q (l@6)
[driver 00:36:30] segment 47 done (1468s elapsed)
[driver 00:36:30] generating: camera=L move=Q (l@6)
[driver 00:37:00] segment 48 done (1497s elapsed)
[driver 00:37:00] generating: camera=L move=Q (l@6)
[driver 00:37:29] segment 49 done (1527s elapsed)
[driver 00:37:29] generating: camera=L move=Q (l@6)
[driver 00:37:59] segment 50 done (1556s elapsed)
[driver 00:37:59] generating: camera=L move=Q (l@6)
[driver 00:38:28] segment 51 done (1586s elapsed)
[driver 00:38:28] generating: camera=L move=Q (l@6)
[driver 00:38:56] segment 52 done (1613s elapsed)
[driver 00:38:56] generating: camera=L move=Q (l@6)
[driver 00:39:23] segment 53 done (1640s elapsed)
[driver 00:39:23] generating: camera=U move=W (w@6)
[driver 00:39:49] segment 54 done (1667s elapsed)
[driver 00:39:49] generating: camera=U move=W (w@6)
[driver 00:40:18] segment 55 done (1696s elapsed)
[driver 00:40:18] generating: camera=U move=W (w@6)
[driver 00:40:52] segment 56 done (1729s elapsed)
[driver 00:40:52] generating: camera=U move=W (w@6)
[driver 00:41:28] segment 57 done (1766s elapsed)
[driver 00:41:28] generating: camera=U move=W (w@6)
[driver 00:42:04] segment 58 done (1801s elapsed)
[driver 00:42:04] generating: camera=U move=W (w@6)
[driver 00:42:39] segment 59 done (1837s elapsed)
[driver 00:42:39] generating: camera=U move=W (w@6)
[driver 00:43:12] segment 60 done (1870s elapsed)
[driver 00:43:12] generating: camera=U move=W (w@6)
[driver 00:43:45] segment 61 done (1902s elapsed)
[driver 00:43:45] generating: camera=U move=W (w@6)
[driver 00:44:17] segment 62 done (1935s elapsed)
[driver 00:44:17] generating: camera=U move=W (w@6)
[driver 00:44:52] segment 63 done (1969s elapsed)
[driver 00:44:52] generating: camera=U move=W (w@6)
[driver 00:45:26] segment 64 done (2003s elapsed)
[driver 00:45:26] generating: camera=U move=W (w@6)
[driver 00:45:59] segment 65 done (2037s elapsed)
[driver 00:45:59] generating: camera=U move=W (w@6)
[driver 00:46:33] segment 66 done (2070s elapsed)
[driver 00:46:33] generating: camera=U move=W (w@6)
[driver 00:47:05] segment 67 done (2102s elapsed)
[driver 00:47:05] generating: camera=U move=W (w@6)
[driver 00:47:37] segment 68 done (2134s elapsed)
[driver 00:47:37] generating: camera=U move=W (w@6)
[driver 00:48:06] segment 69 done (2164s elapsed)
[driver 00:48:06] generating: camera=U move=W (w@6)
[driver 00:48:35] segment 70 done (2193s elapsed)
[driver 00:48:35] generating: camera=U move=W (w@6)
[driver 00:49:03] segment 71 done (2221s elapsed)
[driver 00:49:03] generating: camera=U move=W (w@6)
[driver 00:49:33] segment 72 done (2251s elapsed)
[driver 00:49:33] generating: camera=U move=W (w@6)
[driver 00:50:06] segment 73 done (2284s elapsed)
[driver 00:50:06] generating: camera=U move=W (w@6)
[driver 00:50:40] segment 74 done (2318s elapsed)
[driver 00:50:40] generating: camera=U move=W (w@6)
[driver 00:51:12] segment 75 done (2350s elapsed)
[driver 00:51:12] generating: camera=U move=W (w@6)
[driver 00:51:45] segment 76 done (2382s elapsed)
[driver 00:51:45] generating: camera=U move=W (w@6)
[driver 00:52:17] segment 77 done (2414s elapsed)
[driver 00:52:17] generating: camera=U move=W (w@6)
[driver 00:52:51] segment 78 done (2449s elapsed)
[driver 00:52:51] generating: camera=U move=W (w@6)
[driver 00:53:25] segment 79 done (2482s elapsed)
[driver 00:53:25] generating: camera=U move=W (w@6)
[driver 00:53:55] segment 80 done (2513s elapsed)
[driver 00:53:55] generating: camera=U move=S (s@6)
[driver 00:54:37] segment 81 done (2555s elapsed)
[driver 00:54:37] generating: camera=U move=S (s@6)
[driver 00:55:09] segment 82 done (2587s elapsed)
[driver 00:55:09] generating: camera=U move=S (s@6)
[driver 00:55:38] segment 83 done (2615s elapsed)
[driver 00:55:38] generating: camera=U move=S (s@6)
[driver 00:56:06] segment 84 done (2644s elapsed)
[driver 00:56:06] generating: camera=U move=S (s@6)
[driver 00:56:34] segment 85 done (2672s elapsed)
[driver 00:56:34] generating: camera=U move=S (s@6)
[driver 00:57:06] segment 86 done (2704s elapsed)
[driver 00:57:06] generating: camera=U move=S (s@6)
[driver 00:57:38] segment 87 done (2736s elapsed)
[driver 00:57:38] generating: camera=U move=S (s@6)
[driver 00:58:12] segment 88 done (2769s elapsed)
[driver 00:58:12] generating: camera=U move=S (s@6)
[driver 00:58:49] segment 89 done (2807s elapsed)
[driver 00:58:49] generating: camera=U move=S (s@6)
[driver 00:59:29] segment 90 done (2847s elapsed)
[driver 00:59:29] generating: camera=U move=S (s@6)
[driver 01:00:08] segment 91 done (2885s elapsed)
[driver 01:00:08] generating: camera=U move=S (s@6)
[driver 01:00:40] segment 92 done (2917s elapsed)
[driver 01:00:40] generating: camera=U move=S (s@6)
[driver 01:01:12] segment 93 done (2949s elapsed)
[driver 01:01:12] generating: camera=U move=S (s@6)
[driver 01:01:40] segment 94 done (2977s elapsed)
[driver 01:01:40] generating: camera=U move=S (s@6)
[driver 01:02:08] segment 95 done (3005s elapsed)
[driver 01:02:08] generating: camera=U move=S (s@6)
[driver 01:02:36] segment 96 done (3033s elapsed)
[driver 01:02:36] generating: camera=U move=S (s@6)
[driver 01:03:04] segment 97 done (3061s elapsed)
[driver 01:03:04] generating: camera=U move=S (s@6)
[driver 01:03:32] segment 98 done (3089s elapsed)
[driver 01:03:32] generating: camera=U move=S (s@6)
[driver 01:04:02] segment 99 done (3120s elapsed)
[driver 01:04:02] generating: camera=U move=S (s@6)
[driver 01:04:34] segment 100 done (3152s elapsed)
[driver 01:04:34] generating: camera=U move=S (s@6)
[driver 01:05:09] segment 101 done (3187s elapsed)
[driver 01:05:09] generating: camera=U move=S (s@6)
[driver 01:05:45] segment 102 done (3222s elapsed)
[driver 01:05:45] generating: camera=U move=S (s@6)
[driver 01:06:20] segment 103 done (3258s elapsed)
[driver 01:06:20] generating: camera=U move=S (s@6)
[driver 01:06:53] segment 104 done (3291s elapsed)
[driver 01:06:53] generating: camera=U move=S (s@6)
[driver 01:07:27] segment 105 done (3324s elapsed)
[driver 01:07:27] generating: camera=U move=S (s@6)
[driver 01:08:00] segment 106 done (3357s elapsed)
[driver 01:08:00] generating: camera=U move=S (s@6)
[driver 01:08:33] segment 107 done (3390s elapsed)
[driver 01:08:38] saved /mnt/nfs/home/yumingl/workspace/PI/WM/baselines/demo_sample29_outputs/videos_demo_42/dreamx_cam_clip05.mp4 (from dreamx_world_cam_2cf52b4c.mp4, 43.4 MB)
