[driver 01:28:45] waiting for adapter to load ... (0s, health=None)
[driver 01:29:45] waiting for adapter to load ... (60s, health={'adapter': 'dreamx-world', 'loading': True, 'pipeline_loaded': False, 'error': None})
[driver 01:30:45] waiting for adapter to load ... (120s, health={'adapter': 'dreamx-world', 'loading': True, 'pipeline_loaded': False, 'error': None})
[driver 01:31:45] waiting for adapter to load ... (180s, health={'adapter': 'dreamx-world', 'loading': True, 'pipeline_loaded': False, 'error': None})
[driver 01:32:45] waiting for adapter to load ... (240s, health={'adapter': 'dreamx-world', 'loading': True, 'pipeline_loaded': False, 'error': None})
[driver 01:33:45] waiting for adapter to load ... (300s, health={'adapter': 'dreamx-world', 'loading': True, 'pipeline_loaded': False, 'error': None})
[driver 01:34:45] waiting for adapter to load ... (360s, health={'adapter': 'dreamx-world', 'loading': True, 'pipeline_loaded': False, 'error': None})
[driver 01:35:45] adapter 'dreamx-world' ready after 420s
[driver 01:35:45] === session dreamx_ar_clip: 12 action(s), expecting 12 segment(s)
[driver 01:35:45] session id 760df288
[driver 01:35:45] queued 12 action(s)
[driver 01:35:45] status: Ready: DreamX-World ar adapter.
[driver 01:35:45] generating: camera=U move=W (w@6)
[driver 01:36:14] segment 0 done (29s elapsed)
[driver 01:36:14] generating: camera=U move=W (w@6)
[driver 01:36:42] segment 1 done (57s elapsed)
[driver 01:36:42] generating: camera=U move=W (w@6)
[driver 01:37:14] segment 2 done (89s elapsed)
[driver 01:37:14] generating: camera=L move=Q (l@6)
[driver 01:37:48] segment 3 done (123s elapsed)
[driver 01:37:48] generating: camera=L move=Q (l@6)
[driver 01:38:22] segment 4 done (157s elapsed)
[driver 01:38:22] generating: camera=L move=Q (l@6)
[driver 01:38:57] segment 5 done (192s elapsed)
[driver 01:38:57] generating: camera=U move=W (w@6)
[driver 01:39:34] segment 6 done (229s elapsed)
[driver 01:39:34] generating: camera=U move=W (w@6)
[driver 01:40:10] segment 7 done (265s elapsed)
[driver 01:40:10] generating: camera=U move=W (w@6)
[driver 01:40:50] segment 8 done (305s elapsed)
[driver 01:40:50] generating: camera=U move=S (s@6)
[driver 01:41:29] segment 9 done (343s elapsed)
[driver 01:41:29] generating: camera=U move=S (s@6)
[driver 01:42:10] segment 10 done (385s elapsed)
[driver 01:42:10] generating: camera=U move=S (s@6)
[driver 01:42:56] segment 11 done (431s elapsed)
[driver 01:43:02] saved /mnt/nfs/home/yumingl/workspace/PI/WM/baselines/demo_sample29_outputs/videos_demo_42/dreamx_ar_clip.mp4 (from dreamx_world_ar_760df288.mp4, 117.5 MB)
