[driver 21:49:40] waiting for adapter to load ... (0s, health=None)
[driver 21:50:40] waiting for adapter to load ... (60s, health={'adapter': 'lingbot-world-v2', 'loading': True, 'pipeline_loaded': False, 'error': None})
[driver 21:51:40] waiting for adapter to load ... (120s, health={'adapter': 'lingbot-world-v2', 'loading': True, 'pipeline_loaded': False, 'error': None})
[driver 21:51:50] adapter 'lingbot-world-v2' ready after 130s
[driver 21:51:50] === session lingbot_v2_fast_clip: 20 action(s), expecting 20 segment(s)
[driver 21:51:50] session id 50639851
[driver 21:51:50] queued 20 action(s)
[driver 21:51:50] status: Ready: LingBot-World fast adapter.
[driver 21:51:50] generating: camera=U move=W
[driver 21:52:41] segment 0 done (51s elapsed)
[driver 21:52:41] generating: camera=U move=W
[driver 21:53:18] segment 1 done (88s elapsed)
[driver 21:53:18] generating: camera=U move=W
[driver 21:53:55] segment 2 done (125s elapsed)
[driver 21:53:55] generating: camera=U move=W
[driver 21:54:33] segment 3 done (163s elapsed)
[driver 21:54:33] generating: camera=U move=W
[driver 21:55:10] segment 4 done (200s elapsed)
[driver 21:55:10] generating: camera=L move=Q
[driver 21:55:43] segment 5 done (234s elapsed)
[driver 21:55:43] generating: camera=L move=Q
[driver 21:56:15] segment 6 done (265s elapsed)
[driver 21:56:15] generating: camera=L move=Q
[driver 21:56:46] segment 7 done (296s elapsed)
[driver 21:56:46] generating: camera=L move=Q
[driver 21:57:14] segment 8 done (324s elapsed)
[driver 21:57:14] generating: camera=L move=Q
[driver 21:57:42] segment 9 done (352s elapsed)
[driver 21:57:42] generating: camera=U move=W
[driver 21:58:10] segment 10 done (380s elapsed)
[driver 21:58:10] generating: camera=U move=W
[driver 21:58:39] segment 11 done (409s elapsed)
[driver 21:58:39] generating: camera=U move=W
[driver 21:59:11] segment 12 done (441s elapsed)
[driver 21:59:11] generating: camera=U move=W
[driver 21:59:45] segment 13 done (475s elapsed)
[driver 21:59:45] generating: camera=U move=W
[driver 22:00:14] segment 14 done (504s elapsed)
[driver 22:00:14] generating: camera=U move=S
[driver 22:00:43] segment 15 done (533s elapsed)
[driver 22:00:43] generating: camera=U move=S
[driver 22:01:14] segment 16 done (564s elapsed)
[driver 22:01:14] generating: camera=U move=S
[driver 22:01:46] segment 17 done (596s elapsed)
[driver 22:01:46] generating: camera=U move=S
[driver 22:02:18] segment 18 done (629s elapsed)
[driver 22:02:18] generating: camera=U move=S
[driver 22:02:57] segment 19 done (667s elapsed)
[driver 22:03:02] saved /mnt/nfs/home/yumingl/workspace/PI/WM/baselines/demo_sample29_outputs/videos_demo_79/lingbot_v2_fast_clip.mp4 (from lingbot_world_v2_causal_fast_50639851.mp4, 61.9 MB)
[driver 22:03:02] === session lingbot_v2_fast_whole: 1 action(s), expecting 1 segment(s)
[driver 22:03:03] session id 03d391c3
[driver 22:03:03] queued 1 action(s)
[driver 22:03:03] status: Ready: LingBot-World fast adapter.
[driver 22:03:03] generating: w-240,l-240,w-240,s-240
[driver 22:08:49] segment 0 done (347s elapsed)
[driver 22:08:54] saved /mnt/nfs/home/yumingl/workspace/PI/WM/baselines/demo_sample29_outputs/videos_demo_79/lingbot_v2_fast_whole.mp4 (from lingbot_world_v2_causal_fast_03d391c3.mp4, 85.4 MB)
