[driver 23:59:35] waiting for adapter to load ... (0s, health=None)
[driver 00:00:35] waiting for adapter to load ... (60s, health={'adapter': 'dreamx-world', 'loading': True, 'pipeline_loaded': False, 'error': None})
[driver 00:01:35] waiting for adapter to load ... (120s, health={'adapter': 'dreamx-world', 'loading': True, 'pipeline_loaded': False, 'error': None})
[driver 00:02:37] waiting for adapter to load ... (182s, health={'adapter': 'dreamx-world', 'loading': True, 'pipeline_loaded': False, 'error': None})
[driver 00:03:37] waiting for adapter to load ... (242s, health={'adapter': 'dreamx-world', 'loading': True, 'pipeline_loaded': False, 'error': None})
[driver 00:04:37] waiting for adapter to load ... (302s, health={'adapter': 'dreamx-world', 'loading': True, 'pipeline_loaded': False, 'error': None})
[driver 00:05:37] waiting for adapter to load ... (362s, health={'adapter': 'dreamx-world', 'loading': True, 'pipeline_loaded': False, 'error': None})
[driver 00:06:37] waiting for adapter to load ... (422s, health={'adapter': 'dreamx-world', 'loading': True, 'pipeline_loaded': False, 'error': None})
[driver 00:07:37] waiting for adapter to load ... (482s, health={'adapter': 'dreamx-world', 'loading': True, 'pipeline_loaded': False, 'error': None})
[driver 00:08:37] waiting for adapter to load ... (542s, health={'adapter': 'dreamx-world', 'loading': True, 'pipeline_loaded': False, 'error': None})
[driver 00:09:37] waiting for adapter to load ... (602s, health={'adapter': 'dreamx-world', 'loading': True, 'pipeline_loaded': False, 'error': None})
[driver 00:10:37] waiting for adapter to load ... (662s, health={'adapter': 'dreamx-world', 'loading': True, 'pipeline_loaded': False, 'error': None})
[driver 00:11:37] waiting for adapter to load ... (722s, health={'adapter': 'dreamx-world', 'loading': True, 'pipeline_loaded': False, 'error': None})
[driver 00:12:07] adapter 'dreamx-world' ready after 752s
[driver 00:12:07] === session dreamx_cam_clip05: 108 action(s), expecting 108 segment(s)
[driver 00:12:08] session id 6cac24b3
[driver 00:12:08] queued 108 action(s)
[driver 00:12:08] status: Ready: DreamX-World cam adapter.
[driver 00:12:08] generating: camera=U move=W (w@6)
[driver 00:12:48] segment 0 done (40s elapsed)
[driver 00:12:48] generating: camera=U move=W (w@6)
[driver 00:13:24] segment 1 done (76s elapsed)
[driver 00:13:24] generating: camera=U move=W (w@6)
[driver 00:14:01] segment 2 done (113s elapsed)
[driver 00:14:01] generating: camera=U move=W (w@6)
[driver 00:14:37] segment 3 done (149s elapsed)
[driver 00:14:37] generating: camera=U move=W (w@6)
[driver 00:15:10] segment 4 done (183s elapsed)
[driver 00:15:10] generating: camera=U move=W (w@6)
[driver 00:15:44] segment 5 done (216s elapsed)
[driver 00:15:44] generating: camera=U move=W (w@6)
[driver 00:16:18] segment 6 done (251s elapsed)
[driver 00:16:18] generating: camera=U move=W (w@6)
[driver 00:16:51] segment 7 done (283s elapsed)
[driver 00:16:51] generating: camera=U move=W (w@6)
[driver 00:17:22] segment 8 done (314s elapsed)
[driver 00:17:22] generating: camera=U move=W (w@6)
[driver 00:17:52] segment 9 done (344s elapsed)
[driver 00:17:52] generating: camera=U move=W (w@6)
[driver 00:18:24] segment 10 done (376s elapsed)
[driver 00:18:24] generating: camera=U move=W (w@6)
[driver 00:18:58] segment 11 done (410s elapsed)
[driver 00:18:58] generating: camera=U move=W (w@6)
[driver 00:19:33] segment 12 done (445s elapsed)
[driver 00:19:33] generating: camera=U move=W (w@6)
[driver 00:20:07] segment 13 done (480s elapsed)
[driver 00:20:07] generating: camera=U move=W (w@6)
[driver 00:20:43] segment 14 done (515s elapsed)
[driver 00:20:43] generating: camera=U move=W (w@6)
[driver 00:21:15] segment 15 done (547s elapsed)
[driver 00:21:15] generating: camera=U move=W (w@6)
[driver 00:21:44] segment 16 done (577s elapsed)
[driver 00:21:44] generating: camera=U move=W (w@6)
[driver 00:22:15] segment 17 done (608s elapsed)
[driver 00:22:15] generating: camera=U move=W (w@6)
[driver 00:22:50] segment 18 done (642s elapsed)
[driver 00:22:50] generating: camera=U move=W (w@6)
[driver 00:23:24] segment 19 done (677s elapsed)
[driver 00:23:24] generating: camera=U move=W (w@6)
[driver 00:23:58] segment 20 done (711s elapsed)
[driver 00:23:58] generating: camera=U move=W (w@6)
[driver 00:24:30] segment 21 done (743s elapsed)
[driver 00:24:30] generating: camera=U move=W (w@6)
[driver 00:25:01] segment 22 done (773s elapsed)
[driver 00:25:01] generating: camera=U move=W (w@6)
[driver 00:25:31] segment 23 done (804s elapsed)
[driver 00:25:31] generating: camera=U move=W (w@6)
[driver 00:26:04] segment 24 done (836s elapsed)
[driver 00:26:04] generating: camera=U move=W (w@6)
[driver 00:26:37] segment 25 done (870s elapsed)
[driver 00:26:37] generating: camera=U move=W (w@6)
[driver 00:27:10] segment 26 done (902s elapsed)
[driver 00:27:10] generating: camera=L move=Q (l@6)
[driver 00:27:39] segment 27 done (931s elapsed)
[driver 00:27:39] generating: camera=L move=Q (l@6)
[driver 00:28:08] segment 28 done (961s elapsed)
[driver 00:28:08] generating: camera=L move=Q (l@6)
[driver 00:28:39] segment 29 done (991s elapsed)
[driver 00:28:39] generating: camera=L move=Q (l@6)
[driver 00:29:08] segment 30 done (1020s elapsed)
[driver 00:29:08] generating: camera=L move=Q (l@6)
[driver 00:29:33] segment 31 done (1045s elapsed)
[driver 00:29:33] generating: camera=L move=Q (l@6)
[driver 00:29:57] segment 32 done (1070s elapsed)
[driver 00:29:57] generating: camera=L move=Q (l@6)
[driver 00:30:22] segment 33 done (1094s elapsed)
[driver 00:30:22] generating: camera=L move=Q (l@6)
[driver 00:30:47] segment 34 done (1119s elapsed)
[driver 00:30:47] generating: camera=L move=Q (l@6)
[driver 00:31:16] segment 35 done (1149s elapsed)
[driver 00:31:16] generating: camera=L move=Q (l@6)
[driver 00:31:47] segment 36 done (1179s elapsed)
[driver 00:31:47] generating: camera=L move=Q (l@6)
[driver 00:32:16] segment 37 done (1208s elapsed)
[driver 00:32:16] generating: camera=L move=Q (l@6)
[driver 00:32:45] segment 38 done (1238s elapsed)
[driver 00:32:45] generating: camera=L move=Q (l@6)
[driver 00:33:17] segment 39 done (1270s elapsed)
[driver 00:33:17] generating: camera=L move=Q (l@6)
[driver 00:33:50] segment 40 done (1303s elapsed)
[driver 00:33:50] generating: camera=L move=Q (l@6)
[driver 00:34:23] segment 41 done (1335s elapsed)
[driver 00:34:23] generating: camera=L move=Q (l@6)
[driver 00:34:54] segment 42 done (1366s elapsed)
[driver 00:34:54] generating: camera=L move=Q (l@6)
[driver 00:35:24] segment 43 done (1396s elapsed)
[driver 00:35:24] generating: camera=L move=Q (l@6)
[driver 00:35:53] segment 44 done (1425s elapsed)
[driver 00:35:53] generating: camera=L move=Q (l@6)
[driver 00:36:21] segment 45 done (1454s elapsed)
[driver 00:36:21] generating: camera=L move=Q (l@6)
[driver 00:36:47] segment 46 done (1480s elapsed)
[driver 00:36:47] generating: camera=L move=Q (l@6)
[driver 00:37:15] segment 47 done (1507s elapsed)
[driver 00:37:15] generating: camera=L move=Q (l@6)
[driver 00:37:42] segment 48 done (1534s elapsed)
[driver 00:37:42] generating: camera=L move=Q (l@6)
[driver 00:38:09] segment 49 done (1561s elapsed)
[driver 00:38:09] generating: camera=L move=Q (l@6)
[driver 00:38:38] segment 50 done (1591s elapsed)
[driver 00:38:38] generating: camera=L move=Q (l@6)
[driver 00:39:09] segment 51 done (1621s elapsed)
[driver 00:39:09] generating: camera=L move=Q (l@6)
[driver 00:39:40] segment 52 done (1652s elapsed)
[driver 00:39:40] generating: camera=L move=Q (l@6)
[driver 00:40:13] segment 53 done (1686s elapsed)
[driver 00:40:13] generating: camera=U move=W (w@6)
[driver 00:40:49] segment 54 done (1721s elapsed)
[driver 00:40:49] generating: camera=U move=W (w@6)
[driver 00:41:26] segment 55 done (1758s elapsed)
[driver 00:41:26] generating: camera=U move=W (w@6)
[driver 00:42:02] segment 56 done (1795s elapsed)
[driver 00:42:02] generating: camera=U move=W (w@6)
[driver 00:42:38] segment 57 done (1831s elapsed)
[driver 00:42:38] generating: camera=U move=W (w@6)
[driver 00:43:12] segment 58 done (1864s elapsed)
[driver 00:43:12] generating: camera=U move=W (w@6)
[driver 00:43:44] segment 59 done (1896s elapsed)
[driver 00:43:44] generating: camera=U move=W (w@6)
[driver 00:44:16] segment 60 done (1929s elapsed)
[driver 00:44:16] generating: camera=U move=W (w@6)
[driver 00:44:50] segment 61 done (1963s elapsed)
[driver 00:44:50] generating: camera=U move=W (w@6)
[driver 00:45:22] segment 62 done (1995s elapsed)
[driver 00:45:22] generating: camera=U move=W (w@6)
[driver 00:45:53] segment 63 done (2025s elapsed)
[driver 00:45:53] generating: camera=U move=W (w@6)
[driver 00:46:21] segment 64 done (2054s elapsed)
[driver 00:46:21] generating: camera=U move=W (w@6)
[driver 00:46:49] segment 65 done (2081s elapsed)
[driver 00:46:49] generating: camera=U move=W (w@6)
[driver 00:47:17] segment 66 done (2109s elapsed)
[driver 00:47:17] generating: camera=U move=W (w@6)
[driver 00:47:46] segment 67 done (2139s elapsed)
[driver 00:47:46] generating: camera=U move=W (w@6)
[driver 00:48:19] segment 68 done (2171s elapsed)
[driver 00:48:19] generating: camera=U move=W (w@6)
[driver 00:48:53] segment 69 done (2206s elapsed)
[driver 00:48:53] generating: camera=U move=W (w@6)
[driver 00:49:28] segment 70 done (2241s elapsed)
[driver 00:49:28] generating: camera=U move=W (w@6)
[driver 00:50:04] segment 71 done (2277s elapsed)
[driver 00:50:04] generating: camera=U move=W (w@6)
[driver 00:50:39] segment 72 done (2311s elapsed)
[driver 00:50:39] generating: camera=U move=W (w@6)
[driver 00:51:10] segment 73 done (2343s elapsed)
[driver 00:51:10] generating: camera=U move=W (w@6)
[driver 00:51:43] segment 74 done (2375s elapsed)
[driver 00:51:43] generating: camera=U move=W (w@6)
[driver 00:52:15] segment 75 done (2407s elapsed)
[driver 00:52:15] generating: camera=U move=W (w@6)
[driver 00:52:47] segment 76 done (2439s elapsed)
[driver 00:52:47] generating: camera=U move=W (w@6)
[driver 00:53:16] segment 77 done (2469s elapsed)
[driver 00:53:16] generating: camera=U move=W (w@6)
[driver 00:53:44] segment 78 done (2496s elapsed)
[driver 00:53:44] generating: camera=U move=W (w@6)
[driver 00:54:14] segment 79 done (2527s elapsed)
[driver 00:54:14] generating: camera=U move=W (w@6)
[driver 00:54:44] segment 80 done (2557s elapsed)
[driver 00:54:44] generating: camera=U move=S (s@6)
[driver 00:55:18] segment 81 done (2591s elapsed)
[driver 00:55:18] generating: camera=U move=S (s@6)
[driver 00:55:53] segment 82 done (2625s elapsed)
[driver 00:55:53] generating: camera=U move=S (s@6)
[driver 00:56:26] segment 83 done (2658s elapsed)
[driver 00:56:26] generating: camera=U move=S (s@6)
[driver 00:56:58] segment 84 done (2691s elapsed)
[driver 00:56:58] generating: camera=U move=S (s@6)
[driver 00:57:27] segment 85 done (2720s elapsed)
[driver 00:57:27] generating: camera=U move=S (s@6)
[driver 00:57:55] segment 86 done (2748s elapsed)
[driver 00:57:55] generating: camera=U move=S (s@6)
[driver 00:58:23] segment 87 done (2775s elapsed)
[driver 00:58:23] generating: camera=U move=S (s@6)
[driver 00:58:53] segment 88 done (2806s elapsed)
[driver 00:58:53] generating: camera=U move=S (s@6)
[driver 00:59:31] segment 89 done (2843s elapsed)
[driver 00:59:31] generating: camera=U move=S (s@6)
[driver 01:00:09] segment 90 done (2882s elapsed)
[driver 01:00:09] generating: camera=U move=S (s@6)
[driver 01:00:43] segment 91 done (2916s elapsed)
[driver 01:00:43] generating: camera=U move=S (s@6)
[driver 01:01:20] segment 92 done (2952s elapsed)
[driver 01:01:20] generating: camera=U move=S (s@6)
[driver 01:01:51] segment 93 done (2983s elapsed)
[driver 01:01:51] generating: camera=U move=S (s@6)
[driver 01:02:22] segment 94 done (3014s elapsed)
[driver 01:02:22] generating: camera=U move=S (s@6)
[driver 01:02:49] segment 95 done (3042s elapsed)
[driver 01:02:49] generating: camera=U move=S (s@6)
[driver 01:03:17] segment 96 done (3070s elapsed)
[driver 01:03:17] generating: camera=U move=S (s@6)
[driver 01:03:45] segment 97 done (3098s elapsed)
[driver 01:03:45] generating: camera=U move=S (s@6)
[driver 01:04:13] segment 98 done (3126s elapsed)
[driver 01:04:13] generating: camera=U move=S (s@6)
[driver 01:04:42] segment 99 done (3154s elapsed)
[driver 01:04:42] generating: camera=U move=S (s@6)
[driver 01:05:13] segment 100 done (3185s elapsed)
[driver 01:05:13] generating: camera=U move=S (s@6)
[driver 01:05:47] segment 101 done (3219s elapsed)
[driver 01:05:47] generating: camera=U move=S (s@6)
[driver 01:06:21] segment 102 done (3254s elapsed)
[driver 01:06:21] generating: camera=U move=S (s@6)
[driver 01:06:54] segment 103 done (3287s elapsed)
[driver 01:06:54] generating: camera=U move=S (s@6)
[driver 01:07:28] segment 104 done (3321s elapsed)
[driver 01:07:28] generating: camera=U move=S (s@6)
[driver 01:08:02] segment 105 done (3354s elapsed)
[driver 01:08:02] generating: camera=U move=S (s@6)
[driver 01:08:36] segment 106 done (3388s elapsed)
[driver 01:08:36] generating: camera=U move=S (s@6)
[driver 01:09:06] segment 107 done (3419s elapsed)
[driver 01:09:12] saved /mnt/nfs/home/yumingl/workspace/PI/WM/baselines/demo_sample29_outputs/videos_demo_79/dreamx_cam_clip05.mp4 (from dreamx_world_cam_6cac24b3.mp4, 40.3 MB)
