[driver 23:33:15] waiting for adapter to load ... (0s, health=None)
[driver 23:34:15] waiting for adapter to load ... (60s, health={'adapter': 'dreamx-world', 'loading': True, 'pipeline_loaded': False, 'error': None})
[driver 23:35:16] waiting for adapter to load ... (121s, health={'adapter': 'dreamx-world', 'loading': True, 'pipeline_loaded': False, 'error': None})
[driver 23:36:16] waiting for adapter to load ... (181s, health={'adapter': 'dreamx-world', 'loading': True, 'pipeline_loaded': False, 'error': None})
[driver 23:37:16] waiting for adapter to load ... (241s, health={'adapter': 'dreamx-world', 'loading': True, 'pipeline_loaded': False, 'error': None})
[driver 23:38:16] waiting for adapter to load ... (301s, health={'adapter': 'dreamx-world', 'loading': True, 'pipeline_loaded': False, 'error': None})
[driver 23:39:17] waiting for adapter to load ... (361s, health={'adapter': 'dreamx-world', 'loading': True, 'pipeline_loaded': False, 'error': None})
[driver 23:40:17] waiting for adapter to load ... (421s, health={'adapter': 'dreamx-world', 'loading': True, 'pipeline_loaded': False, 'error': None})
[driver 23:41:17] waiting for adapter to load ... (482s, health={'adapter': 'dreamx-world', 'loading': True, 'pipeline_loaded': False, 'error': None})
[driver 23:42:17] waiting for adapter to load ... (542s, health={'adapter': 'dreamx-world', 'loading': True, 'pipeline_loaded': False, 'error': None})
[driver 23:43:17] waiting for adapter to load ... (602s, health={'adapter': 'dreamx-world', 'loading': True, 'pipeline_loaded': False, 'error': None})
[driver 23:44:17] waiting for adapter to load ... (662s, health={'adapter': 'dreamx-world', 'loading': True, 'pipeline_loaded': False, 'error': None})
[driver 23:45:17] waiting for adapter to load ... (722s, health={'adapter': 'dreamx-world', 'loading': True, 'pipeline_loaded': False, 'error': None})
[driver 23:46:17] waiting for adapter to load ... (782s, health={'adapter': 'dreamx-world', 'loading': True, 'pipeline_loaded': False, 'error': None})
[driver 23:46:22] adapter 'dreamx-world' ready after 787s
[driver 23:46:22] === session dreamx_cam_clip: 12 action(s), expecting 12 segment(s)
[driver 23:46:22] session id 235c487c
[driver 23:46:22] queued 12 action(s)
[driver 23:46:22] status: Ready: DreamX-World cam adapter.
[driver 23:46:22] generating: camera=U move=W (w@6)
[driver 23:49:18] segment 0 done (176s elapsed)
[driver 23:49:18] generating: camera=U move=W (w@6)
[driver 23:52:13] segment 1 done (351s elapsed)
[driver 23:52:13] generating: camera=U move=W (w@6)
[driver 23:55:04] segment 2 done (522s elapsed)
[driver 23:55:04] generating: camera=L move=Q (l@6)
[driver 23:57:55] segment 3 done (693s elapsed)
[driver 23:57:55] generating: camera=L move=Q (l@6)
[driver 00:00:41] segment 4 done (859s elapsed)
[driver 00:00:41] generating: camera=L move=Q (l@6)
[driver 00:03:30] segment 5 done (1028s elapsed)
[driver 00:03:30] generating: camera=U move=W (w@6)
[driver 00:06:18] segment 6 done (1196s elapsed)
[driver 00:06:18] generating: camera=U move=W (w@6)
[driver 00:09:06] segment 7 done (1364s elapsed)
[driver 00:09:06] generating: camera=U move=W (w@6)
[driver 00:11:55] segment 8 done (1533s elapsed)
[driver 00:11:55] generating: camera=U move=S (s@6)
[driver 00:14:43] segment 9 done (1701s elapsed)
[driver 00:14:43] generating: camera=U move=S (s@6)
[driver 00:17:32] segment 10 done (1870s elapsed)
[driver 00:17:32] generating: camera=U move=S (s@6)
[driver 00:20:22] segment 11 done (2040s elapsed)
[driver 00:20:27] saved /mnt/nfs/home/yumingl/workspace/PI/WM/baselines/demo_sample29_outputs/videos_demo_42/dreamx_cam_clip.mp4 (from dreamx_world_cam_235c487c.mp4, 26.2 MB)
