[driver 21:27:45] waiting for adapter to load ... (0s, health=None)
[driver 21:28:45] waiting for adapter to load ... (60s, health={'adapter': 'dreamx-world', 'loading': True, 'pipeline_loaded': False, 'error': None})
[driver 21:29:45] waiting for adapter to load ... (120s, health={'adapter': 'dreamx-world', 'loading': True, 'pipeline_loaded': False, 'error': None})
[driver 21:30:20] adapter 'dreamx-world' ready after 155s
[driver 21:30:20] === session dreamx_ar_clip: 12 action(s), expecting 12 segment(s)
[driver 21:30:20] session id 2f76e156
[driver 21:30:20] queued 12 action(s)
[driver 21:30:20] status: Ready: DreamX-World ar adapter.
[driver 21:30:20] generating: camera=U move=W (w@6)
[driver 21:30:49] segment 0 done (29s elapsed)
[driver 21:30:49] generating: camera=U move=W (w@6)
[driver 21:31:16] segment 1 done (57s elapsed)
[driver 21:31:16] generating: camera=U move=W (w@6)
[driver 21:31:45] segment 2 done (85s elapsed)
[driver 21:31:45] generating: camera=L move=Q (l@6)
[driver 21:32:14] segment 3 done (114s elapsed)
[driver 21:32:14] generating: camera=L move=Q (l@6)
[driver 21:32:49] segment 4 done (150s elapsed)
[driver 21:32:49] generating: camera=L move=Q (l@6)
[driver 21:33:46] segment 5 done (207s elapsed)
[driver 21:33:46] generating: camera=U move=W (w@6)
[driver 21:34:43] segment 6 done (263s elapsed)
[driver 21:34:43] generating: camera=U move=W (w@6)
[driver 21:35:45] segment 7 done (325s elapsed)
[driver 21:35:45] generating: camera=U move=W (w@6)
[driver 21:36:27] segment 8 done (368s elapsed)
[driver 21:36:27] generating: camera=U move=S (s@6)
[driver 21:37:05] segment 9 done (406s elapsed)
[driver 21:37:05] generating: camera=U move=S (s@6)
[driver 21:37:46] segment 10 done (446s elapsed)
[driver 21:37:46] generating: camera=U move=S (s@6)
[driver 21:38:27] segment 11 done (488s elapsed)
[driver 21:38:33] saved /mnt/nfs/home/yumingl/workspace/PI/WM/baselines/demo_sample29_outputs/videos/dreamx_ar_clip.mp4 (from dreamx_world_ar_2f76e156.mp4, 96.1 MB)
