[driver 21:46:53] waiting for adapter to load ... (0s, health=None)
[driver 21:47:53] waiting for adapter to load ... (60s, health={'adapter': 'dreamx-world', 'loading': True, 'pipeline_loaded': False, 'error': None})
[driver 21:48:53] waiting for adapter to load ... (120s, health={'adapter': 'dreamx-world', 'loading': True, 'pipeline_loaded': False, 'error': None})
[driver 21:49:53] waiting for adapter to load ... (180s, health={'adapter': 'dreamx-world', 'loading': True, 'pipeline_loaded': False, 'error': None})
[driver 21:50:53] waiting for adapter to load ... (240s, health={'adapter': 'dreamx-world', 'loading': True, 'pipeline_loaded': False, 'error': None})
[driver 21:51:53] waiting for adapter to load ... (301s, health={'adapter': 'dreamx-world', 'loading': True, 'pipeline_loaded': False, 'error': None})
[driver 21:52:53] waiting for adapter to load ... (361s, health={'adapter': 'dreamx-world', 'loading': True, 'pipeline_loaded': False, 'error': None})
[driver 21:53:53] waiting for adapter to load ... (421s, health={'adapter': 'dreamx-world', 'loading': True, 'pipeline_loaded': False, 'error': None})
[driver 21:54:53] waiting for adapter to load ... (481s, health={'adapter': 'dreamx-world', 'loading': True, 'pipeline_loaded': False, 'error': None})
[driver 21:55:53] waiting for adapter to load ... (541s, health={'adapter': 'dreamx-world', 'loading': True, 'pipeline_loaded': False, 'error': None})
[driver 21:56:53] waiting for adapter to load ... (601s, health={'adapter': 'dreamx-world', 'loading': True, 'pipeline_loaded': False, 'error': None})
[driver 21:57:54] waiting for adapter to load ... (661s, health={'adapter': 'dreamx-world', 'loading': True, 'pipeline_loaded': False, 'error': None})
[driver 21:58:54] waiting for adapter to load ... (721s, health={'adapter': 'dreamx-world', 'loading': True, 'pipeline_loaded': False, 'error': None})
[driver 21:59:04] adapter 'dreamx-world' ready after 731s
[driver 21:59:04] === session dreamx_cam_clip: 12 action(s), expecting 12 segment(s)
[driver 21:59:04] session id 0b7f175c
[driver 21:59:04] queued 12 action(s)
[driver 21:59:05] status: Ready: DreamX-World cam adapter.
[driver 21:59:05] generating: camera=U move=W (w@6)
[driver 22:02:07] segment 0 done (184s elapsed)
[driver 22:02:07] generating: camera=U move=W (w@6)
[driver 22:04:59] segment 1 done (355s elapsed)
[driver 22:04:59] generating: camera=U move=W (w@6)
[driver 22:07:51] segment 2 done (528s elapsed)
[driver 22:07:51] generating: camera=L move=Q (l@6)
[driver 22:10:50] segment 3 done (706s elapsed)
[driver 22:10:50] generating: camera=L move=Q (l@6)
[driver 22:13:50] segment 4 done (886s elapsed)
[driver 22:13:50] generating: camera=L move=Q (l@6)
[driver 22:16:43] segment 5 done (1059s elapsed)
[driver 22:16:43] generating: camera=U move=W (w@6)
[driver 22:19:45] segment 6 done (1242s elapsed)
[driver 22:19:45] generating: camera=U move=W (w@6)
[driver 22:22:40] segment 7 done (1417s elapsed)
[driver 22:22:40] generating: camera=U move=W (w@6)
[driver 22:25:30] segment 8 done (1587s elapsed)
[driver 22:25:30] generating: camera=U move=S (s@6)
[driver 22:28:20] segment 9 done (1757s elapsed)
[driver 22:28:20] generating: camera=U move=S (s@6)
[driver 22:31:10] segment 10 done (1927s elapsed)
[driver 22:31:10] generating: camera=U move=S (s@6)
[driver 22:33:59] segment 11 done (2095s elapsed)
[driver 22:34:04] saved /mnt/nfs/home/yumingl/workspace/PI/WM/baselines/demo_sample29_outputs/videos/dreamx_cam_clip.mp4 (from dreamx_world_cam_0b7f175c.mp4, 19.3 MB)
