[driver 23:59:35] waiting for adapter to load ... (0s, health=None)
[driver 00:00:35] waiting for adapter to load ... (60s, health={'adapter': 'dreamx-world', 'loading': True, 'pipeline_loaded': False, 'error': None})
[driver 00:01:35] waiting for adapter to load ... (120s, health={'adapter': 'dreamx-world', 'loading': True, 'pipeline_loaded': False, 'error': None})
[driver 00:02:37] waiting for adapter to load ... (182s, health={'adapter': 'dreamx-world', 'loading': True, 'pipeline_loaded': False, 'error': None})
[driver 00:03:37] waiting for adapter to load ... (242s, health={'adapter': 'dreamx-world', 'loading': True, 'pipeline_loaded': False, 'error': None})
[driver 00:04:37] waiting for adapter to load ... (302s, health={'adapter': 'dreamx-world', 'loading': True, 'pipeline_loaded': False, 'error': None})
[driver 00:05:37] waiting for adapter to load ... (362s, health={'adapter': 'dreamx-world', 'loading': True, 'pipeline_loaded': False, 'error': None})
[driver 00:06:37] waiting for adapter to load ... (422s, health={'adapter': 'dreamx-world', 'loading': True, 'pipeline_loaded': False, 'error': None})
[driver 00:07:37] waiting for adapter to load ... (482s, health={'adapter': 'dreamx-world', 'loading': True, 'pipeline_loaded': False, 'error': None})
[driver 00:08:37] waiting for adapter to load ... (542s, health={'adapter': 'dreamx-world', 'loading': True, 'pipeline_loaded': False, 'error': None})
[driver 00:09:37] waiting for adapter to load ... (602s, health={'adapter': 'dreamx-world', 'loading': True, 'pipeline_loaded': False, 'error': None})
[driver 00:10:37] waiting for adapter to load ... (662s, health={'adapter': 'dreamx-world', 'loading': True, 'pipeline_loaded': False, 'error': None})
[driver 00:11:37] waiting for adapter to load ... (722s, health={'adapter': 'dreamx-world', 'loading': True, 'pipeline_loaded': False, 'error': None})
[driver 00:12:07] adapter 'dreamx-world' ready after 752s
[driver 00:12:07] === session dreamx_cam_clip05: 108 action(s), expecting 108 segment(s)
[driver 00:12:07] session id ba977895
[driver 00:12:07] queued 108 action(s)
[driver 00:12:07] status: Ready: DreamX-World cam adapter.
[driver 00:12:07] generating: camera=U move=W (w@6)
[driver 00:12:48] segment 0 done (40s elapsed)
[driver 00:12:48] generating: camera=U move=W (w@6)
[driver 00:13:23] segment 1 done (76s elapsed)
[driver 00:13:23] generating: camera=U move=W (w@6)
[driver 00:14:01] segment 2 done (113s elapsed)
[driver 00:14:01] generating: camera=U move=W (w@6)
[driver 00:14:36] segment 3 done (149s elapsed)
[driver 00:14:36] generating: camera=U move=W (w@6)
[driver 00:15:10] segment 4 done (183s elapsed)
[driver 00:15:10] generating: camera=U move=W (w@6)
[driver 00:15:43] segment 5 done (216s elapsed)
[driver 00:15:43] generating: camera=U move=W (w@6)
[driver 00:16:18] segment 6 done (251s elapsed)
[driver 00:16:18] generating: camera=U move=W (w@6)
[driver 00:16:51] segment 7 done (283s elapsed)
[driver 00:16:51] generating: camera=U move=W (w@6)
[driver 00:17:22] segment 8 done (314s elapsed)
[driver 00:17:22] generating: camera=U move=W (w@6)
[driver 00:17:52] segment 9 done (345s elapsed)
[driver 00:17:52] generating: camera=U move=W (w@6)
[driver 00:18:24] segment 10 done (376s elapsed)
[driver 00:18:24] generating: camera=U move=W (w@6)
[driver 00:18:57] segment 11 done (410s elapsed)
[driver 00:18:57] generating: camera=U move=W (w@6)
[driver 00:19:32] segment 12 done (444s elapsed)
[driver 00:19:32] generating: camera=U move=W (w@6)
[driver 00:20:06] segment 13 done (478s elapsed)
[driver 00:20:06] generating: camera=U move=W (w@6)
[driver 00:20:39] segment 14 done (511s elapsed)
[driver 00:20:39] generating: camera=U move=W (w@6)
[driver 00:21:07] segment 15 done (539s elapsed)
[driver 00:21:07] generating: camera=U move=W (w@6)
[driver 00:21:31] segment 16 done (563s elapsed)
[driver 00:21:31] generating: camera=U move=W (w@6)
[driver 00:21:55] segment 17 done (587s elapsed)
[driver 00:21:55] generating: camera=U move=W (w@6)
[driver 00:22:20] segment 18 done (613s elapsed)
[driver 00:22:20] generating: camera=U move=W (w@6)
[driver 00:22:52] segment 19 done (645s elapsed)
[driver 00:22:52] generating: camera=U move=W (w@6)
[driver 00:23:26] segment 20 done (678s elapsed)
[driver 00:23:26] generating: camera=U move=W (w@6)
[driver 00:23:59] segment 21 done (712s elapsed)
[driver 00:23:59] generating: camera=U move=W (w@6)
[driver 00:24:31] segment 22 done (743s elapsed)
[driver 00:24:31] generating: camera=U move=W (w@6)
[driver 00:25:00] segment 23 done (773s elapsed)
[driver 00:25:00] generating: camera=U move=W (w@6)
[driver 00:25:30] segment 24 done (803s elapsed)
[driver 00:25:30] generating: camera=U move=W (w@6)
[driver 00:26:02] segment 25 done (835s elapsed)
[driver 00:26:02] generating: camera=U move=W (w@6)
[driver 00:26:34] segment 26 done (866s elapsed)
[driver 00:26:34] generating: camera=L move=Q (l@6)
[driver 00:27:03] segment 27 done (896s elapsed)
[driver 00:27:03] generating: camera=L move=Q (l@6)
[driver 00:27:28] segment 28 done (920s elapsed)
[driver 00:27:28] generating: camera=L move=Q (l@6)
[driver 00:27:53] segment 29 done (945s elapsed)
[driver 00:27:53] generating: camera=L move=Q (l@6)
[driver 00:28:17] segment 30 done (970s elapsed)
[driver 00:28:17] generating: camera=L move=Q (l@6)
[driver 00:28:45] segment 31 done (998s elapsed)
[driver 00:28:45] generating: camera=L move=Q (l@6)
[driver 00:29:15] segment 32 done (1028s elapsed)
[driver 00:29:16] generating: camera=L move=Q (l@6)
[driver 00:29:44] segment 33 done (1057s elapsed)
[driver 00:29:44] generating: camera=L move=Q (l@6)
[driver 00:30:12] segment 34 done (1085s elapsed)
[driver 00:30:12] generating: camera=L move=Q (l@6)
[driver 00:30:41] segment 35 done (1113s elapsed)
[driver 00:30:41] generating: camera=L move=Q (l@6)
[driver 00:31:13] segment 36 done (1146s elapsed)
[driver 00:31:13] generating: camera=L move=Q (l@6)
[driver 00:31:45] segment 37 done (1178s elapsed)
[driver 00:31:45] generating: camera=L move=Q (l@6)
[driver 00:32:14] segment 38 done (1207s elapsed)
[driver 00:32:14] generating: camera=L move=Q (l@6)
[driver 00:32:44] segment 39 done (1237s elapsed)
[driver 00:32:44] generating: camera=L move=Q (l@6)
[driver 00:33:15] segment 40 done (1268s elapsed)
[driver 00:33:15] generating: camera=L move=Q (l@6)
[driver 00:33:47] segment 41 done (1299s elapsed)
[driver 00:33:47] generating: camera=L move=Q (l@6)
[driver 00:34:16] segment 42 done (1329s elapsed)
[driver 00:34:16] generating: camera=L move=Q (l@6)
[driver 00:34:42] segment 43 done (1355s elapsed)
[driver 00:34:42] generating: camera=L move=Q (l@6)
[driver 00:35:08] segment 44 done (1381s elapsed)
[driver 00:35:08] generating: camera=L move=Q (l@6)
[driver 00:35:34] segment 45 done (1407s elapsed)
[driver 00:35:34] generating: camera=L move=Q (l@6)
[driver 00:36:02] segment 46 done (1434s elapsed)
[driver 00:36:02] generating: camera=L move=Q (l@6)
[driver 00:36:33] segment 47 done (1465s elapsed)
[driver 00:36:33] generating: camera=L move=Q (l@6)
[driver 00:37:03] segment 48 done (1495s elapsed)
[driver 00:37:03] generating: camera=L move=Q (l@6)
[driver 00:37:33] segment 49 done (1525s elapsed)
[driver 00:37:33] generating: camera=L move=Q (l@6)
[driver 00:38:03] segment 50 done (1555s elapsed)
[driver 00:38:03] generating: camera=L move=Q (l@6)
[driver 00:38:36] segment 51 done (1588s elapsed)
[driver 00:38:36] generating: camera=L move=Q (l@6)
[driver 00:39:07] segment 52 done (1619s elapsed)
[driver 00:39:07] generating: camera=L move=Q (l@6)
[driver 00:39:39] segment 53 done (1651s elapsed)
[driver 00:39:39] generating: camera=U move=W (w@6)
[driver 00:40:12] segment 54 done (1685s elapsed)
[driver 00:40:12] generating: camera=U move=W (w@6)
[driver 00:40:48] segment 55 done (1720s elapsed)
[driver 00:40:48] generating: camera=U move=W (w@6)
[driver 00:41:24] segment 56 done (1757s elapsed)
[driver 00:41:24] generating: camera=U move=W (w@6)
[driver 00:41:59] segment 57 done (1792s elapsed)
[driver 00:41:59] generating: camera=U move=W (w@6)
[driver 00:42:33] segment 58 done (1826s elapsed)
[driver 00:42:33] generating: camera=U move=W (w@6)
[driver 00:43:02] segment 59 done (1854s elapsed)
[driver 00:43:02] generating: camera=U move=W (w@6)
[driver 00:43:29] segment 60 done (1881s elapsed)
[driver 00:43:29] generating: camera=U move=W (w@6)
[driver 00:43:58] segment 61 done (1910s elapsed)
[driver 00:43:58] generating: camera=U move=W (w@6)
[driver 00:44:26] segment 62 done (1938s elapsed)
[driver 00:44:26] generating: camera=U move=W (w@6)
[driver 00:44:56] segment 63 done (1969s elapsed)
[driver 00:44:56] generating: camera=U move=W (w@6)
[driver 00:45:29] segment 64 done (2002s elapsed)
[driver 00:45:29] generating: camera=U move=W (w@6)
[driver 00:46:02] segment 65 done (2034s elapsed)
[driver 00:46:02] generating: camera=U move=W (w@6)
[driver 00:46:35] segment 66 done (2067s elapsed)
[driver 00:46:35] generating: camera=U move=W (w@6)
[driver 00:47:08] segment 67 done (2101s elapsed)
[driver 00:47:08] generating: camera=U move=W (w@6)
[driver 00:47:42] segment 68 done (2135s elapsed)
[driver 00:47:42] generating: camera=U move=W (w@6)
[driver 00:48:17] segment 69 done (2170s elapsed)
[driver 00:48:17] generating: camera=U move=W (w@6)
[driver 00:48:52] segment 70 done (2205s elapsed)
[driver 00:48:52] generating: camera=U move=W (w@6)
[driver 00:49:26] segment 71 done (2239s elapsed)
[driver 00:49:26] generating: camera=U move=W (w@6)
[driver 00:50:00] segment 72 done (2273s elapsed)
[driver 00:50:00] generating: camera=U move=W (w@6)
[driver 00:50:31] segment 73 done (2304s elapsed)
[driver 00:50:31] generating: camera=U move=W (w@6)
[driver 00:51:00] segment 74 done (2332s elapsed)
[driver 00:51:00] generating: camera=U move=W (w@6)
[driver 00:51:28] segment 75 done (2360s elapsed)
[driver 00:51:28] generating: camera=U move=W (w@6)
[driver 00:51:57] segment 76 done (2389s elapsed)
[driver 00:51:57] generating: camera=U move=W (w@6)
[driver 00:52:25] segment 77 done (2418s elapsed)
[driver 00:52:25] generating: camera=U move=W (w@6)
[driver 00:52:55] segment 78 done (2448s elapsed)
[driver 00:52:55] generating: camera=U move=W (w@6)
[driver 00:53:27] segment 79 done (2480s elapsed)
[driver 00:53:27] generating: camera=U move=W (w@6)
[driver 00:53:59] segment 80 done (2511s elapsed)
[driver 00:53:59] generating: camera=U move=S (s@6)
[driver 00:54:41] segment 81 done (2554s elapsed)
[driver 00:54:41] generating: camera=U move=S (s@6)
[driver 00:55:18] segment 82 done (2591s elapsed)
[driver 00:55:18] generating: camera=U move=S (s@6)
[driver 00:55:53] segment 83 done (2626s elapsed)
[driver 00:55:53] generating: camera=U move=S (s@6)
[driver 00:56:28] segment 84 done (2660s elapsed)
[driver 00:56:28] generating: camera=U move=S (s@6)
[driver 00:57:03] segment 85 done (2696s elapsed)
[driver 00:57:03] generating: camera=U move=S (s@6)
[driver 00:57:37] segment 86 done (2730s elapsed)
[driver 00:57:37] generating: camera=U move=S (s@6)
[driver 00:58:11] segment 87 done (2764s elapsed)
[driver 00:58:11] generating: camera=U move=S (s@6)
[driver 00:58:49] segment 88 done (2802s elapsed)
[driver 00:58:49] generating: camera=U move=S (s@6)
[driver 00:59:30] segment 89 done (2842s elapsed)
[driver 00:59:30] generating: camera=U move=S (s@6)
[driver 01:00:09] segment 90 done (2882s elapsed)
[driver 01:00:09] generating: camera=U move=S (s@6)
[driver 01:00:44] segment 91 done (2916s elapsed)
[driver 01:00:44] generating: camera=U move=S (s@6)
[driver 01:01:22] segment 92 done (2955s elapsed)
[driver 01:01:22] generating: camera=U move=S (s@6)
[driver 01:01:55] segment 93 done (2988s elapsed)
[driver 01:01:55] generating: camera=U move=S (s@6)
[driver 01:02:28] segment 94 done (3020s elapsed)
[driver 01:02:28] generating: camera=U move=S (s@6)
[driver 01:02:57] segment 95 done (3050s elapsed)
[driver 01:02:57] generating: camera=U move=S (s@6)
[driver 01:03:27] segment 96 done (3080s elapsed)
[driver 01:03:27] generating: camera=U move=S (s@6)
[driver 01:03:59] segment 97 done (3111s elapsed)
[driver 01:03:59] generating: camera=U move=S (s@6)
[driver 01:04:32] segment 98 done (3145s elapsed)
[driver 01:04:32] generating: camera=U move=S (s@6)
[driver 01:05:07] segment 99 done (3179s elapsed)
[driver 01:05:07] generating: camera=U move=S (s@6)
[driver 01:05:40] segment 100 done (3213s elapsed)
[driver 01:05:40] generating: camera=U move=S (s@6)
[driver 01:06:13] segment 101 done (3246s elapsed)
[driver 01:06:13] generating: camera=U move=S (s@6)
[driver 01:06:43] segment 102 done (3276s elapsed)
[driver 01:06:43] generating: camera=U move=S (s@6)
[driver 01:07:12] segment 103 done (3304s elapsed)
[driver 01:07:12] generating: camera=U move=S (s@6)
[driver 01:07:42] segment 104 done (3335s elapsed)
[driver 01:07:42] generating: camera=U move=S (s@6)
[driver 01:08:11] segment 105 done (3364s elapsed)
[driver 01:08:11] generating: camera=U move=S (s@6)
[driver 01:08:41] segment 106 done (3393s elapsed)
[driver 01:08:41] generating: camera=U move=S (s@6)
[driver 01:09:11] segment 107 done (3424s elapsed)
[driver 01:09:16] saved /mnt/nfs/home/yumingl/workspace/PI/WM/baselines/demo_sample29_outputs/videos/dreamx_cam_clip05.mp4 (from dreamx_world_cam_ba977895.mp4, 50.0 MB)
