[driver 18:09:47] waiting for adapter to load ... (0s, health=None)
[driver 18:10:48] waiting for adapter to load ... (60s, health={'adapter': 'dreamx-world', 'loading': True, 'pipeline_loaded': False, 'error': None})
[driver 18:11:48] waiting for adapter to load ... (120s, health={'adapter': 'dreamx-world', 'loading': True, 'pipeline_loaded': False, 'error': None})
[driver 18:12:48] waiting for adapter to load ... (181s, health={'adapter': 'dreamx-world', 'loading': True, 'pipeline_loaded': False, 'error': None})
[driver 18:13:52] waiting for adapter to load ... (244s, health={'adapter': 'dreamx-world', 'loading': True, 'pipeline_loaded': False, 'error': None})
[driver 18:14:52] waiting for adapter to load ... (304s, health={'adapter': 'dreamx-world', 'loading': True, 'pipeline_loaded': False, 'error': None})
[driver 18:15:52] waiting for adapter to load ... (364s, health={'adapter': 'dreamx-world', 'loading': True, 'pipeline_loaded': False, 'error': None})
[driver 18:16:52] waiting for adapter to load ... (424s, health={'adapter': 'dreamx-world', 'loading': True, 'pipeline_loaded': False, 'error': None})
[driver 18:17:52] waiting for adapter to load ... (484s, health={'adapter': 'dreamx-world', 'loading': True, 'pipeline_loaded': False, 'error': None})
[driver 18:18:52] waiting for adapter to load ... (544s, health={'adapter': 'dreamx-world', 'loading': True, 'pipeline_loaded': False, 'error': None})
[driver 18:19:52] waiting for adapter to load ... (604s, health={'adapter': 'dreamx-world', 'loading': True, 'pipeline_loaded': False, 'error': None})
[driver 18:20:52] waiting for adapter to load ... (664s, health={'adapter': 'dreamx-world', 'loading': True, 'pipeline_loaded': False, 'error': None})
[driver 18:21:52] waiting for adapter to load ... (725s, health={'adapter': 'dreamx-world', 'loading': True, 'pipeline_loaded': False, 'error': None})
[driver 18:22:52] waiting for adapter to load ... (785s, health={'adapter': 'dreamx-world', 'loading': True, 'pipeline_loaded': False, 'error': None})
[driver 18:23:52] waiting for adapter to load ... (845s, health={'adapter': 'dreamx-world', 'loading': True, 'pipeline_loaded': False, 'error': None})
[driver 18:24:52] waiting for adapter to load ... (905s, health={'adapter': 'dreamx-world', 'loading': True, 'pipeline_loaded': False, 'error': None})
[driver 18:25:52] waiting for adapter to load ... (965s, health={'adapter': 'dreamx-world', 'loading': True, 'pipeline_loaded': False, 'error': None})
[driver 18:26:52] waiting for adapter to load ... (1025s, health={'adapter': 'dreamx-world', 'loading': True, 'pipeline_loaded': False, 'error': None})
[driver 18:27:52] waiting for adapter to load ... (1085s, health={'adapter': 'dreamx-world', 'loading': True, 'pipeline_loaded': False, 'error': None})
[driver 18:28:52] waiting for adapter to load ... (1145s, health={'adapter': 'dreamx-world', 'loading': True, 'pipeline_loaded': False, 'error': None})
[driver 18:29:52] waiting for adapter to load ... (1205s, health={'adapter': 'dreamx-world', 'loading': True, 'pipeline_loaded': False, 'error': None})
[driver 18:30:52] waiting for adapter to load ... (1265s, health={'adapter': 'dreamx-world', 'loading': True, 'pipeline_loaded': False, 'error': None})
[driver 18:31:52] waiting for adapter to load ... (1325s, health={'adapter': 'dreamx-world', 'loading': True, 'pipeline_loaded': False, 'error': None})
[driver 18:32:52] waiting for adapter to load ... (1385s, health={'adapter': 'dreamx-world', 'loading': True, 'pipeline_loaded': False, 'error': None})
[driver 18:33:52] waiting for adapter to load ... (1445s, health={'adapter': 'dreamx-world', 'loading': True, 'pipeline_loaded': False, 'error': None})
[driver 18:34:52] waiting for adapter to load ... (1505s, health={'adapter': 'dreamx-world', 'loading': True, 'pipeline_loaded': False, 'error': None})
[driver 18:35:52] waiting for adapter to load ... (1565s, health={'adapter': 'dreamx-world', 'loading': True, 'pipeline_loaded': False, 'error': None})
[driver 18:36:52] waiting for adapter to load ... (1625s, health={'adapter': 'dreamx-world', 'loading': True, 'pipeline_loaded': False, 'error': None})
[driver 18:37:52] waiting for adapter to load ... (1685s, health={'adapter': 'dreamx-world', 'loading': True, 'pipeline_loaded': False, 'error': None})
[driver 18:38:52] waiting for adapter to load ... (1745s, health={'adapter': 'dreamx-world', 'loading': True, 'pipeline_loaded': False, 'error': None})
[driver 18:39:52] waiting for adapter to load ... (1805s, health={'adapter': 'dreamx-world', 'loading': True, 'pipeline_loaded': False, 'error': None})
[driver 18:40:52] waiting for adapter to load ... (1865s, health={'adapter': 'dreamx-world', 'loading': True, 'pipeline_loaded': False, 'error': None})
[driver 18:41:52] waiting for adapter to load ... (1925s, health={'adapter': 'dreamx-world', 'loading': True, 'pipeline_loaded': False, 'error': None})
[driver 18:42:52] waiting for adapter to load ... (1985s, health={'adapter': 'dreamx-world', 'loading': True, 'pipeline_loaded': False, 'error': None})
[driver 18:43:52] waiting for adapter to load ... (2045s, health={'adapter': 'dreamx-world', 'loading': True, 'pipeline_loaded': False, 'error': None})
[driver 18:44:53] waiting for adapter to load ... (2105s, health={'adapter': 'dreamx-world', 'loading': True, 'pipeline_loaded': False, 'error': None})
[driver 18:45:53] waiting for adapter to load ... (2165s, health={'adapter': 'dreamx-world', 'loading': True, 'pipeline_loaded': False, 'error': None})
[driver 18:46:53] waiting for adapter to load ... (2225s, health={'adapter': 'dreamx-world', 'loading': True, 'pipeline_loaded': False, 'error': None})
[driver 18:47:53] waiting for adapter to load ... (2285s, health={'adapter': 'dreamx-world', 'loading': True, 'pipeline_loaded': False, 'error': None})
[driver 18:48:53] waiting for adapter to load ... (2345s, health={'adapter': 'dreamx-world', 'loading': True, 'pipeline_loaded': False, 'error': None})
[driver 18:49:53] waiting for adapter to load ... (2405s, health={'adapter': 'dreamx-world', 'loading': True, 'pipeline_loaded': False, 'error': None})
[driver 18:50:53] waiting for adapter to load ... (2465s, health={'adapter': 'dreamx-world', 'loading': True, 'pipeline_loaded': False, 'error': None})
[driver 18:51:53] waiting for adapter to load ... (2525s, health={'adapter': 'dreamx-world', 'loading': True, 'pipeline_loaded': False, 'error': None})
[driver 18:52:53] waiting for adapter to load ... (2585s, health={'adapter': 'dreamx-world', 'loading': True, 'pipeline_loaded': False, 'error': None})
[driver 18:53:53] waiting for adapter to load ... (2645s, health={'adapter': 'dreamx-world', 'loading': True, 'pipeline_loaded': False, 'error': None})
[driver 18:54:53] waiting for adapter to load ... (2705s, health={'adapter': 'dreamx-world', 'loading': True, 'pipeline_loaded': False, 'error': None})
[driver 18:55:53] waiting for adapter to load ... (2765s, health={'adapter': 'dreamx-world', 'loading': True, 'pipeline_loaded': False, 'error': None})
[driver 18:56:53] waiting for adapter to load ... (2825s, health={'adapter': 'dreamx-world', 'loading': True, 'pipeline_loaded': False, 'error': None})
[driver 18:57:53] waiting for adapter to load ... (2885s, health={'adapter': 'dreamx-world', 'loading': True, 'pipeline_loaded': False, 'error': None})
[driver 18:58:53] waiting for adapter to load ... (2946s, health={'adapter': 'dreamx-world', 'loading': True, 'pipeline_loaded': False, 'error': None})
[driver 18:59:53] waiting for adapter to load ... (3006s, health={'adapter': 'dreamx-world', 'loading': True, 'pipeline_loaded': False, 'error': None})
[driver 19:00:53] waiting for adapter to load ... (3066s, health={'adapter': 'dreamx-world', 'loading': True, 'pipeline_loaded': False, 'error': None})
[driver 19:01:53] waiting for adapter to load ... (3126s, health={'adapter': 'dreamx-world', 'loading': True, 'pipeline_loaded': False, 'error': None})
[driver 19:02:53] waiting for adapter to load ... (3186s, health={'adapter': 'dreamx-world', 'loading': True, 'pipeline_loaded': False, 'error': None})
[driver 19:03:23] adapter 'dreamx-world' ready after 3216s
[driver 19:03:23] === session maxlen_dreamx_ar_1929f: 1 action(s), expecting 1 segment(s)
[driver 19:03:23] session id 6e1b68a6
[driver 19:03:23] queued 1 action(s)
[driver 19:03:24] status: Ready: DreamX-World ar adapter.
[driver 19:03:24] generating: w@6
[driver 01:03:24] stop failed (ignored): URLError(ConnectionRefusedError(111, 'Connection refused'))
[driver 01:03:29] FAIL maxlen_dreamx_ar_1929f: no combined video in /mnt/nfs/home/yumingl/workspace/PI/WM/baselines/demo/sessions/6e1b68a6
