[driver 18:09:47] waiting for adapter to load ... (0s, health=None)
[driver 18:10:49] waiting for adapter to load ... (62s, health={'adapter': 'hy-worldplay', 'loading': True, 'pipeline_loaded': False, 'error': None})
[driver 18:11:49] waiting for adapter to load ... (122s, health={'adapter': 'hy-worldplay', 'loading': True, 'pipeline_loaded': False, 'error': None})
[driver 18:12:49] waiting for adapter to load ... (182s, health={'adapter': 'hy-worldplay', 'loading': True, 'pipeline_loaded': False, 'error': None})
[driver 18:13:49] waiting for adapter to load ... (242s, health={'adapter': 'hy-worldplay', 'loading': True, 'pipeline_loaded': False, 'error': None})
[driver 18:14:49] waiting for adapter to load ... (302s, health={'adapter': 'hy-worldplay', 'loading': True, 'pipeline_loaded': False, 'error': None})
[driver 18:15:51] waiting for adapter to load ... (364s, health={'adapter': 'hy-worldplay', 'loading': True, 'pipeline_loaded': False, 'error': None})
[driver 18:16:55] waiting for adapter to load ... (428s, health={'adapter': 'hy-worldplay', 'loading': True, 'pipeline_loaded': False, 'error': None})
[driver 18:17:59] waiting for adapter to load ... (492s, health={'adapter': 'hy-worldplay', 'loading': True, 'pipeline_loaded': False, 'error': None})
[driver 18:18:59] waiting for adapter to load ... (552s, health={'adapter': 'hy-worldplay', 'loading': True, 'pipeline_loaded': False, 'error': None})
[driver 18:19:59] waiting for adapter to load ... (612s, health={'adapter': 'hy-worldplay', 'loading': True, 'pipeline_loaded': False, 'error': None})
[driver 18:20:59] waiting for adapter to load ... (672s, health={'adapter': 'hy-worldplay', 'loading': True, 'pipeline_loaded': False, 'error': None})
[driver 18:21:59] waiting for adapter to load ... (732s, health={'adapter': 'hy-worldplay', 'loading': True, 'pipeline_loaded': False, 'error': None})
[driver 18:22:59] waiting for adapter to load ... (792s, health={'adapter': 'hy-worldplay', 'loading': True, 'pipeline_loaded': False, 'error': None})
[driver 18:23:59] waiting for adapter to load ... (852s, health={'adapter': 'hy-worldplay', 'loading': True, 'pipeline_loaded': False, 'error': None})
[driver 18:24:59] waiting for adapter to load ... (912s, health={'adapter': 'hy-worldplay', 'loading': True, 'pipeline_loaded': False, 'error': None})
[driver 18:25:59] waiting for adapter to load ... (972s, health={'adapter': 'hy-worldplay', 'loading': True, 'pipeline_loaded': False, 'error': None})
[driver 18:26:59] waiting for adapter to load ... (1032s, health={'adapter': 'hy-worldplay', 'loading': True, 'pipeline_loaded': False, 'error': None})
[driver 18:27:59] waiting for adapter to load ... (1092s, health={'adapter': 'hy-worldplay', 'loading': True, 'pipeline_loaded': False, 'error': None})
[driver 18:28:59] waiting for adapter to load ... (1152s, health={'adapter': 'hy-worldplay', 'loading': True, 'pipeline_loaded': False, 'error': None})
[driver 18:29:59] waiting for adapter to load ... (1212s, health={'adapter': 'hy-worldplay', 'loading': True, 'pipeline_loaded': False, 'error': None})
[driver 18:30:59] waiting for adapter to load ... (1272s, health={'adapter': 'hy-worldplay', 'loading': True, 'pipeline_loaded': False, 'error': None})
[driver 18:31:59] waiting for adapter to load ... (1332s, health={'adapter': 'hy-worldplay', 'loading': True, 'pipeline_loaded': False, 'error': None})
[driver 18:32:59] waiting for adapter to load ... (1392s, health={'adapter': 'hy-worldplay', 'loading': True, 'pipeline_loaded': False, 'error': None})
[driver 18:33:59] waiting for adapter to load ... (1452s, health={'adapter': 'hy-worldplay', 'loading': True, 'pipeline_loaded': False, 'error': None})
[driver 18:34:59] waiting for adapter to load ... (1512s, health={'adapter': 'hy-worldplay', 'loading': True, 'pipeline_loaded': False, 'error': None})
[driver 18:35:59] waiting for adapter to load ... (1572s, health={'adapter': 'hy-worldplay', 'loading': True, 'pipeline_loaded': False, 'error': None})
[driver 18:36:59] waiting for adapter to load ... (1632s, health={'adapter': 'hy-worldplay', 'loading': True, 'pipeline_loaded': False, 'error': None})
[driver 18:37:59] waiting for adapter to load ... (1692s, health={'adapter': 'hy-worldplay', 'loading': True, 'pipeline_loaded': False, 'error': None})
[driver 18:38:59] waiting for adapter to load ... (1752s, health={'adapter': 'hy-worldplay', 'loading': True, 'pipeline_loaded': False, 'error': None})
[driver 18:40:00] waiting for adapter to load ... (1813s, health={'adapter': 'hy-worldplay', 'loading': True, 'pipeline_loaded': False, 'error': None})
[driver 18:41:04] waiting for adapter to load ... (1877s, health={'adapter': 'hy-worldplay', 'loading': True, 'pipeline_loaded': False, 'error': None})
[driver 18:42:07] waiting for adapter to load ... (1940s, health={'adapter': 'hy-worldplay', 'loading': True, 'pipeline_loaded': False, 'error': None})
[driver 18:43:07] waiting for adapter to load ... (2000s, health={'adapter': 'hy-worldplay', 'loading': True, 'pipeline_loaded': False, 'error': None})
[driver 18:44:07] waiting for adapter to load ... (2060s, health={'adapter': 'hy-worldplay', 'loading': True, 'pipeline_loaded': False, 'error': None})
[driver 18:45:07] waiting for adapter to load ... (2120s, health={'adapter': 'hy-worldplay', 'loading': True, 'pipeline_loaded': False, 'error': None})
[driver 18:46:07] waiting for adapter to load ... (2180s, health={'adapter': 'hy-worldplay', 'loading': True, 'pipeline_loaded': False, 'error': None})
[driver 18:47:07] waiting for adapter to load ... (2240s, health={'adapter': 'hy-worldplay', 'loading': True, 'pipeline_loaded': False, 'error': None})
[driver 18:48:07] waiting for adapter to load ... (2300s, health={'adapter': 'hy-worldplay', 'loading': True, 'pipeline_loaded': False, 'error': None})
[driver 18:49:07] waiting for adapter to load ... (2360s, health={'adapter': 'hy-worldplay', 'loading': True, 'pipeline_loaded': False, 'error': None})
[driver 18:50:07] waiting for adapter to load ... (2420s, health={'adapter': 'hy-worldplay', 'loading': True, 'pipeline_loaded': False, 'error': None})
[driver 18:51:07] waiting for adapter to load ... (2480s, health={'adapter': 'hy-worldplay', 'loading': True, 'pipeline_loaded': False, 'error': None})
[driver 18:52:07] waiting for adapter to load ... (2540s, health={'adapter': 'hy-worldplay', 'loading': True, 'pipeline_loaded': False, 'error': None})
[driver 18:53:07] waiting for adapter to load ... (2600s, health={'adapter': 'hy-worldplay', 'loading': True, 'pipeline_loaded': False, 'error': None})
[driver 18:54:07] waiting for adapter to load ... (2660s, health={'adapter': 'hy-worldplay', 'loading': True, 'pipeline_loaded': False, 'error': None})
[driver 18:55:07] waiting for adapter to load ... (2720s, health={'adapter': 'hy-worldplay', 'loading': True, 'pipeline_loaded': False, 'error': None})
[driver 18:56:07] waiting for adapter to load ... (2780s, health={'adapter': 'hy-worldplay', 'loading': True, 'pipeline_loaded': False, 'error': None})
[driver 18:57:07] waiting for adapter to load ... (2840s, health={'adapter': 'hy-worldplay', 'loading': True, 'pipeline_loaded': False, 'error': None})
[driver 18:58:07] waiting for adapter to load ... (2900s, health={'adapter': 'hy-worldplay', 'loading': True, 'pipeline_loaded': False, 'error': None})
[driver 18:59:07] waiting for adapter to load ... (2960s, health={'adapter': 'hy-worldplay', 'loading': True, 'pipeline_loaded': False, 'error': None})
[driver 19:00:07] waiting for adapter to load ... (3020s, health={'adapter': 'hy-worldplay', 'loading': True, 'pipeline_loaded': False, 'error': None})
[driver 19:01:07] waiting for adapter to load ... (3080s, health={'adapter': 'hy-worldplay', 'loading': True, 'pipeline_loaded': False, 'error': None})
[driver 19:02:07] waiting for adapter to load ... (3140s, health={'adapter': 'hy-worldplay', 'loading': True, 'pipeline_loaded': False, 'error': None})
[driver 19:03:08] waiting for adapter to load ... (3200s, health={'adapter': 'hy-worldplay', 'loading': True, 'pipeline_loaded': False, 'error': None})
[driver 19:04:08] waiting for adapter to load ... (3260s, health={'adapter': 'hy-worldplay', 'loading': True, 'pipeline_loaded': False, 'error': None})
[driver 19:05:08] waiting for adapter to load ... (3320s, health={'adapter': 'hy-worldplay', 'loading': True, 'pipeline_loaded': False, 'error': None})
[driver 19:06:08] waiting for adapter to load ... (3380s, health={'adapter': 'hy-worldplay', 'loading': True, 'pipeline_loaded': False, 'error': None})
[driver 19:07:08] waiting for adapter to load ... (3440s, health={'adapter': 'hy-worldplay', 'loading': True, 'pipeline_loaded': False, 'error': None})
[driver 19:07:29] adapter 'hy-worldplay' ready after 3462s
[driver 19:07:29] === session maxlen_hy_bi_2881f: 1 action(s), expecting 1 segment(s)
[driver 19:07:29] session id bc3f6ad3
[driver 19:07:29] queued 1 action(s)
[driver 19:07:30] status: Ready: HY-WorldPlay bi adapter.
[driver 19:07:31] generating: w-180,l-180,w-180,s-180
[driver 01:07:29] stop failed (ignored): URLError(ConnectionRefusedError(111, 'Connection refused'))
[driver 01:07:34] FAIL maxlen_hy_bi_2881f: no combined video in /mnt/nfs/home/yumingl/workspace/PI/WM/baselines/demo/sessions/bc3f6ad3
