[driver 18:09:55] waiting for adapter to load ... (0s, health=None)
[driver 18:10:55] waiting for adapter to load ... (60s, health={'adapter': 'sana-wm', 'loading': True, 'pipeline_loaded': False, 'error': None})
[driver 18:11:56] waiting for adapter to load ... (120s, health={'adapter': 'sana-wm', 'loading': True, 'pipeline_loaded': False, 'error': None})
[driver 18:13:00] waiting for adapter to load ... (185s, health={'adapter': 'sana-wm', 'loading': True, 'pipeline_loaded': False, 'error': None})
[driver 18:14:03] waiting for adapter to load ... (248s, health={'adapter': 'sana-wm', 'loading': True, 'pipeline_loaded': False, 'error': None})
[driver 18:15:07] waiting for adapter to load ... (312s, health={'adapter': 'sana-wm', 'loading': True, 'pipeline_loaded': False, 'error': None})
[driver 18:16:10] waiting for adapter to load ... (375s, health={'adapter': 'sana-wm', 'loading': True, 'pipeline_loaded': False, 'error': None})
[driver 18:17:10] waiting for adapter to load ... (435s, health={'adapter': 'sana-wm', 'loading': True, 'pipeline_loaded': False, 'error': None})
[driver 18:18:10] waiting for adapter to load ... (495s, health={'adapter': 'sana-wm', 'loading': True, 'pipeline_loaded': False, 'error': None})
[driver 18:19:10] waiting for adapter to load ... (555s, health={'adapter': 'sana-wm', 'loading': True, 'pipeline_loaded': False, 'error': None})
[driver 18:20:10] waiting for adapter to load ... (615s, health={'adapter': 'sana-wm', 'loading': True, 'pipeline_loaded': False, 'error': None})
[driver 18:21:10] waiting for adapter to load ... (675s, health={'adapter': 'sana-wm', 'loading': True, 'pipeline_loaded': False, 'error': None})
[driver 18:22:10] waiting for adapter to load ... (735s, health={'adapter': 'sana-wm', 'loading': True, 'pipeline_loaded': False, 'error': None})
[driver 18:23:10] waiting for adapter to load ... (795s, health={'adapter': 'sana-wm', 'loading': True, 'pipeline_loaded': False, 'error': None})
[driver 18:24:10] waiting for adapter to load ... (855s, health={'adapter': 'sana-wm', 'loading': True, 'pipeline_loaded': False, 'error': None})
[driver 18:25:10] waiting for adapter to load ... (915s, health={'adapter': 'sana-wm', 'loading': True, 'pipeline_loaded': False, 'error': None})
[driver 18:26:10] waiting for adapter to load ... (975s, health={'adapter': 'sana-wm', 'loading': True, 'pipeline_loaded': False, 'error': None})
[driver 18:27:10] waiting for adapter to load ... (1035s, health={'adapter': 'sana-wm', 'loading': True, 'pipeline_loaded': False, 'error': None})
[driver 18:28:10] waiting for adapter to load ... (1095s, health={'adapter': 'sana-wm', 'loading': True, 'pipeline_loaded': False, 'error': None})
[driver 18:29:10] waiting for adapter to load ... (1155s, health={'adapter': 'sana-wm', 'loading': True, 'pipeline_loaded': False, 'error': None})
[driver 18:30:10] waiting for adapter to load ... (1215s, health={'adapter': 'sana-wm', 'loading': True, 'pipeline_loaded': False, 'error': None})
[driver 18:31:10] waiting for adapter to load ... (1275s, health={'adapter': 'sana-wm', 'loading': True, 'pipeline_loaded': False, 'error': None})
[driver 18:32:10] waiting for adapter to load ... (1335s, health={'adapter': 'sana-wm', 'loading': True, 'pipeline_loaded': False, 'error': None})
[driver 18:33:10] waiting for adapter to load ... (1395s, health={'adapter': 'sana-wm', 'loading': True, 'pipeline_loaded': False, 'error': None})
[driver 18:34:10] waiting for adapter to load ... (1455s, health={'adapter': 'sana-wm', 'loading': True, 'pipeline_loaded': False, 'error': None})
[driver 18:35:10] waiting for adapter to load ... (1515s, health={'adapter': 'sana-wm', 'loading': True, 'pipeline_loaded': False, 'error': None})
[driver 18:36:10] waiting for adapter to load ... (1575s, health={'adapter': 'sana-wm', 'loading': True, 'pipeline_loaded': False, 'error': None})
[driver 18:37:10] waiting for adapter to load ... (1635s, health={'adapter': 'sana-wm', 'loading': True, 'pipeline_loaded': False, 'error': None})
[driver 18:38:10] waiting for adapter to load ... (1695s, health={'adapter': 'sana-wm', 'loading': True, 'pipeline_loaded': False, 'error': None})
[driver 18:39:10] waiting for adapter to load ... (1755s, health={'adapter': 'sana-wm', 'loading': True, 'pipeline_loaded': False, 'error': None})
[driver 18:40:10] waiting for adapter to load ... (1815s, health={'adapter': 'sana-wm', 'loading': True, 'pipeline_loaded': False, 'error': None})
[driver 18:41:10] waiting for adapter to load ... (1875s, health={'adapter': 'sana-wm', 'loading': True, 'pipeline_loaded': False, 'error': None})
[driver 18:42:11] waiting for adapter to load ... (1935s, health={'adapter': 'sana-wm', 'loading': True, 'pipeline_loaded': False, 'error': None})
[driver 18:43:11] waiting for adapter to load ... (1995s, health={'adapter': 'sana-wm', 'loading': True, 'pipeline_loaded': False, 'error': None})
[driver 18:44:11] waiting for adapter to load ... (2055s, health={'adapter': 'sana-wm', 'loading': True, 'pipeline_loaded': False, 'error': None})
[driver 18:45:11] waiting for adapter to load ... (2115s, health={'adapter': 'sana-wm', 'loading': True, 'pipeline_loaded': False, 'error': None})
[driver 18:46:11] waiting for adapter to load ... (2175s, health={'adapter': 'sana-wm', 'loading': True, 'pipeline_loaded': False, 'error': None})
[driver 18:47:11] waiting for adapter to load ... (2235s, health={'adapter': 'sana-wm', 'loading': True, 'pipeline_loaded': False, 'error': None})
[driver 18:48:11] waiting for adapter to load ... (2295s, health={'adapter': 'sana-wm', 'loading': True, 'pipeline_loaded': False, 'error': None})
[driver 18:49:11] waiting for adapter to load ... (2356s, health={'adapter': 'sana-wm', 'loading': True, 'pipeline_loaded': False, 'error': None})
[driver 18:50:11] waiting for adapter to load ... (2416s, health={'adapter': 'sana-wm', 'loading': True, 'pipeline_loaded': False, 'error': None})
[driver 18:51:11] waiting for adapter to load ... (2476s, health={'adapter': 'sana-wm', 'loading': True, 'pipeline_loaded': False, 'error': None})
[driver 18:52:11] waiting for adapter to load ... (2536s, health={'adapter': 'sana-wm', 'loading': True, 'pipeline_loaded': False, 'error': None})
[driver 18:53:11] waiting for adapter to load ... (2596s, health={'adapter': 'sana-wm', 'loading': True, 'pipeline_loaded': False, 'error': None})
[driver 18:54:11] waiting for adapter to load ... (2656s, health={'adapter': 'sana-wm', 'loading': True, 'pipeline_loaded': False, 'error': None})
[driver 18:55:11] waiting for adapter to load ... (2716s, health={'adapter': 'sana-wm', 'loading': True, 'pipeline_loaded': False, 'error': None})
[driver 18:56:11] waiting for adapter to load ... (2776s, health={'adapter': 'sana-wm', 'loading': True, 'pipeline_loaded': False, 'error': None})
[driver 18:57:11] waiting for adapter to load ... (2836s, health={'adapter': 'sana-wm', 'loading': True, 'pipeline_loaded': False, 'error': None})
[driver 18:58:11] waiting for adapter to load ... (2896s, health={'adapter': 'sana-wm', 'loading': True, 'pipeline_loaded': False, 'error': None})
[driver 18:59:11] waiting for adapter to load ... (2956s, health={'adapter': 'sana-wm', 'loading': True, 'pipeline_loaded': False, 'error': None})
[driver 19:00:11] waiting for adapter to load ... (3016s, health={'adapter': 'sana-wm', 'loading': True, 'pipeline_loaded': False, 'error': None})
[driver 19:01:11] waiting for adapter to load ... (3076s, health={'adapter': 'sana-wm', 'loading': True, 'pipeline_loaded': False, 'error': None})
[driver 19:02:11] waiting for adapter to load ... (3136s, health={'adapter': 'sana-wm', 'loading': True, 'pipeline_loaded': False, 'error': None})
[driver 19:03:11] waiting for adapter to load ... (3196s, health={'adapter': 'sana-wm', 'loading': True, 'pipeline_loaded': False, 'error': None})
[driver 19:04:11] waiting for adapter to load ... (3256s, health={'adapter': 'sana-wm', 'loading': True, 'pipeline_loaded': False, 'error': None})
[driver 19:05:11] waiting for adapter to load ... (3316s, health={'adapter': 'sana-wm', 'loading': True, 'pipeline_loaded': False, 'error': None})
[driver 19:06:11] waiting for adapter to load ... (3376s, health={'adapter': 'sana-wm', 'loading': True, 'pipeline_loaded': False, 'error': None})
[driver 19:07:11] waiting for adapter to load ... (3436s, health={'adapter': 'sana-wm', 'loading': True, 'pipeline_loaded': False, 'error': None})
[driver 19:08:11] waiting for adapter to load ... (3496s, health={'adapter': 'sana-wm', 'loading': True, 'pipeline_loaded': False, 'error': None})
[driver 19:09:11] waiting for adapter to load ... (3556s, health={'adapter': 'sana-wm', 'loading': True, 'pipeline_loaded': False, 'error': None})
[driver 19:10:11] waiting for adapter to load ... (3616s, health={'adapter': 'sana-wm', 'loading': True, 'pipeline_loaded': False, 'error': None})
[driver 19:11:11] waiting for adapter to load ... (3676s, health={'adapter': 'sana-wm', 'loading': True, 'pipeline_loaded': False, 'error': None})
[driver 19:12:11] waiting for adapter to load ... (3736s, health={'adapter': 'sana-wm', 'loading': True, 'pipeline_loaded': False, 'error': None})
[driver 19:13:13] waiting for adapter to load ... (3797s, health=None)
[driver 19:14:13] waiting for adapter to load ... (3857s, health=None)
[driver 19:15:13] waiting for adapter to load ... (3917s, health=None)
[driver 19:16:13] waiting for adapter to load ... (3977s, health=None)
[driver 19:17:13] waiting for adapter to load ... (4037s, health=None)
[driver 19:18:13] waiting for adapter to load ... (4097s, health=None)
[driver 19:19:13] waiting for adapter to load ... (4157s, health=None)
[driver 19:20:13] waiting for adapter to load ... (4217s, health=None)
[driver 19:21:13] waiting for adapter to load ... (4277s, health=None)
[driver 19:22:13] waiting for adapter to load ... (4337s, health=None)
[driver 19:23:13] waiting for adapter to load ... (4398s, health=None)
[driver 19:24:13] waiting for adapter to load ... (4458s, health=None)
[driver 19:25:13] waiting for adapter to load ... (4518s, health=None)
[driver 19:26:13] waiting for adapter to load ... (4578s, health=None)
[driver 19:27:13] waiting for adapter to load ... (4638s, health=None)
[driver 19:28:13] waiting for adapter to load ... (4698s, health=None)
[driver 19:29:13] waiting for adapter to load ... (4758s, health=None)
[driver 19:30:13] waiting for adapter to load ... (4818s, health=None)
[driver 19:31:13] waiting for adapter to load ... (4878s, health=None)
[driver 19:32:13] waiting for adapter to load ... (4938s, health=None)
[driver 19:33:13] waiting for adapter to load ... (4998s, health=None)
[driver 19:34:13] waiting for adapter to load ... (5058s, health=None)
[driver 19:35:13] waiting for adapter to load ... (5118s, health=None)
[driver 19:36:13] waiting for adapter to load ... (5178s, health=None)
[driver 19:37:13] waiting for adapter to load ... (5238s, health=None)
[driver 19:38:13] waiting for adapter to load ... (5298s, health=None)
[driver 19:39:13] waiting for adapter to load ... (5358s, health=None)
Traceback (most recent call last):
  File "/mnt/nfs/home/yumingl/workspace/PI/WM/baselines/demo_sample29_outputs/driver.py", line 203, in <module>
    sys.exit(main())
             ~~~~^^
  File "/mnt/nfs/home/yumingl/workspace/PI/WM/baselines/demo_sample29_outputs/driver.py", line 190, in main
    wait_ready(args.base, args.load_timeout)
    ~~~~~~~~~~^^^^^^^^^^^^^^^^^^^^^^^^^^^^^^
  File "/mnt/nfs/home/yumingl/workspace/PI/WM/baselines/demo_sample29_outputs/driver.py", line 88, in wait_ready
    raise TimeoutError(f"server not ready after {timeout_s}s (health={h})")
TimeoutError: server not ready after 5400s (health=None)
