[driver 18:09:47] waiting for adapter to load ... (0s, health=None)
[driver 18:10:47] waiting for adapter to load ... (60s, health={'adapter': 'dreamx-world', 'loading': True, 'pipeline_loaded': False, 'error': None})
[driver 18:11:47] waiting for adapter to load ... (120s, health={'adapter': 'dreamx-world', 'loading': True, 'pipeline_loaded': False, 'error': None})
[driver 18:12:48] waiting for adapter to load ... (181s, health={'adapter': 'dreamx-world', 'loading': True, 'pipeline_loaded': False, 'error': None})
[driver 18:13:52] waiting for adapter to load ... (244s, health={'adapter': 'dreamx-world', 'loading': True, 'pipeline_loaded': False, 'error': None})
[driver 18:14:52] waiting for adapter to load ... (305s, health={'adapter': 'dreamx-world', 'loading': True, 'pipeline_loaded': False, 'error': None})
[driver 18:15:52] waiting for adapter to load ... (365s, health={'adapter': 'dreamx-world', 'loading': True, 'pipeline_loaded': False, 'error': None})
[driver 18:16:56] waiting for adapter to load ... (429s, health={'adapter': 'dreamx-world', 'loading': True, 'pipeline_loaded': False, 'error': None})
[driver 18:17:57] waiting for adapter to load ... (489s, health={'adapter': 'dreamx-world', 'loading': True, 'pipeline_loaded': False, 'error': None})
[driver 18:18:57] waiting for adapter to load ... (549s, health={'adapter': 'dreamx-world', 'loading': True, 'pipeline_loaded': False, 'error': None})
[driver 18:19:57] waiting for adapter to load ... (609s, health={'adapter': 'dreamx-world', 'loading': True, 'pipeline_loaded': False, 'error': None})
[driver 18:20:57] waiting for adapter to load ... (669s, health={'adapter': 'dreamx-world', 'loading': True, 'pipeline_loaded': False, 'error': None})
[driver 18:21:57] waiting for adapter to load ... (729s, health={'adapter': 'dreamx-world', 'loading': True, 'pipeline_loaded': False, 'error': None})
[driver 18:22:57] waiting for adapter to load ... (789s, health={'adapter': 'dreamx-world', 'loading': True, 'pipeline_loaded': False, 'error': None})
[driver 18:23:57] waiting for adapter to load ... (849s, health={'adapter': 'dreamx-world', 'loading': True, 'pipeline_loaded': False, 'error': None})
[driver 18:24:57] waiting for adapter to load ... (910s, health={'adapter': 'dreamx-world', 'loading': True, 'pipeline_loaded': False, 'error': None})
[driver 18:25:57] waiting for adapter to load ... (970s, health={'adapter': 'dreamx-world', 'loading': True, 'pipeline_loaded': False, 'error': None})
[driver 18:26:57] waiting for adapter to load ... (1030s, health={'adapter': 'dreamx-world', 'loading': True, 'pipeline_loaded': False, 'error': None})
[driver 18:27:57] waiting for adapter to load ... (1090s, health={'adapter': 'dreamx-world', 'loading': True, 'pipeline_loaded': False, 'error': None})
[driver 18:28:57] waiting for adapter to load ... (1150s, health={'adapter': 'dreamx-world', 'loading': True, 'pipeline_loaded': False, 'error': None})
[driver 18:29:57] waiting for adapter to load ... (1210s, health={'adapter': 'dreamx-world', 'loading': True, 'pipeline_loaded': False, 'error': None})
[driver 18:30:57] waiting for adapter to load ... (1270s, health={'adapter': 'dreamx-world', 'loading': True, 'pipeline_loaded': False, 'error': None})
[driver 18:31:57] waiting for adapter to load ... (1330s, health={'adapter': 'dreamx-world', 'loading': True, 'pipeline_loaded': False, 'error': None})
[driver 18:32:57] waiting for adapter to load ... (1390s, health={'adapter': 'dreamx-world', 'loading': True, 'pipeline_loaded': False, 'error': None})
[driver 18:33:57] waiting for adapter to load ... (1450s, health={'adapter': 'dreamx-world', 'loading': True, 'pipeline_loaded': False, 'error': None})
[driver 18:34:57] waiting for adapter to load ... (1510s, health={'adapter': 'dreamx-world', 'loading': True, 'pipeline_loaded': False, 'error': None})
[driver 18:35:57] waiting for adapter to load ... (1570s, health={'adapter': 'dreamx-world', 'loading': True, 'pipeline_loaded': False, 'error': None})
[driver 18:36:57] waiting for adapter to load ... (1630s, health={'adapter': 'dreamx-world', 'loading': True, 'pipeline_loaded': False, 'error': None})
[driver 18:37:57] waiting for adapter to load ... (1690s, health={'adapter': 'dreamx-world', 'loading': True, 'pipeline_loaded': False, 'error': None})
[driver 18:38:57] waiting for adapter to load ... (1750s, health={'adapter': 'dreamx-world', 'loading': True, 'pipeline_loaded': False, 'error': None})
[driver 18:39:57] waiting for adapter to load ... (1810s, health={'adapter': 'dreamx-world', 'loading': True, 'pipeline_loaded': False, 'error': None})
[driver 18:40:57] waiting for adapter to load ... (1870s, health={'adapter': 'dreamx-world', 'loading': True, 'pipeline_loaded': False, 'error': None})
[driver 18:41:57] waiting for adapter to load ... (1930s, health={'adapter': 'dreamx-world', 'loading': True, 'pipeline_loaded': False, 'error': None})
[driver 18:42:57] waiting for adapter to load ... (1990s, health={'adapter': 'dreamx-world', 'loading': True, 'pipeline_loaded': False, 'error': None})
[driver 18:43:57] waiting for adapter to load ... (2050s, health={'adapter': 'dreamx-world', 'loading': True, 'pipeline_loaded': False, 'error': None})
[driver 18:45:02] waiting for adapter to load ... (2114s, health={'adapter': 'dreamx-world', 'loading': True, 'pipeline_loaded': False, 'error': None})
[driver 18:46:02] waiting for adapter to load ... (2174s, health={'adapter': 'dreamx-world', 'loading': True, 'pipeline_loaded': False, 'error': None})
[driver 18:47:02] waiting for adapter to load ... (2234s, health={'adapter': 'dreamx-world', 'loading': True, 'pipeline_loaded': False, 'error': None})
[driver 18:48:02] waiting for adapter to load ... (2294s, health={'adapter': 'dreamx-world', 'loading': True, 'pipeline_loaded': False, 'error': None})
[driver 18:49:02] waiting for adapter to load ... (2354s, health={'adapter': 'dreamx-world', 'loading': True, 'pipeline_loaded': False, 'error': None})
[driver 18:50:02] waiting for adapter to load ... (2414s, health={'adapter': 'dreamx-world', 'loading': True, 'pipeline_loaded': False, 'error': None})
[driver 18:51:02] waiting for adapter to load ... (2474s, health={'adapter': 'dreamx-world', 'loading': True, 'pipeline_loaded': False, 'error': None})
[driver 18:52:02] waiting for adapter to load ... (2534s, health={'adapter': 'dreamx-world', 'loading': True, 'pipeline_loaded': False, 'error': None})
[driver 18:53:02] waiting for adapter to load ... (2594s, health={'adapter': 'dreamx-world', 'loading': True, 'pipeline_loaded': False, 'error': None})
[driver 18:54:02] waiting for adapter to load ... (2654s, health={'adapter': 'dreamx-world', 'loading': True, 'pipeline_loaded': False, 'error': None})
[driver 18:55:02] waiting for adapter to load ... (2714s, health={'adapter': 'dreamx-world', 'loading': True, 'pipeline_loaded': False, 'error': None})
[driver 18:56:02] waiting for adapter to load ... (2775s, health={'adapter': 'dreamx-world', 'loading': True, 'pipeline_loaded': False, 'error': None})
[driver 18:57:02] waiting for adapter to load ... (2835s, health={'adapter': 'dreamx-world', 'loading': True, 'pipeline_loaded': False, 'error': None})
[driver 18:58:02] waiting for adapter to load ... (2895s, health={'adapter': 'dreamx-world', 'loading': True, 'pipeline_loaded': False, 'error': None})
[driver 18:58:42] adapter 'dreamx-world' ready after 2935s
[driver 18:58:42] === session maxlen_dreamx_cam_1201f: 1 action(s), expecting 1 segment(s)
[driver 18:58:42] session id d4f536b4
[driver 18:58:42] queued 1 action(s)
[driver 18:58:42] status: Ready: DreamX-World cam adapter.
[driver 18:58:42] generating: w@6
[driver 19:01:26] ERROR event: run_session failed: OutOfMemoryError('CUDA out of memory. Tried to allocate 14.15 GiB. GPU 0 has a total capacity of 139.79 GiB of which 8.65 GiB is free. Including non-PyTorch memory, this process has 131.14 GiB memory in use. Of the allocated memory 130.37 GiB is allocated by PyTorch, and 88.18 MiB is reserved by PyTorch but unallocated. If reserved but unallocated memory is large try setting PYTORCH_CUDA_ALLOC_CONF=expandable_segments:True to avoid fragmentation.  See documentation for Memory Management  (https://pytorch.org/docs/stable/notes/cuda.html#environment-variables)')
[driver 19:01:31] FAIL maxlen_dreamx_cam_1201f: no combined video in /mnt/nfs/home/yumingl/workspace/PI/WM/baselines/demo/sessions/d4f536b4
