[driver 18:09:47] waiting for adapter to load ... (0s, health=None)
[driver 18:10:49] waiting for adapter to load ... (62s, health={'adapter': 'hy-worldplay', 'loading': True, 'pipeline_loaded': False, 'error': None})
[driver 18:11:49] waiting for adapter to load ... (122s, health={'adapter': 'hy-worldplay', 'loading': True, 'pipeline_loaded': False, 'error': None})
[driver 18:12:49] waiting for adapter to load ... (182s, health={'adapter': 'hy-worldplay', 'loading': True, 'pipeline_loaded': False, 'error': None})
[driver 18:13:49] waiting for adapter to load ... (242s, health={'adapter': 'hy-worldplay', 'loading': True, 'pipeline_loaded': False, 'error': None})
[driver 18:14:49] waiting for adapter to load ... (302s, health={'adapter': 'hy-worldplay', 'loading': True, 'pipeline_loaded': False, 'error': None})
[driver 18:15:51] waiting for adapter to load ... (364s, health={'adapter': 'hy-worldplay', 'loading': True, 'pipeline_loaded': False, 'error': None})
[driver 18:16:55] waiting for adapter to load ... (427s, health={'adapter': 'hy-worldplay', 'loading': True, 'pipeline_loaded': False, 'error': None})
[driver 18:17:59] waiting for adapter to load ... (492s, health={'adapter': 'hy-worldplay', 'loading': True, 'pipeline_loaded': False, 'error': None})
[driver 18:18:59] waiting for adapter to load ... (552s, health={'adapter': 'hy-worldplay', 'loading': True, 'pipeline_loaded': False, 'error': None})
[driver 18:19:59] waiting for adapter to load ... (612s, health={'adapter': 'hy-worldplay', 'loading': True, 'pipeline_loaded': False, 'error': None})
[driver 18:20:59] waiting for adapter to load ... (672s, health={'adapter': 'hy-worldplay', 'loading': True, 'pipeline_loaded': False, 'error': None})
[driver 18:21:59] waiting for adapter to load ... (732s, health={'adapter': 'hy-worldplay', 'loading': True, 'pipeline_loaded': False, 'error': None})
[driver 18:22:59] waiting for adapter to load ... (792s, health={'adapter': 'hy-worldplay', 'loading': True, 'pipeline_loaded': False, 'error': None})
[driver 18:23:59] waiting for adapter to load ... (852s, health={'adapter': 'hy-worldplay', 'loading': True, 'pipeline_loaded': False, 'error': None})
[driver 18:24:59] waiting for adapter to load ... (912s, health={'adapter': 'hy-worldplay', 'loading': True, 'pipeline_loaded': False, 'error': None})
[driver 18:25:59] waiting for adapter to load ... (972s, health={'adapter': 'hy-worldplay', 'loading': True, 'pipeline_loaded': False, 'error': None})
[driver 18:26:59] waiting for adapter to load ... (1032s, health={'adapter': 'hy-worldplay', 'loading': True, 'pipeline_loaded': False, 'error': None})
[driver 18:27:59] waiting for adapter to load ... (1092s, health={'adapter': 'hy-worldplay', 'loading': True, 'pipeline_loaded': False, 'error': None})
[driver 18:28:59] waiting for adapter to load ... (1152s, health={'adapter': 'hy-worldplay', 'loading': True, 'pipeline_loaded': False, 'error': None})
[driver 18:29:59] waiting for adapter to load ... (1212s, health={'adapter': 'hy-worldplay', 'loading': True, 'pipeline_loaded': False, 'error': None})
[driver 18:31:00] waiting for adapter to load ... (1272s, health={'adapter': 'hy-worldplay', 'loading': True, 'pipeline_loaded': False, 'error': None})
[driver 18:32:00] waiting for adapter to load ... (1332s, health={'adapter': 'hy-worldplay', 'loading': True, 'pipeline_loaded': False, 'error': None})
[driver 18:33:00] waiting for adapter to load ... (1392s, health={'adapter': 'hy-worldplay', 'loading': True, 'pipeline_loaded': False, 'error': None})
[driver 18:34:00] waiting for adapter to load ... (1452s, health={'adapter': 'hy-worldplay', 'loading': True, 'pipeline_loaded': False, 'error': None})
[driver 18:35:00] waiting for adapter to load ... (1512s, health={'adapter': 'hy-worldplay', 'loading': True, 'pipeline_loaded': False, 'error': None})
[driver 18:36:00] waiting for adapter to load ... (1572s, health={'adapter': 'hy-worldplay', 'loading': True, 'pipeline_loaded': False, 'error': None})
[driver 18:37:00] waiting for adapter to load ... (1632s, health={'adapter': 'hy-worldplay', 'loading': True, 'pipeline_loaded': False, 'error': None})
[driver 18:38:00] waiting for adapter to load ... (1692s, health={'adapter': 'hy-worldplay', 'loading': True, 'pipeline_loaded': False, 'error': None})
[driver 18:39:00] waiting for adapter to load ... (1752s, health={'adapter': 'hy-worldplay', 'loading': True, 'pipeline_loaded': False, 'error': None})
[driver 18:40:01] waiting for adapter to load ... (1813s, health={'adapter': 'hy-worldplay', 'loading': True, 'pipeline_loaded': False, 'error': None})
[driver 18:41:04] waiting for adapter to load ... (1877s, health={'adapter': 'hy-worldplay', 'loading': True, 'pipeline_loaded': False, 'error': None})
[driver 18:42:06] waiting for adapter to load ... (1939s, health={'adapter': 'hy-worldplay', 'loading': True, 'pipeline_loaded': False, 'error': None})
[driver 18:43:06] waiting for adapter to load ... (1999s, health={'adapter': 'hy-worldplay', 'loading': True, 'pipeline_loaded': False, 'error': None})
[driver 18:44:06] waiting for adapter to load ... (2059s, health={'adapter': 'hy-worldplay', 'loading': True, 'pipeline_loaded': False, 'error': None})
[driver 18:45:06] waiting for adapter to load ... (2119s, health={'adapter': 'hy-worldplay', 'loading': True, 'pipeline_loaded': False, 'error': None})
[driver 18:46:06] waiting for adapter to load ... (2179s, health={'adapter': 'hy-worldplay', 'loading': True, 'pipeline_loaded': False, 'error': None})
[driver 18:47:06] waiting for adapter to load ... (2239s, health={'adapter': 'hy-worldplay', 'loading': True, 'pipeline_loaded': False, 'error': None})
[driver 18:48:06] waiting for adapter to load ... (2299s, health={'adapter': 'hy-worldplay', 'loading': True, 'pipeline_loaded': False, 'error': None})
[driver 18:49:06] waiting for adapter to load ... (2359s, health={'adapter': 'hy-worldplay', 'loading': True, 'pipeline_loaded': False, 'error': None})
[driver 18:50:06] waiting for adapter to load ... (2419s, health={'adapter': 'hy-worldplay', 'loading': True, 'pipeline_loaded': False, 'error': None})
[driver 18:51:06] waiting for adapter to load ... (2479s, health={'adapter': 'hy-worldplay', 'loading': True, 'pipeline_loaded': False, 'error': None})
[driver 18:52:06] waiting for adapter to load ... (2539s, health={'adapter': 'hy-worldplay', 'loading': True, 'pipeline_loaded': False, 'error': None})
[driver 18:53:06] waiting for adapter to load ... (2599s, health={'adapter': 'hy-worldplay', 'loading': True, 'pipeline_loaded': False, 'error': None})
[driver 18:54:07] waiting for adapter to load ... (2659s, health={'adapter': 'hy-worldplay', 'loading': True, 'pipeline_loaded': False, 'error': None})
[driver 18:55:07] waiting for adapter to load ... (2719s, health={'adapter': 'hy-worldplay', 'loading': True, 'pipeline_loaded': False, 'error': None})
[driver 18:56:07] waiting for adapter to load ... (2779s, health={'adapter': 'hy-worldplay', 'loading': True, 'pipeline_loaded': False, 'error': None})
[driver 18:57:07] waiting for adapter to load ... (2839s, health={'adapter': 'hy-worldplay', 'loading': True, 'pipeline_loaded': False, 'error': None})
[driver 18:58:07] waiting for adapter to load ... (2899s, health={'adapter': 'hy-worldplay', 'loading': True, 'pipeline_loaded': False, 'error': None})
[driver 18:59:07] waiting for adapter to load ... (2959s, health={'adapter': 'hy-worldplay', 'loading': True, 'pipeline_loaded': False, 'error': None})
[driver 19:00:07] waiting for adapter to load ... (3019s, health={'adapter': 'hy-worldplay', 'loading': True, 'pipeline_loaded': False, 'error': None})
[driver 19:01:07] waiting for adapter to load ... (3079s, health={'adapter': 'hy-worldplay', 'loading': True, 'pipeline_loaded': False, 'error': None})
[driver 19:02:07] waiting for adapter to load ... (3139s, health={'adapter': 'hy-worldplay', 'loading': True, 'pipeline_loaded': False, 'error': None})
[driver 19:03:07] waiting for adapter to load ... (3199s, health={'adapter': 'hy-worldplay', 'loading': True, 'pipeline_loaded': False, 'error': None})
[driver 19:04:07] waiting for adapter to load ... (3259s, health={'adapter': 'hy-worldplay', 'loading': True, 'pipeline_loaded': False, 'error': None})
[driver 19:05:07] waiting for adapter to load ... (3320s, health={'adapter': 'hy-worldplay', 'loading': True, 'pipeline_loaded': False, 'error': None})
[driver 19:06:07] waiting for adapter to load ... (3380s, health={'adapter': 'hy-worldplay', 'loading': True, 'pipeline_loaded': False, 'error': None})
[driver 19:07:07] waiting for adapter to load ... (3440s, health={'adapter': 'hy-worldplay', 'loading': True, 'pipeline_loaded': False, 'error': None})
[driver 19:07:29] adapter 'hy-worldplay' ready after 3462s
[driver 19:07:29] === session maxlen_hy_ar_distill_2881f: 1 action(s), expecting 1 segment(s)
[driver 19:07:29] session id 3bc3d1e0
[driver 19:07:29] queued 1 action(s)
[driver 19:07:30] status: Ready: HY-WorldPlay ar_distill adapter.
[driver 19:07:31] generating: w-180,l-180,w-180,s-180
[driver 01:07:30] stop failed (ignored): URLError(ConnectionRefusedError(111, 'Connection refused'))
[driver 01:07:35] FAIL maxlen_hy_ar_distill_2881f: no combined video in /mnt/nfs/home/yumingl/workspace/PI/WM/baselines/demo/sessions/3bc3d1e0
[driver 01:07:35] === session maxlen_hy_ar_distill_4321f: 1 action(s), expecting 1 segment(s)
[driver 01:07:35] FAIL maxlen_hy_ar_distill_4321f: URLError(ConnectionRefusedError(111, 'Connection refused'))
