[driver 01:03:38] waiting for adapter to load ... (0s, health=None)
[driver 01:04:38] waiting for adapter to load ... (60s, health=None)
[driver 01:05:38] waiting for adapter to load ... (120s, health=None)
[driver 01:06:38] waiting for adapter to load ... (180s, health=None)
[driver 01:07:38] waiting for adapter to load ... (240s, health=None)
[driver 01:08:38] waiting for adapter to load ... (300s, health=None)
[driver 01:09:38] waiting for adapter to load ... (360s, health=None)
[driver 01:10:38] waiting for adapter to load ... (420s, health=None)
[driver 01:11:38] waiting for adapter to load ... (480s, health=None)
[driver 01:12:38] waiting for adapter to load ... (540s, health=None)
[driver 01:13:38] waiting for adapter to load ... (600s, health=None)
[driver 01:14:38] waiting for adapter to load ... (660s, health=None)
[driver 01:15:38] waiting for adapter to load ... (720s, health=None)
[driver 01:16:38] waiting for adapter to load ... (780s, health=None)
[driver 01:17:38] waiting for adapter to load ... (840s, health=None)
[driver 01:18:38] waiting for adapter to load ... (900s, health=None)
[driver 01:19:38] waiting for adapter to load ... (960s, health=None)
[driver 01:20:38] waiting for adapter to load ... (1020s, health=None)
[driver 01:21:38] waiting for adapter to load ... (1080s, health=None)
[driver 01:22:38] waiting for adapter to load ... (1140s, health=None)
[driver 01:23:38] waiting for adapter to load ... (1200s, health=None)
[driver 01:24:38] waiting for adapter to load ... (1260s, health=None)
[driver 01:25:38] waiting for adapter to load ... (1320s, health=None)
[driver 01:26:38] waiting for adapter to load ... (1380s, health=None)
[driver 01:27:38] waiting for adapter to load ... (1440s, health=None)
[driver 01:28:38] waiting for adapter to load ... (1500s, health=None)
[driver 01:29:38] waiting for adapter to load ... (1560s, health=None)
[driver 01:30:39] waiting for adapter to load ... (1620s, health=None)
[driver 01:31:39] waiting for adapter to load ... (1680s, health=None)
[driver 01:32:39] waiting for adapter to load ... (1740s, health=None)
[driver 01:33:39] waiting for adapter to load ... (1800s, health=None)
[driver 01:34:39] waiting for adapter to load ... (1860s, health=None)
[driver 01:35:39] waiting for adapter to load ... (1920s, health=None)
[driver 01:36:39] waiting for adapter to load ... (1980s, health=None)
[driver 01:37:39] waiting for adapter to load ... (2040s, health=None)
[driver 01:38:39] waiting for adapter to load ... (2100s, health=None)
[driver 01:39:39] waiting for adapter to load ... (2160s, health=None)
[driver 01:40:39] waiting for adapter to load ... (2220s, health=None)
[driver 01:41:39] waiting for adapter to load ... (2280s, health=None)
[driver 01:42:39] waiting for adapter to load ... (2340s, health=None)
[driver 01:43:39] waiting for adapter to load ... (2400s, health=None)
[driver 01:44:39] waiting for adapter to load ... (2460s, health=None)
[driver 01:45:39] waiting for adapter to load ... (2520s, health=None)
[driver 01:46:39] waiting for adapter to load ... (2580s, health=None)
[driver 01:47:39] waiting for adapter to load ... (2640s, health=None)
[driver 01:48:39] waiting for adapter to load ... (2700s, health=None)
[driver 01:49:39] waiting for adapter to load ... (2760s, health=None)
[driver 01:50:39] waiting for adapter to load ... (2820s, health=None)
[driver 01:51:39] waiting for adapter to load ... (2880s, health=None)
[driver 01:52:39] waiting for adapter to load ... (2940s, health=None)
[driver 01:53:39] waiting for adapter to load ... (3000s, health=None)
[driver 01:54:39] waiting for adapter to load ... (3060s, health=None)
[driver 01:55:39] waiting for adapter to load ... (3120s, health=None)
[driver 01:56:39] waiting for adapter to load ... (3180s, health=None)
[driver 01:57:39] waiting for adapter to load ... (3240s, health=None)
[driver 01:58:39] waiting for adapter to load ... (3300s, health=None)
[driver 01:59:39] waiting for adapter to load ... (3360s, health=None)
[driver 02:00:39] waiting for adapter to load ... (3420s, health=None)
[driver 02:01:39] waiting for adapter to load ... (3480s, health=None)
[driver 02:02:39] waiting for adapter to load ... (3540s, health=None)
[driver 02:03:39] waiting for adapter to load ... (3600s, health=None)
[driver 02:04:39] waiting for adapter to load ... (3660s, health=None)
[driver 02:05:39] waiting for adapter to load ... (3720s, health=None)
[driver 02:06:39] waiting for adapter to load ... (3780s, health=None)
[driver 02:07:39] waiting for adapter to load ... (3840s, health=None)
[driver 02:08:39] waiting for adapter to load ... (3900s, health=None)
[driver 02:09:39] waiting for adapter to load ... (3960s, health=None)
[driver 02:10:39] waiting for adapter to load ... (4020s, health=None)
[driver 02:11:39] waiting for adapter to load ... (4080s, health=None)
[driver 02:12:39] waiting for adapter to load ... (4140s, health=None)
[driver 02:13:39] waiting for adapter to load ... (4200s, health=None)
[driver 02:14:39] waiting for adapter to load ... (4260s, health=None)
[driver 02:15:39] waiting for adapter to load ... (4320s, health=None)
[driver 02:16:39] waiting for adapter to load ... (4380s, health=None)
[driver 02:17:39] waiting for adapter to load ... (4440s, health=None)
[driver 02:18:39] waiting for adapter to load ... (4500s, health=None)
[driver 02:19:39] waiting for adapter to load ... (4560s, health=None)
[driver 02:20:39] waiting for adapter to load ... (4620s, health=None)
[driver 02:21:39] waiting for adapter to load ... (4680s, health=None)
[driver 02:22:39] waiting for adapter to load ... (4740s, health=None)
[driver 02:23:39] waiting for adapter to load ... (4801s, health=None)
[driver 02:24:39] waiting for adapter to load ... (4861s, health=None)
[driver 02:25:39] waiting for adapter to load ... (4921s, health=None)
[driver 02:26:39] waiting for adapter to load ... (4981s, health=None)
[driver 02:27:39] waiting for adapter to load ... (5041s, health=None)
[driver 02:28:39] waiting for adapter to load ... (5101s, health=None)
[driver 02:29:39] waiting for adapter to load ... (5161s, health=None)
[driver 02:30:39] waiting for adapter to load ... (5221s, health=None)
[driver 02:31:39] waiting for adapter to load ... (5281s, health=None)
[driver 02:32:39] waiting for adapter to load ... (5341s, health=None)
Traceback (most recent call last):
  File "/mnt/nfs/home/yumingl/workspace/PI/WM/baselines/demo_sample29_outputs/driver.py", line 203, in <module>
    sys.exit(main())
             ~~~~^^
  File "/mnt/nfs/home/yumingl/workspace/PI/WM/baselines/demo_sample29_outputs/driver.py", line 190, in main
    wait_ready(args.base, args.load_timeout)
    ~~~~~~~~~~^^^^^^^^^^^^^^^^^^^^^^^^^^^^^^
  File "/mnt/nfs/home/yumingl/workspace/PI/WM/baselines/demo_sample29_outputs/driver.py", line 88, in wait_ready
    raise TimeoutError(f"server not ready after {timeout_s}s (health={h})")
TimeoutError: server not ready after 5400s (health=None)
