[driver 19:01:51] waiting for adapter to load ... (0s, health=None)
[driver 19:02:51] waiting for adapter to load ... (60s, health={'adapter': 'lingbot-world', 'loading': True, 'pipeline_loaded': False, 'error': None})
[driver 19:03:51] waiting for adapter to load ... (120s, health={'adapter': 'lingbot-world', 'loading': True, 'pipeline_loaded': False, 'error': None})
[driver 19:04:51] waiting for adapter to load ... (180s, health={'adapter': 'lingbot-world', 'loading': True, 'pipeline_loaded': False, 'error': None})
[driver 19:05:52] waiting for adapter to load ... (242s, health={'adapter': 'lingbot-world', 'loading': True, 'pipeline_loaded': False, 'error': None})
[driver 19:06:52] waiting for adapter to load ... (302s, health={'adapter': 'lingbot-world', 'loading': True, 'pipeline_loaded': False, 'error': None})
[driver 19:07:53] waiting for adapter to load ... (362s, health={'adapter': 'lingbot-world', 'loading': True, 'pipeline_loaded': False, 'error': None})
[driver 19:08:53] waiting for adapter to load ... (422s, health={'adapter': 'lingbot-world', 'loading': True, 'pipeline_loaded': False, 'error': None})
[driver 19:09:53] waiting for adapter to load ... (482s, health={'adapter': 'lingbot-world', 'loading': True, 'pipeline_loaded': False, 'error': None})
[driver 19:10:53] waiting for adapter to load ... (542s, health={'adapter': 'lingbot-world', 'loading': True, 'pipeline_loaded': False, 'error': None})
[driver 19:11:53] waiting for adapter to load ... (602s, health={'adapter': 'lingbot-world', 'loading': True, 'pipeline_loaded': False, 'error': None})
[driver 19:12:53] waiting for adapter to load ... (662s, health=None)
[driver 19:13:53] waiting for adapter to load ... (722s, health=None)
[driver 19:14:53] waiting for adapter to load ... (782s, health=None)
[driver 19:15:53] waiting for adapter to load ... (842s, health=None)
[driver 19:16:53] waiting for adapter to load ... (902s, health=None)
[driver 19:17:53] waiting for adapter to load ... (962s, health=None)
[driver 19:18:53] waiting for adapter to load ... (1022s, health=None)
[driver 19:19:53] waiting for adapter to load ... (1082s, health=None)
[driver 19:20:53] waiting for adapter to load ... (1142s, health=None)
[driver 19:21:53] waiting for adapter to load ... (1202s, health=None)
[driver 19:22:53] waiting for adapter to load ... (1262s, health=None)
[driver 19:23:53] waiting for adapter to load ... (1322s, health=None)
[driver 19:24:53] waiting for adapter to load ... (1382s, health=None)
[driver 19:25:53] waiting for adapter to load ... (1442s, health=None)
[driver 19:26:53] waiting for adapter to load ... (1502s, health=None)
[driver 19:27:53] waiting for adapter to load ... (1562s, health=None)
[driver 19:28:53] waiting for adapter to load ... (1622s, health=None)
[driver 19:29:53] waiting for adapter to load ... (1682s, health=None)
[driver 19:30:53] waiting for adapter to load ... (1742s, health=None)
[driver 19:31:53] waiting for adapter to load ... (1802s, health=None)
[driver 19:32:53] waiting for adapter to load ... (1862s, health=None)
[driver 19:33:53] waiting for adapter to load ... (1922s, health=None)
[driver 19:34:53] waiting for adapter to load ... (1982s, health=None)
[driver 19:35:53] waiting for adapter to load ... (2042s, health=None)
[driver 19:36:53] waiting for adapter to load ... (2102s, health=None)
[driver 19:37:53] waiting for adapter to load ... (2162s, health=None)
[driver 19:38:53] waiting for adapter to load ... (2222s, health=None)
[driver 19:39:53] waiting for adapter to load ... (2282s, health=None)
[driver 19:40:53] waiting for adapter to load ... (2342s, health=None)
[driver 19:41:53] waiting for adapter to load ... (2402s, health=None)
[driver 19:42:53] waiting for adapter to load ... (2462s, health=None)
[driver 19:43:53] waiting for adapter to load ... (2522s, health=None)
[driver 19:44:53] waiting for adapter to load ... (2582s, health=None)
[driver 19:45:53] waiting for adapter to load ... (2642s, health=None)
[driver 19:46:53] waiting for adapter to load ... (2702s, health=None)
[driver 19:47:53] waiting for adapter to load ... (2762s, health=None)
[driver 19:48:53] waiting for adapter to load ... (2822s, health=None)
[driver 19:49:53] waiting for adapter to load ... (2882s, health=None)
[driver 19:50:53] waiting for adapter to load ... (2942s, health=None)
[driver 19:51:53] waiting for adapter to load ... (3002s, health=None)
[driver 19:52:53] waiting for adapter to load ... (3062s, health=None)
[driver 19:53:53] waiting for adapter to load ... (3122s, health=None)
[driver 19:54:53] waiting for adapter to load ... (3182s, health=None)
[driver 19:55:53] waiting for adapter to load ... (3242s, health=None)
[driver 19:56:53] waiting for adapter to load ... (3302s, health=None)
[driver 19:57:53] waiting for adapter to load ... (3362s, health=None)
[driver 19:58:53] waiting for adapter to load ... (3422s, health=None)
[driver 19:59:53] waiting for adapter to load ... (3482s, health=None)
[driver 20:00:53] waiting for adapter to load ... (3542s, health=None)
[driver 20:01:53] waiting for adapter to load ... (3602s, health=None)
[driver 20:02:53] waiting for adapter to load ... (3662s, health=None)
[driver 20:03:53] waiting for adapter to load ... (3722s, health=None)
[driver 20:04:53] waiting for adapter to load ... (3782s, health=None)
[driver 20:05:53] waiting for adapter to load ... (3842s, health=None)
[driver 20:06:53] waiting for adapter to load ... (3902s, health=None)
[driver 20:07:53] waiting for adapter to load ... (3962s, health=None)
[driver 20:08:53] waiting for adapter to load ... (4022s, health=None)
[driver 20:09:53] waiting for adapter to load ... (4082s, health=None)
[driver 20:10:53] waiting for adapter to load ... (4142s, health=None)
[driver 20:11:53] waiting for adapter to load ... (4202s, health=None)
[driver 20:12:53] waiting for adapter to load ... (4262s, health=None)
[driver 20:13:53] waiting for adapter to load ... (4322s, health=None)
[driver 20:14:53] waiting for adapter to load ... (4382s, health=None)
[driver 20:15:53] waiting for adapter to load ... (4442s, health=None)
[driver 20:16:53] waiting for adapter to load ... (4502s, health=None)
[driver 20:17:53] waiting for adapter to load ... (4562s, health=None)
[driver 20:18:53] waiting for adapter to load ... (4622s, health=None)
[driver 20:19:53] waiting for adapter to load ... (4682s, health=None)
[driver 20:20:53] waiting for adapter to load ... (4742s, health=None)
[driver 20:21:53] waiting for adapter to load ... (4802s, health=None)
[driver 20:22:53] waiting for adapter to load ... (4862s, health=None)
[driver 20:23:53] waiting for adapter to load ... (4922s, health=None)
[driver 20:24:53] waiting for adapter to load ... (4982s, health=None)
[driver 20:25:53] waiting for adapter to load ... (5042s, health=None)
[driver 20:26:53] waiting for adapter to load ... (5102s, health=None)
[driver 20:27:53] waiting for adapter to load ... (5162s, health=None)
[driver 20:28:53] waiting for adapter to load ... (5222s, health=None)
[driver 20:29:53] waiting for adapter to load ... (5282s, health=None)
[driver 20:30:53] waiting for adapter to load ... (5342s, health=None)
Traceback (most recent call last):
  File "/mnt/nfs/home/yumingl/workspace/PI/WM/baselines/demo_sample29_outputs/driver.py", line 203, in <module>
    sys.exit(main())
             ~~~~^^
  File "/mnt/nfs/home/yumingl/workspace/PI/WM/baselines/demo_sample29_outputs/driver.py", line 190, in main
    wait_ready(args.base, args.load_timeout)
    ~~~~~~~~~~^^^^^^^^^^^^^^^^^^^^^^^^^^^^^^
  File "/mnt/nfs/home/yumingl/workspace/PI/WM/baselines/demo_sample29_outputs/driver.py", line 88, in wait_ready
    raise TimeoutError(f"server not ready after {timeout_s}s (health={h})")
TimeoutError: server not ready after 5400s (health=None)
