[driver 17:11:50] waiting for adapter to load ... (0s, health=None)
[driver 17:12:50] waiting for adapter to load ... (60s, health=None)
[driver 17:13:50] waiting for adapter to load ... (120s, health=None)
[driver 17:14:50] waiting for adapter to load ... (180s, health=None)
[driver 17:15:50] waiting for adapter to load ... (240s, health=None)
[driver 17:16:50] waiting for adapter to load ... (300s, health=None)
[driver 17:17:50] waiting for adapter to load ... (360s, health=None)
[driver 17:18:50] waiting for adapter to load ... (420s, health=None)
[driver 17:19:50] waiting for adapter to load ... (480s, health=None)
[driver 17:20:50] waiting for adapter to load ... (540s, health=None)
[driver 17:21:50] waiting for adapter to load ... (600s, health=None)
[driver 17:22:50] waiting for adapter to load ... (660s, health=None)
[driver 17:23:50] waiting for adapter to load ... (720s, health=None)
[driver 17:24:50] waiting for adapter to load ... (780s, health=None)
[driver 17:25:35] adapter 'matrix-game-3' ready after 825s
[driver 17:25:35] === session mg3_efficiency_clip: 26 action(s), expecting 26 segment(s)
[driver 17:25:35] session id e86bab09
[driver 17:25:35] queued 26 action(s)
[driver 17:25:36] generating: camera=U move=W
[driver 17:26:13] segment 0 done (38s elapsed)
[driver 17:26:13] generating: camera=U move=W
[driver 17:26:28] segment 1 done (53s elapsed)
[driver 17:26:28] generating: camera=U move=W
[driver 17:26:47] segment 2 done (72s elapsed)
[driver 17:26:48] generating: camera=U move=W
[driver 17:27:02] segment 3 done (87s elapsed)
[driver 17:27:02] generating: camera=U move=W
[driver 17:27:17] segment 4 done (101s elapsed)
[driver 17:27:17] generating: camera=U move=W
[driver 17:27:31] segment 5 done (116s elapsed)
[driver 17:27:31] generating: camera=U move=W
[driver 17:27:46] segment 6 done (131s elapsed)
[driver 17:27:46] generating: camera=L move=Q
[driver 17:28:01] segment 7 done (146s elapsed)
[driver 17:28:02] generating: camera=L move=Q
[driver 17:28:17] segment 8 done (162s elapsed)
[driver 17:28:17] generating: camera=L move=Q
[driver 17:28:32] segment 9 done (177s elapsed)
[driver 17:28:32] generating: camera=L move=Q
[driver 17:28:47] segment 10 done (192s elapsed)
[driver 17:28:47] generating: camera=L move=Q
[driver 17:29:02] segment 11 done (207s elapsed)
[driver 17:29:03] generating: camera=L move=Q
[driver 17:29:18] segment 12 done (223s elapsed)
[driver 17:29:18] generating: camera=U move=W
[driver 17:29:34] segment 13 done (239s elapsed)
[driver 17:29:34] generating: camera=U move=W
[driver 17:29:50] segment 14 done (255s elapsed)
[driver 17:29:50] generating: camera=U move=W
[driver 17:30:06] segment 15 done (271s elapsed)
[driver 17:30:06] generating: camera=U move=W
[driver 17:30:23] segment 16 done (288s elapsed)
[driver 17:30:23] generating: camera=U move=W
[driver 17:30:42] segment 17 done (307s elapsed)
[driver 17:30:42] generating: camera=U move=W
[driver 17:30:59] segment 18 done (324s elapsed)
[driver 17:30:59] generating: camera=U move=W
[driver 17:31:15] segment 19 done (340s elapsed)
[driver 17:31:15] generating: camera=U move=S
[driver 17:31:33] segment 20 done (358s elapsed)
[driver 17:31:33] generating: camera=U move=S
[driver 17:31:50] segment 21 done (375s elapsed)
[driver 17:31:50] generating: camera=U move=S
[driver 17:32:08] segment 22 done (393s elapsed)
[driver 17:32:08] generating: camera=U move=S
[driver 17:32:26] segment 23 done (411s elapsed)
[driver 17:32:26] generating: camera=U move=S
[driver 17:32:43] segment 24 done (428s elapsed)
[driver 17:32:43] generating: camera=U move=S
[driver 17:33:01] segment 25 done (446s elapsed)
[driver 17:33:06] saved /mnt/nfs/home/yumingl/workspace/PI/WM/baselines/demo_sample29_outputs/videos/mg3_efficiency_clip.mp4 (from matrix_game3_e86bab09.mp4, 36.6 MB)
