[driver 18:08:53] waiting for adapter to load ... (0s, health=None)
[driver 18:09:54] waiting for adapter to load ... (61s, health={'adapter': 'lingbot-world-v2', 'loading': True, 'pipeline_loaded': False, 'error': None})
[driver 18:10:54] waiting for adapter to load ... (121s, health={'adapter': 'lingbot-world-v2', 'loading': True, 'pipeline_loaded': False, 'error': None})
[driver 18:11:56] waiting for adapter to load ... (183s, health={'adapter': 'lingbot-world-v2', 'loading': True, 'pipeline_loaded': False, 'error': None})
[driver 18:12:56] waiting for adapter to load ... (243s, health={'adapter': 'lingbot-world-v2', 'loading': True, 'pipeline_loaded': False, 'error': None})
[driver 18:13:56] waiting for adapter to load ... (303s, health={'adapter': 'lingbot-world-v2', 'loading': True, 'pipeline_loaded': False, 'error': None})
[driver 18:14:56] waiting for adapter to load ... (363s, health={'adapter': 'lingbot-world-v2', 'loading': True, 'pipeline_loaded': False, 'error': None})
[driver 18:15:57] waiting for adapter to load ... (424s, health={'adapter': 'lingbot-world-v2', 'loading': True, 'pipeline_loaded': False, 'error': None})
[driver 18:16:57] waiting for adapter to load ... (484s, health={'adapter': 'lingbot-world-v2', 'loading': True, 'pipeline_loaded': False, 'error': None})
[driver 18:17:57] waiting for adapter to load ... (544s, health={'adapter': 'lingbot-world-v2', 'loading': True, 'pipeline_loaded': False, 'error': None})
[driver 18:18:58] waiting for adapter to load ... (605s, health={'adapter': 'lingbot-world-v2', 'loading': True, 'pipeline_loaded': False, 'error': None})
[driver 18:19:58] waiting for adapter to load ... (666s, health={'adapter': 'lingbot-world-v2', 'loading': True, 'pipeline_loaded': False, 'error': None})
[driver 18:20:58] waiting for adapter to load ... (726s, health={'adapter': 'lingbot-world-v2', 'loading': True, 'pipeline_loaded': False, 'error': None})
[driver 18:21:58] waiting for adapter to load ... (786s, health={'adapter': 'lingbot-world-v2', 'loading': True, 'pipeline_loaded': False, 'error': None})
[driver 18:22:58] waiting for adapter to load ... (846s, health={'adapter': 'lingbot-world-v2', 'loading': True, 'pipeline_loaded': False, 'error': None})
[driver 18:23:58] waiting for adapter to load ... (906s, health={'adapter': 'lingbot-world-v2', 'loading': True, 'pipeline_loaded': False, 'error': None})
[driver 18:24:58] waiting for adapter to load ... (966s, health={'adapter': 'lingbot-world-v2', 'loading': True, 'pipeline_loaded': False, 'error': None})
[driver 18:26:01] waiting for adapter to load ... (1028s, health={'adapter': 'lingbot-world-v2', 'loading': True, 'pipeline_loaded': False, 'error': None})
[driver 18:27:01] waiting for adapter to load ... (1088s, health={'adapter': 'lingbot-world-v2', 'loading': True, 'pipeline_loaded': False, 'error': None})
[driver 18:28:01] waiting for adapter to load ... (1148s, health={'adapter': 'lingbot-world-v2', 'loading': True, 'pipeline_loaded': False, 'error': None})
[driver 18:29:01] waiting for adapter to load ... (1208s, health={'adapter': 'lingbot-world-v2', 'loading': True, 'pipeline_loaded': False, 'error': None})
[driver 18:30:01] waiting for adapter to load ... (1268s, health={'adapter': 'lingbot-world-v2', 'loading': True, 'pipeline_loaded': False, 'error': None})
[driver 18:31:01] waiting for adapter to load ... (1328s, health={'adapter': 'lingbot-world-v2', 'loading': True, 'pipeline_loaded': False, 'error': None})
[driver 18:32:01] waiting for adapter to load ... (1388s, health={'adapter': 'lingbot-world-v2', 'loading': True, 'pipeline_loaded': False, 'error': None})
[driver 18:33:03] waiting for adapter to load ... (1450s, health={'adapter': 'lingbot-world-v2', 'loading': True, 'pipeline_loaded': False, 'error': None})
[driver 18:34:03] waiting for adapter to load ... (1510s, health={'adapter': 'lingbot-world-v2', 'loading': True, 'pipeline_loaded': False, 'error': None})
[driver 18:35:03] waiting for adapter to load ... (1570s, health={'adapter': 'lingbot-world-v2', 'loading': True, 'pipeline_loaded': False, 'error': None})
[driver 18:36:03] waiting for adapter to load ... (1630s, health={'adapter': 'lingbot-world-v2', 'loading': True, 'pipeline_loaded': False, 'error': None})
[driver 18:37:03] waiting for adapter to load ... (1690s, health={'adapter': 'lingbot-world-v2', 'loading': True, 'pipeline_loaded': False, 'error': None})
[driver 18:38:05] waiting for adapter to load ... (1752s, health={'adapter': 'lingbot-world-v2', 'loading': True, 'pipeline_loaded': False, 'error': None})
[driver 18:39:05] waiting for adapter to load ... (1812s, health={'adapter': 'lingbot-world-v2', 'loading': True, 'pipeline_loaded': False, 'error': None})
[driver 18:40:05] waiting for adapter to load ... (1872s, health={'adapter': 'lingbot-world-v2', 'loading': True, 'pipeline_loaded': False, 'error': None})
[driver 18:41:05] waiting for adapter to load ... (1932s, health={'adapter': 'lingbot-world-v2', 'loading': True, 'pipeline_loaded': False, 'error': None})
[driver 18:42:05] waiting for adapter to load ... (1992s, health={'adapter': 'lingbot-world-v2', 'loading': True, 'pipeline_loaded': False, 'error': None})
[driver 18:43:05] waiting for adapter to load ... (2052s, health={'adapter': 'lingbot-world-v2', 'loading': True, 'pipeline_loaded': False, 'error': None})
[driver 18:44:05] waiting for adapter to load ... (2112s, health={'adapter': 'lingbot-world-v2', 'loading': True, 'pipeline_loaded': False, 'error': None})
[driver 18:45:05] adapter 'lingbot-world-v2' ready after 2172s
[driver 18:45:05] === session ropeext_lingbot_v2_16329f: 1 action(s), expecting 1 segment(s)
[driver 18:45:07] session id 65d62be7
[driver 18:45:07] queued 1 action(s)
[driver 18:45:08] status: Ready: LingBot-World fast adapter.
[driver 18:45:08] generating: w-4082,l-4082,w-4082,s-4082
[driver 18:45:53] ERROR event: run_session failed: OutOfMemoryError('CUDA out of memory. Tried to allocate 854.00 MiB. GPU 0 has a total capacity of 139.79 GiB of which 89.25 MiB is free. Including non-PyTorch memory, this process has 139.70 GiB memory in use. Of the allocated memory 138.75 GiB is allocated by PyTorch, and 282.67 MiB is reserved by PyTorch but unallocated. If reserved but unallocated memory is large try setting PYTORCH_CUDA_ALLOC_CONF=expandable_segments:True to avoid fragmentation.  See documentation for Memory Management  (https://pytorch.org/docs/stable/notes/cuda.html#environment-variables)')
[driver 18:45:58] FAIL ropeext_lingbot_v2_16329f: no combined video in /mnt/nfs/home/yumingl/workspace/PI/WM/baselines/demo/sessions/65d62be7
