[driver 18:08:49] waiting for adapter to load ... (0s, health=None)
[driver 18:09:50] waiting for adapter to load ... (61s, health={'adapter': 'lingbot-world-v2', 'loading': True, 'pipeline_loaded': False, 'error': None})
[driver 18:10:50] waiting for adapter to load ... (121s, health={'adapter': 'lingbot-world-v2', 'loading': True, 'pipeline_loaded': False, 'error': None})
[driver 18:11:51] waiting for adapter to load ... (182s, health={'adapter': 'lingbot-world-v2', 'loading': True, 'pipeline_loaded': False, 'error': None})
[driver 18:12:51] waiting for adapter to load ... (242s, health={'adapter': 'lingbot-world-v2', 'loading': True, 'pipeline_loaded': False, 'error': None})
[driver 18:13:51] waiting for adapter to load ... (302s, health={'adapter': 'lingbot-world-v2', 'loading': True, 'pipeline_loaded': False, 'error': None})
[driver 18:14:51] waiting for adapter to load ... (362s, health={'adapter': 'lingbot-world-v2', 'loading': True, 'pipeline_loaded': False, 'error': None})
[driver 18:15:52] waiting for adapter to load ... (423s, health={'adapter': 'lingbot-world-v2', 'loading': True, 'pipeline_loaded': False, 'error': None})
[driver 18:16:52] waiting for adapter to load ... (483s, health={'adapter': 'lingbot-world-v2', 'loading': True, 'pipeline_loaded': False, 'error': None})
[driver 18:17:52] waiting for adapter to load ... (543s, health={'adapter': 'lingbot-world-v2', 'loading': True, 'pipeline_loaded': False, 'error': None})
[driver 18:18:54] waiting for adapter to load ... (605s, health={'adapter': 'lingbot-world-v2', 'loading': True, 'pipeline_loaded': False, 'error': None})
[driver 18:19:55] waiting for adapter to load ... (666s, health={'adapter': 'lingbot-world-v2', 'loading': True, 'pipeline_loaded': False, 'error': None})
[driver 18:20:55] waiting for adapter to load ... (726s, health={'adapter': 'lingbot-world-v2', 'loading': True, 'pipeline_loaded': False, 'error': None})
[driver 18:21:55] waiting for adapter to load ... (786s, health={'adapter': 'lingbot-world-v2', 'loading': True, 'pipeline_loaded': False, 'error': None})
[driver 18:22:55] waiting for adapter to load ... (846s, health={'adapter': 'lingbot-world-v2', 'loading': True, 'pipeline_loaded': False, 'error': None})
[driver 18:23:55] waiting for adapter to load ... (906s, health={'adapter': 'lingbot-world-v2', 'loading': True, 'pipeline_loaded': False, 'error': None})
[driver 18:24:55] waiting for adapter to load ... (966s, health={'adapter': 'lingbot-world-v2', 'loading': True, 'pipeline_loaded': False, 'error': None})
[driver 18:25:58] waiting for adapter to load ... (1029s, health={'adapter': 'lingbot-world-v2', 'loading': True, 'pipeline_loaded': False, 'error': None})
[driver 18:26:58] waiting for adapter to load ... (1089s, health={'adapter': 'lingbot-world-v2', 'loading': True, 'pipeline_loaded': False, 'error': None})
[driver 18:27:58] waiting for adapter to load ... (1149s, health={'adapter': 'lingbot-world-v2', 'loading': True, 'pipeline_loaded': False, 'error': None})
[driver 18:28:58] waiting for adapter to load ... (1209s, health={'adapter': 'lingbot-world-v2', 'loading': True, 'pipeline_loaded': False, 'error': None})
[driver 18:29:58] waiting for adapter to load ... (1269s, health={'adapter': 'lingbot-world-v2', 'loading': True, 'pipeline_loaded': False, 'error': None})
[driver 18:30:58] waiting for adapter to load ... (1329s, health={'adapter': 'lingbot-world-v2', 'loading': True, 'pipeline_loaded': False, 'error': None})
[driver 18:31:58] waiting for adapter to load ... (1389s, health={'adapter': 'lingbot-world-v2', 'loading': True, 'pipeline_loaded': False, 'error': None})
[driver 18:32:59] waiting for adapter to load ... (1450s, health={'adapter': 'lingbot-world-v2', 'loading': True, 'pipeline_loaded': False, 'error': None})
[driver 18:33:59] waiting for adapter to load ... (1510s, health={'adapter': 'lingbot-world-v2', 'loading': True, 'pipeline_loaded': False, 'error': None})
[driver 18:34:59] waiting for adapter to load ... (1571s, health={'adapter': 'lingbot-world-v2', 'loading': True, 'pipeline_loaded': False, 'error': None})
[driver 18:36:00] waiting for adapter to load ... (1631s, health={'adapter': 'lingbot-world-v2', 'loading': True, 'pipeline_loaded': False, 'error': None})
[driver 18:37:00] waiting for adapter to load ... (1691s, health={'adapter': 'lingbot-world-v2', 'loading': True, 'pipeline_loaded': False, 'error': None})
[driver 18:38:01] waiting for adapter to load ... (1752s, health={'adapter': 'lingbot-world-v2', 'loading': True, 'pipeline_loaded': False, 'error': None})
[driver 18:39:01] waiting for adapter to load ... (1812s, health={'adapter': 'lingbot-world-v2', 'loading': True, 'pipeline_loaded': False, 'error': None})
[driver 18:40:01] waiting for adapter to load ... (1872s, health={'adapter': 'lingbot-world-v2', 'loading': True, 'pipeline_loaded': False, 'error': None})
[driver 18:41:01] waiting for adapter to load ... (1932s, health={'adapter': 'lingbot-world-v2', 'loading': True, 'pipeline_loaded': False, 'error': None})
[driver 18:42:01] waiting for adapter to load ... (1992s, health={'adapter': 'lingbot-world-v2', 'loading': True, 'pipeline_loaded': False, 'error': None})
[driver 18:43:01] waiting for adapter to load ... (2052s, health={'adapter': 'lingbot-world-v2', 'loading': True, 'pipeline_loaded': False, 'error': None})
[driver 18:44:01] waiting for adapter to load ... (2112s, health={'adapter': 'lingbot-world-v2', 'loading': True, 'pipeline_loaded': False, 'error': None})
[driver 18:45:01] waiting for adapter to load ... (2172s, health={'adapter': 'lingbot-world-v2', 'loading': True, 'pipeline_loaded': False, 'error': None})
[driver 18:45:06] adapter 'lingbot-world-v2' ready after 2177s
[driver 18:45:06] === session ropeext_lingbot_v2_4797f: 1 action(s), expecting 1 segment(s)
[driver 18:45:07] session id db849b93
[driver 18:45:07] queued 1 action(s)
[driver 18:45:08] status: Ready: LingBot-World fast adapter.
[driver 18:45:08] generating: w-1199,l-1199,w-1199,s-1199
[driver 19:11:32] ERROR event: run_session failed: OutOfMemoryError('CUDA out of memory. Tried to allocate 17.75 GiB. GPU 0 has a total capacity of 139.79 GiB of which 6.45 GiB is free. Including non-PyTorch memory, this process has 133.34 GiB memory in use. Of the allocated memory 95.56 GiB is allocated by PyTorch, and 37.10 GiB is reserved by PyTorch but unallocated. If reserved but unallocated memory is large try setting PYTORCH_CUDA_ALLOC_CONF=expandable_segments:True to avoid fragmentation.  See documentation for Memory Management  (https://pytorch.org/docs/stable/notes/cuda.html#environment-variables)')
[driver 19:11:37] FAIL ropeext_lingbot_v2_4797f: no combined video in /mnt/nfs/home/yumingl/workspace/PI/WM/baselines/demo/sessions/db849b93
