[driver 20:43:12] waiting for adapter to load ... (0s, health=None)
[driver 20:44:13] waiting for adapter to load ... (60s, health={'adapter': 'sana-wm', 'loading': True, 'pipeline_loaded': False, 'error': None})
[driver 20:45:13] waiting for adapter to load ... (120s, health={'adapter': 'sana-wm', 'loading': True, 'pipeline_loaded': False, 'error': None})
[driver 20:46:14] waiting for adapter to load ... (181s, health={'adapter': 'sana-wm', 'loading': True, 'pipeline_loaded': False, 'error': None})
[driver 20:47:14] waiting for adapter to load ... (242s, health={'adapter': 'sana-wm', 'loading': True, 'pipeline_loaded': False, 'error': None})
[driver 20:48:14] waiting for adapter to load ... (302s, health={'adapter': 'sana-wm', 'loading': True, 'pipeline_loaded': False, 'error': None})
[driver 20:49:15] waiting for adapter to load ... (363s, health={'adapter': 'sana-wm', 'loading': True, 'pipeline_loaded': False, 'error': None})
[driver 20:50:20] waiting for adapter to load ... (428s, health=None)
[driver 20:51:20] waiting for adapter to load ... (488s, health={'adapter': 'sana-wm', 'loading': True, 'pipeline_loaded': False, 'error': None})
[driver 20:52:20] waiting for adapter to load ... (548s, health={'adapter': 'sana-wm', 'loading': True, 'pipeline_loaded': False, 'error': None})
[driver 20:53:20] waiting for adapter to load ... (608s, health={'adapter': 'sana-wm', 'loading': True, 'pipeline_loaded': False, 'error': None})
[driver 20:54:21] waiting for adapter to load ... (668s, health={'adapter': 'sana-wm', 'loading': True, 'pipeline_loaded': False, 'error': None})
[driver 20:55:21] waiting for adapter to load ... (728s, health={'adapter': 'sana-wm', 'loading': True, 'pipeline_loaded': False, 'error': None})
[driver 20:56:21] waiting for adapter to load ... (788s, health={'adapter': 'sana-wm', 'loading': True, 'pipeline_loaded': False, 'error': None})
[driver 20:57:21] waiting for adapter to load ... (848s, health={'adapter': 'sana-wm', 'loading': True, 'pipeline_loaded': False, 'error': None})
[driver 20:58:21] waiting for adapter to load ... (908s, health={'adapter': 'sana-wm', 'loading': True, 'pipeline_loaded': False, 'error': None})
[driver 20:59:21] waiting for adapter to load ... (968s, health={'adapter': 'sana-wm', 'loading': True, 'pipeline_loaded': False, 'error': None})
[driver 21:00:21] waiting for adapter to load ... (1028s, health={'adapter': 'sana-wm', 'loading': True, 'pipeline_loaded': False, 'error': None})
[driver 21:01:21] waiting for adapter to load ... (1088s, health={'adapter': 'sana-wm', 'loading': True, 'pipeline_loaded': False, 'error': None})
[driver 21:02:21] waiting for adapter to load ... (1148s, health={'adapter': 'sana-wm', 'loading': True, 'pipeline_loaded': False, 'error': None})
[driver 21:03:21] waiting for adapter to load ... (1209s, health={'adapter': 'sana-wm', 'loading': True, 'pipeline_loaded': False, 'error': None})
[driver 21:04:24] waiting for adapter to load ... (1271s, health={'adapter': 'sana-wm', 'loading': True, 'pipeline_loaded': False, 'error': None})
[driver 21:05:24] waiting for adapter to load ... (1331s, health={'adapter': 'sana-wm', 'loading': True, 'pipeline_loaded': False, 'error': None})
[driver 21:06:24] waiting for adapter to load ... (1391s, health={'adapter': 'sana-wm', 'loading': True, 'pipeline_loaded': False, 'error': None})
[driver 21:07:25] waiting for adapter to load ... (1453s, health={'adapter': 'sana-wm', 'loading': True, 'pipeline_loaded': False, 'error': None})
[driver 21:08:25] waiting for adapter to load ... (1513s, health={'adapter': 'sana-wm', 'loading': True, 'pipeline_loaded': False, 'error': None})
[driver 21:09:26] waiting for adapter to load ... (1573s, health={'adapter': 'sana-wm', 'loading': True, 'pipeline_loaded': False, 'error': None})
[driver 21:10:26] waiting for adapter to load ... (1633s, health={'adapter': 'sana-wm', 'loading': True, 'pipeline_loaded': False, 'error': None})
[driver 21:11:26] waiting for adapter to load ... (1693s, health={'adapter': 'sana-wm', 'loading': True, 'pipeline_loaded': False, 'error': None})
[driver 21:12:26] waiting for adapter to load ... (1753s, health={'adapter': 'sana-wm', 'loading': True, 'pipeline_loaded': False, 'error': None})
[driver 21:13:26] waiting for adapter to load ... (1813s, health={'adapter': 'sana-wm', 'loading': True, 'pipeline_loaded': False, 'error': None})
[driver 21:14:26] waiting for adapter to load ... (1873s, health={'adapter': 'sana-wm', 'loading': True, 'pipeline_loaded': False, 'error': None})
[driver 21:15:26] waiting for adapter to load ... (1933s, health={'adapter': 'sana-wm', 'loading': True, 'pipeline_loaded': False, 'error': None})
[driver 21:16:26] waiting for adapter to load ... (1993s, health={'adapter': 'sana-wm', 'loading': True, 'pipeline_loaded': False, 'error': None})
[driver 21:17:26] waiting for adapter to load ... (2053s, health={'adapter': 'sana-wm', 'loading': True, 'pipeline_loaded': False, 'error': None})
[driver 21:18:26] waiting for adapter to load ... (2113s, health={'adapter': 'sana-wm', 'loading': True, 'pipeline_loaded': False, 'error': None})
[driver 21:19:26] waiting for adapter to load ... (2173s, health={'adapter': 'sana-wm', 'loading': True, 'pipeline_loaded': False, 'error': None})
[driver 21:20:26] waiting for adapter to load ... (2233s, health={'adapter': 'sana-wm', 'loading': True, 'pipeline_loaded': False, 'error': None})
[driver 21:21:26] waiting for adapter to load ... (2293s, health={'adapter': 'sana-wm', 'loading': True, 'pipeline_loaded': False, 'error': None})
[driver 21:22:26] waiting for adapter to load ... (2353s, health={'adapter': 'sana-wm', 'loading': True, 'pipeline_loaded': False, 'error': None})
[driver 21:23:26] waiting for adapter to load ... (2413s, health={'adapter': 'sana-wm', 'loading': True, 'pipeline_loaded': False, 'error': None})
[driver 21:24:26] waiting for adapter to load ... (2473s, health={'adapter': 'sana-wm', 'loading': True, 'pipeline_loaded': False, 'error': None})
[driver 21:25:26] waiting for adapter to load ... (2533s, health={'adapter': 'sana-wm', 'loading': True, 'pipeline_loaded': False, 'error': None})
[driver 21:26:26] waiting for adapter to load ... (2593s, health={'adapter': 'sana-wm', 'loading': True, 'pipeline_loaded': False, 'error': None})
[driver 21:27:26] waiting for adapter to load ... (2653s, health={'adapter': 'sana-wm', 'loading': True, 'pipeline_loaded': False, 'error': None})
[driver 21:28:26] waiting for adapter to load ... (2714s, health={'adapter': 'sana-wm', 'loading': True, 'pipeline_loaded': False, 'error': None})
[driver 21:29:26] waiting for adapter to load ... (2774s, health={'adapter': 'sana-wm', 'loading': True, 'pipeline_loaded': False, 'error': None})
[driver 21:30:26] waiting for adapter to load ... (2834s, health={'adapter': 'sana-wm', 'loading': True, 'pipeline_loaded': False, 'error': None})
[driver 21:31:26] waiting for adapter to load ... (2894s, health={'adapter': 'sana-wm', 'loading': True, 'pipeline_loaded': False, 'error': None})
[driver 21:32:26] waiting for adapter to load ... (2954s, health={'adapter': 'sana-wm', 'loading': True, 'pipeline_loaded': False, 'error': None})
[driver 21:33:26] waiting for adapter to load ... (3014s, health={'adapter': 'sana-wm', 'loading': True, 'pipeline_loaded': False, 'error': None})
[driver 21:34:26] waiting for adapter to load ... (3074s, health={'adapter': 'sana-wm', 'loading': True, 'pipeline_loaded': False, 'error': None})
[driver 21:35:27] waiting for adapter to load ... (3134s, health={'adapter': 'sana-wm', 'loading': True, 'pipeline_loaded': False, 'error': None})
[driver 21:36:27] waiting for adapter to load ... (3195s, health={'adapter': 'sana-wm', 'loading': True, 'pipeline_loaded': False, 'error': None})
[driver 21:37:27] waiting for adapter to load ... (3255s, health={'adapter': 'sana-wm', 'loading': True, 'pipeline_loaded': False, 'error': None})
[driver 21:38:27] waiting for adapter to load ... (3315s, health={'adapter': 'sana-wm', 'loading': True, 'pipeline_loaded': False, 'error': None})
[driver 21:39:27] waiting for adapter to load ... (3375s, health={'adapter': 'sana-wm', 'loading': True, 'pipeline_loaded': False, 'error': None})
[driver 21:40:27] waiting for adapter to load ... (3435s, health={'adapter': 'sana-wm', 'loading': True, 'pipeline_loaded': False, 'error': None})
[driver 21:41:28] waiting for adapter to load ... (3495s, health={'adapter': 'sana-wm', 'loading': True, 'pipeline_loaded': False, 'error': None})
[driver 21:42:28] waiting for adapter to load ... (3555s, health={'adapter': 'sana-wm', 'loading': True, 'pipeline_loaded': False, 'error': None})
[driver 21:43:28] waiting for adapter to load ... (3615s, health={'adapter': 'sana-wm', 'loading': True, 'pipeline_loaded': False, 'error': None})
[driver 21:44:28] waiting for adapter to load ... (3675s, health={'adapter': 'sana-wm', 'loading': True, 'pipeline_loaded': False, 'error': None})
[driver 21:45:28] waiting for adapter to load ... (3735s, health={'adapter': 'sana-wm', 'loading': True, 'pipeline_loaded': False, 'error': None})
[driver 21:46:28] waiting for adapter to load ... (3795s, health={'adapter': 'sana-wm', 'loading': True, 'pipeline_loaded': False, 'error': None})
[driver 21:47:28] waiting for adapter to load ... (3855s, health={'adapter': 'sana-wm', 'loading': True, 'pipeline_loaded': False, 'error': None})
[driver 21:48:28] waiting for adapter to load ... (3915s, health={'adapter': 'sana-wm', 'loading': True, 'pipeline_loaded': False, 'error': None})
[driver 21:49:28] waiting for adapter to load ... (3975s, health={'adapter': 'sana-wm', 'loading': True, 'pipeline_loaded': False, 'error': None})
[driver 21:50:28] waiting for adapter to load ... (4036s, health={'adapter': 'sana-wm', 'loading': True, 'pipeline_loaded': False, 'error': None})
[driver 21:51:28] waiting for adapter to load ... (4096s, health={'adapter': 'sana-wm', 'loading': True, 'pipeline_loaded': False, 'error': None})
[driver 21:52:28] waiting for adapter to load ... (4156s, health={'adapter': 'sana-wm', 'loading': True, 'pipeline_loaded': False, 'error': None})
[driver 21:53:28] waiting for adapter to load ... (4216s, health={'adapter': 'sana-wm', 'loading': True, 'pipeline_loaded': False, 'error': None})
[driver 21:54:28] waiting for adapter to load ... (4276s, health={'adapter': 'sana-wm', 'loading': True, 'pipeline_loaded': False, 'error': None})
[driver 21:55:28] waiting for adapter to load ... (4336s, health={'adapter': 'sana-wm', 'loading': True, 'pipeline_loaded': False, 'error': None})
[driver 21:56:18] adapter 'sana-wm' ready after 4386s
[driver 21:56:18] === session sana_bidirectional_clip05: 108 action(s), expecting 108 segment(s)
[driver 21:56:18] session id 0a421bb8
[driver 21:56:18] queued 108 action(s)
[driver 21:56:18] status: Estimating image intrinsics with Pi3X...
[driver 21:58:57] status: Estimated FOV: H=74.8 deg V=45.7 deg.
[driver 21:58:57] generating: 
[driver 22:00:36] segment 0 done (258s elapsed)
[driver 22:00:36] generating: 
[driver 22:01:12] segment 1 done (293s elapsed)
[driver 22:01:12] generating: 
[driver 22:01:41] segment 2 done (322s elapsed)
[driver 22:01:41] generating: 
[driver 22:02:15] segment 3 done (356s elapsed)
[driver 22:02:15] generating: 
[driver 22:02:56] segment 4 done (398s elapsed)
[driver 22:02:56] generating: 
[driver 22:03:29] segment 5 done (431s elapsed)
[driver 22:03:29] generating: 
[driver 22:03:57] segment 6 done (458s elapsed)
[driver 22:03:57] generating: 
[driver 22:04:34] segment 7 done (496s elapsed)
[driver 22:04:34] generating: 
[driver 22:05:11] segment 8 done (533s elapsed)
[driver 22:05:11] generating: 
[driver 22:05:31] segment 9 done (553s elapsed)
[driver 22:05:31] generating: 
[driver 22:06:04] segment 10 done (585s elapsed)
[driver 22:06:04] generating: 
[driver 22:06:34] segment 11 done (616s elapsed)
[driver 22:06:34] generating: 
[driver 22:06:54] segment 12 done (636s elapsed)
[driver 22:06:54] generating: 
[driver 22:07:24] segment 13 done (666s elapsed)
[driver 22:07:24] generating: 
[driver 22:07:45] segment 14 done (687s elapsed)
[driver 22:07:45] generating: 
[driver 22:08:16] segment 15 done (718s elapsed)
[driver 22:08:16] generating: 
[driver 22:08:47] segment 16 done (748s elapsed)
[driver 22:08:47] generating: 
[driver 22:09:19] segment 17 done (781s elapsed)
[driver 22:09:19] generating: 
[driver 22:09:43] segment 18 done (805s elapsed)
[driver 22:09:43] generating: 
[driver 22:10:16] segment 19 done (837s elapsed)
[driver 22:10:16] generating: 
[driver 22:10:49] segment 20 done (870s elapsed)
[driver 22:10:49] generating: 
[driver 22:11:20] segment 21 done (902s elapsed)
[driver 22:11:20] generating: 
[driver 22:11:44] segment 22 done (925s elapsed)
[driver 22:11:44] generating: 
[driver 22:12:18] segment 23 done (960s elapsed)
[driver 22:12:18] generating: 
[driver 22:12:47] segment 24 done (989s elapsed)
[driver 22:12:47] generating: 
[driver 22:13:23] segment 25 done (1025s elapsed)
[driver 22:13:23] generating: 
[driver 22:13:58] segment 26 done (1059s elapsed)
[driver 22:13:58] generating: 
[driver 22:14:26] segment 27 done (1088s elapsed)
[driver 22:14:26] generating: 
[driver 22:14:56] segment 28 done (1118s elapsed)
[driver 22:14:56] generating: 
[driver 22:15:31] segment 29 done (1152s elapsed)
[driver 22:15:31] generating: 
[driver 22:16:04] segment 30 done (1186s elapsed)
[driver 22:16:04] generating: 
[driver 22:16:30] segment 31 done (1212s elapsed)
[driver 22:16:30] generating: 
[driver 22:17:07] segment 32 done (1249s elapsed)
[driver 22:17:07] generating: 
[driver 22:17:44] segment 33 done (1286s elapsed)
[driver 22:17:44] generating: 
[driver 22:18:11] segment 34 done (1313s elapsed)
[driver 22:18:11] generating: 
[driver 22:18:46] segment 35 done (1348s elapsed)
[driver 22:18:46] generating: 
[driver 22:19:23] segment 36 done (1384s elapsed)
[driver 22:19:23] generating: 
[driver 22:19:52] segment 37 done (1413s elapsed)
[driver 22:19:52] generating: 
[driver 22:20:18] segment 38 done (1439s elapsed)
[driver 22:20:18] generating: 
[driver 22:20:52] segment 39 done (1474s elapsed)
[driver 22:20:52] generating: 
[driver 22:21:22] segment 40 done (1504s elapsed)
[driver 22:21:22] generating: 
[driver 22:21:56] segment 41 done (1538s elapsed)
[driver 22:21:56] generating: 
[driver 22:22:24] segment 42 done (1566s elapsed)
[driver 22:22:24] generating: 
[driver 22:22:53] segment 43 done (1595s elapsed)
[driver 22:22:53] generating: 
[driver 22:23:25] segment 44 done (1627s elapsed)
[driver 22:23:25] generating: 
[driver 22:23:54] segment 45 done (1655s elapsed)
[driver 22:23:54] generating: 
[driver 22:24:27] segment 46 done (1689s elapsed)
[driver 22:24:27] generating: 
[driver 22:24:59] segment 47 done (1721s elapsed)
[driver 22:24:59] generating: 
[driver 22:25:25] segment 48 done (1747s elapsed)
[driver 22:25:25] generating: 
[driver 22:25:57] segment 49 done (1779s elapsed)
[driver 22:25:57] generating: 
[driver 22:26:27] segment 50 done (1809s elapsed)
[driver 22:26:27] generating: 
[driver 22:27:00] segment 51 done (1841s elapsed)
[driver 22:27:00] generating: 
[driver 22:27:35] segment 52 done (1877s elapsed)
[driver 22:27:35] generating: 
[driver 22:28:08] segment 53 done (1909s elapsed)
[driver 22:28:08] generating: 
[driver 22:28:36] segment 54 done (1938s elapsed)
[driver 22:28:36] generating: 
[driver 22:29:09] segment 55 done (1971s elapsed)
[driver 22:29:09] generating: 
[driver 22:29:33] segment 56 done (1995s elapsed)
[driver 22:29:33] generating: 
[driver 22:30:05] segment 57 done (2027s elapsed)
[driver 22:30:05] generating: 
[driver 22:30:34] segment 58 done (2055s elapsed)
[driver 22:30:34] generating: 
[driver 22:31:05] segment 59 done (2086s elapsed)
[driver 22:31:05] generating: 
[driver 22:31:30] segment 60 done (2112s elapsed)
[driver 22:31:30] generating: 
[driver 22:31:58] segment 61 done (2140s elapsed)
[driver 22:31:58] generating: 
[driver 22:32:31] segment 62 done (2173s elapsed)
[driver 22:32:31] generating: 
[driver 22:32:58] segment 63 done (2200s elapsed)
[driver 22:32:58] generating: 
[driver 22:33:20] segment 64 done (2222s elapsed)
[driver 22:33:20] generating: 
[driver 22:33:43] segment 65 done (2245s elapsed)
[driver 22:33:43] generating: 
[driver 22:34:10] segment 66 done (2271s elapsed)
[driver 22:34:10] generating: 
[driver 22:34:47] segment 67 done (2309s elapsed)
[driver 22:34:47] generating: 
[driver 22:35:10] segment 68 done (2331s elapsed)
[driver 22:35:10] generating: 
[driver 22:35:42] segment 69 done (2363s elapsed)
[driver 22:35:42] generating: 
[driver 22:36:14] segment 70 done (2396s elapsed)
[driver 22:36:14] generating: 
[driver 22:36:38] segment 71 done (2419s elapsed)
[driver 22:36:38] generating: 
[driver 22:37:12] segment 72 done (2454s elapsed)
[driver 22:37:12] generating: 
[driver 22:37:39] segment 73 done (2481s elapsed)
[driver 22:37:39] generating: 
[driver 22:38:06] segment 74 done (2508s elapsed)
[driver 22:38:06] generating: 
[driver 22:38:39] segment 75 done (2541s elapsed)
[driver 22:38:39] generating: 
[driver 22:39:02] segment 76 done (2563s elapsed)
[driver 22:39:02] generating: 
[driver 22:39:30] segment 77 done (2591s elapsed)
[driver 22:39:30] generating: 
[driver 22:39:56] segment 78 done (2617s elapsed)
[driver 22:39:56] generating: 
[driver 22:40:20] segment 79 done (2641s elapsed)
[driver 22:40:20] generating: 
[driver 22:40:46] segment 80 done (2668s elapsed)
[driver 22:40:46] generating: 
[driver 22:41:08] segment 81 done (2689s elapsed)
[driver 22:41:08] generating: 
[driver 22:41:37] segment 82 done (2719s elapsed)
[driver 22:41:37] generating: 
[driver 22:42:07] segment 83 done (2748s elapsed)
[driver 22:42:07] generating: 
[driver 22:42:31] segment 84 done (2772s elapsed)
[driver 22:42:31] generating: 
[driver 22:43:02] segment 85 done (2803s elapsed)
[driver 22:43:02] generating: 
[driver 22:43:32] segment 86 done (2833s elapsed)
[driver 22:43:32] generating: 
[driver 22:43:57] segment 87 done (2859s elapsed)
[driver 22:43:57] generating: 
[driver 22:44:18] segment 88 done (2880s elapsed)
[driver 22:44:18] generating: 
[driver 22:44:38] segment 89 done (2899s elapsed)
[driver 22:44:38] generating: 
[driver 22:45:02] segment 90 done (2923s elapsed)
[driver 22:45:02] generating: 
[driver 22:45:27] segment 91 done (2949s elapsed)
[driver 22:45:27] generating: 
[driver 22:45:53] segment 92 done (2975s elapsed)
[driver 22:45:53] generating: 
[driver 22:46:20] segment 93 done (3002s elapsed)
[driver 22:46:20] generating: 
[driver 22:46:49] segment 94 done (3031s elapsed)
[driver 22:46:49] generating: 
[driver 22:47:22] segment 95 done (3064s elapsed)
[driver 22:47:22] generating: 
[driver 22:48:00] segment 96 done (3102s elapsed)
[driver 22:48:00] generating: 
[driver 22:48:34] segment 97 done (3136s elapsed)
[driver 22:48:34] generating: 
[driver 22:49:04] segment 98 done (3165s elapsed)
[driver 22:49:04] generating: 
[driver 22:49:30] segment 99 done (3192s elapsed)
[driver 22:49:30] generating: 
[driver 22:50:04] segment 100 done (3225s elapsed)
[driver 22:50:04] generating: 
[driver 22:50:40] segment 101 done (3261s elapsed)
[driver 22:50:40] generating: 
[driver 22:51:14] segment 102 done (3295s elapsed)
[driver 22:51:14] generating: 
[driver 22:51:42] segment 103 done (3324s elapsed)
[driver 22:51:42] generating: 
[driver 22:52:03] segment 104 done (3345s elapsed)
[driver 22:52:03] generating: 
[driver 22:52:28] segment 105 done (3370s elapsed)
[driver 22:52:28] generating: 
[driver 22:52:53] segment 106 done (3394s elapsed)
[driver 22:52:53] generating: 
[driver 22:53:14] segment 107 done (3415s elapsed)
[driver 22:53:19] saved /mnt/nfs/home/yumingl/workspace/PI/WM/baselines/demo_sample29_outputs/videos/sana_bidirectional_clip05.mp4 (from sana_wm_refiner_on_0a421bb8.mp4, 20.1 MB)
